<?xml version="1.0" encoding="utf-8"?><testsuites><testsuite name="pytest" errors="0" failures="1" skipped="1" tests="3" time="0.222" timestamp="2026-09-07T18:47:01.060312" hostname="Alienware"><testcase classname="rse_nonparametric_filters.test.test_copyright" name="test_copyright" time="0.000"><skipped type="pytest.skip" message="No copyright header has been placed in the generated source file.">/home/jjy/ros2_ws/src/rse_prob_robotics/rse_nonparametric_filters/test/test_copyright.py:20: No copyright header has been placed in the generated source file.</skipped></testcase><testcase classname="rse_nonparametric_filters.test.test_flake8" name="test_flake8" time="0.121"><failure message="AssertionError: Found 297 code style errors / warnings:&#10;  ./rse_nonparametric_filters/pf_8d_state_estimation_no_cmd.py:6:100: E501 line too long (109 &gt; 99 characters)&#10;  ./rse_nonparametric_filters/pf_8d_state_estimation_no_cmd.py:7:1: F401 'rse_observation_models.odometry_imu_observation_models.odometry_imu_observation_model_particles_2' imported but unused&#10;  ./rse_nonparametric_filters/pf_8d_state_estimation_no_cmd.py:7:100: E501 line too long (109 &gt; 99 characters)&#10;  ./rse_nonparametric_filters/pf_8d_state_estimation_no_cmd.py:17:18: W291 trailing whitespace&#10;  ./rse_nonparametric_filters/pf_8d_state_estimation_no_cmd.py:19:63: E261 at least two spaces before inline comment&#10;  ./rse_nonparametric_filters/pf_8d_state_estimation_no_cmd.py:19:100: E501 line too long (101 &gt; 99 characters)&#10;  ./rse_nonparametric_filters/pf_8d_state_estimation_no_cmd.py:20:61: E261 at least two spaces before inline comment&#10;  ./rse_nonparametric_filters/pf_8d_state_estimation_no_cmd.py:20:62: E262 inline comment should start with '# '&#10;  ./rse_nonparametric_filters/pf_8d_state_estimation_no_cmd.py:23:10: E221 multiple spaces before operator&#10;  ./rse_nonparametric_filters/pf_8d_state_estimation_no_cmd.py:24:10: E221 multiple spaces before operator&#10;  ./rse_nonparametric_filters/pf_8d_state_estimation_no_cmd.py:29:13: E222 multiple spaces after operator&#10;  ./rse_nonparametric_filters/pf_8d_state_estimation_no_cmd.py:30:13: E222 multiple spaces after operator&#10;  ./rse_nonparametric_filters/pf_8d_state_estimation_no_cmd.py:31:10: E221 multiple spaces before operator&#10;  ./rse_nonparametric_filters/pf_8d_state_estimation_no_cmd.py:34:10: E221 multiple spaces before operator&#10;  ./rse_nonparametric_filters/pf_8d_state_estimation_no_cmd.py:42:29: E261 at least two spaces before inline comment&#10;  ./rse_nonparametric_filters/pf_8d_state_estimation_no_cmd.py:42:30: E262 inline comment should start with '# '&#10;  ./rse_nonparametric_filters/pf_8d_state_estimation_no_cmd.py:42:38: W291 trailing whitespace&#10;  ./rse_nonparametric_filters/pf_8d_state_estimation_no_cmd.py:43:32: E127 continuation line over-indented for visual indent&#10;  ./rse_nonparametric_filters/pf_8d_state_estimation_no_cmd.py:44:32: E127 continuation line over-indented for visual indent&#10;  ./rse_nonparametric_filters/pf_8d_state_estimation_no_cmd.py:45:32: E127 continuation line over-indented for visual indent&#10;  ./rse_nonparametric_filters/pf_8d_state_estimation_no_cmd.py:46:32: E127 continuation line over-indented for visual indent&#10;  ./rse_nonparametric_filters/pf_8d_state_estimation_no_cmd.py:47:32: E127 continuation line over-indented for visual indent&#10;  ./rse_nonparametric_filters/pf_8d_state_estimation_no_cmd.py:47:46: E251 unexpected spaces around keyword / parameter equals&#10;  ./rse_nonparametric_filters/pf_8d_state_estimation_no_cmd.py:47:48: E251 unexpected spaces around keyword / parameter equals&#10;  ./rse_nonparametric_filters/pf_8d_state_estimation_no_cmd.py:48:32: E127 continuation line over-indented for visual indent&#10;  ./rse_nonparametric_filters/pf_8d_state_estimation_no_cmd.py:48:45: E251 unexpected spaces around keyword / parameter equals&#10;  ./rse_nonparametric_filters/pf_8d_state_estimation_no_cmd.py:48:47: E251 unexpected spaces around keyword / parameter equals&#10;  ./rse_nonparametric_filters/pf_8d_state_estimation_no_cmd.py:49:32: E127 continuation line over-indented for visual indent&#10;  ./rse_nonparametric_filters/pf_3d_state_estimation_no_cmd.py:16:18: W291 trailing whitespace&#10;  ./rse_nonparametric_filters/pf_3d_state_estimation_no_cmd.py:18:43: W291 trailing whitespace&#10;  ./rse_nonparametric_filters/pf_3d_state_estimation_no_cmd.py:22:29: E261 at least two spaces before inline comment&#10;  ./rse_nonparametric_filters/pf_3d_state_estimation_no_cmd.py:22:30: E262 inline comment should start with '# '&#10;  ./rse_nonparametric_filters/pf_3d_state_estimation_no_cmd.py:22:38: W291 trailing whitespace&#10;  ./rse_nonparametric_filters/pf_3d_state_estimation_no_cmd.py:23:32: E127 continuation line over-indented for visual indent&#10;  ./rse_nonparametric_filters/pf_3d_state_estimation_no_cmd.py:24:32: E127 continuation line over-indented for visual indent&#10;  ./rse_nonparametric_filters/pf_3d_state_estimation_no_cmd.py:25:32: E127 continuation line over-indented for visual indent&#10;  ./rse_nonparametric_filters/pf_3d_state_estimation_no_cmd.py:26:32: E127 continuation line over-indented for visual indent&#10;  ./rse_nonparametric_filters/pf_3d_state_estimation_no_cmd.py:27:32: E127 continuation line over-indented for visual indent&#10;  ./rse_nonparametric_filters/pf_3d_state_estimation_no_cmd.py:27:46: E251 unexpected spaces around keyword / parameter equals&#10;  ./rse_nonparametric_filters/pf_3d_state_estimation_no_cmd.py:27:48: E251 unexpected spaces around keyword / parameter equals&#10;  ./rse_nonparametric_filters/pf_3d_state_estimation_no_cmd.py:28:32: E127 continuation line over-indented for visual indent&#10;  ./rse_nonparametric_filters/pf_3d_state_estimation_no_cmd.py:28:45: E251 unexpected spaces around keyword / parameter equals&#10;  ./rse_nonparametric_filters/pf_3d_state_estimation_no_cmd.py:28:47: E251 unexpected spaces around keyword / parameter equals&#10;  ./rse_nonparametric_filters/pf_3d_state_estimation_no_cmd.py:29:32: E127 continuation line over-indented for visual indent&#10;  ./rse_nonparametric_filters/pf_node.py:8:100: E501 line too long (119 &gt; 99 characters)&#10;  ./rse_nonparametric_filters/pf_node.py:12:1: F401 '.filters.pf.ParticleFilter' imported but unused&#10;  ./rse_nonparametric_filters/pf_node.py:14:1: E302 expected 2 blank lines, found 1&#10;  ./rse_nonparametric_filters/pf_node.py:37:1: W293 blank line contains whitespace&#10;  ./rse_nonparametric_filters/pf_node.py:51:47: W291 trailing whitespace&#10;  ./rse_nonparametric_filters/pf_node.py:61:34: W291 trailing whitespace&#10;  ./rse_nonparametric_filters/pf_node.py:75:20: E221 multiple spaces before operator&#10;  ./rse_nonparametric_filters/pf_node.py:79:100: E501 line too long (107 &gt; 99 characters)&#10;  ./rse_nonparametric_filters/pf_node.py:81:100: E501 line too long (100 &gt; 99 characters)&#10;  ./rse_nonparametric_filters/pf_node.py:87:47: W291 trailing whitespace&#10;  ./rse_nonparametric_filters/pf_node.py:93:56: W291 trailing whitespace&#10;  ./rse_nonparametric_filters/pf_node.py:109:1: W293 blank line contains whitespace&#10;  ./rse_nonparametric_filters/pf_node.py:117:1: W293 blank line contains whitespace&#10;  ./rse_nonparametric_filters/pf_node.py:119:1: W293 blank line contains whitespace&#10;  ./rse_nonparametric_filters/pf_node.py:150:47: W291 trailing whitespace&#10;  ./rse_nonparametric_filters/pf_node.py:156:100: E501 line too long (101 &gt; 99 characters)&#10;  ./rse_nonparametric_filters/pf_node.py:185:100: E501 line too long (183 &gt; 99 characters)&#10;  ./rse_nonparametric_filters/pf_node.py:185:184: W292 no newline at end of file&#10;  ./rse_nonparametric_filters/filters/pf.py:6:1: F401 'rse_observation_models.odometry_imu_observation_models.odometry_imu_observation_model_particles_1' imported but unused&#10;  ./rse_nonparametric_filters/filters/pf.py:6:100: E501 line too long (109 &gt; 99 characters)&#10;  ./rse_nonparametric_filters/filters/pf.py:7:1: F401 'rse_observation_models.odometry_imu_observation_models.odometry_imu_observation_model_particles_2' imported but unused&#10;  ./rse_nonparametric_filters/filters/pf.py:7:100: E501 line too long (109 &gt; 99 characters)&#10;  ./rse_nonparametric_filters/filters/pf.py:14:1: W191 indentation contains tabs&#10;  ./rse_nonparametric_filters/filters/pf.py:14:100: E501 line too long (131 &gt; 99 characters)&#10;  ./rse_nonparametric_filters/filters/pf.py:15:1: W191 indentation contains tabs&#10;  ./rse_nonparametric_filters/filters/pf.py:16:1: W191 indentation contains tabs&#10;  ./rse_nonparametric_filters/filters/pf.py:17:1: W191 indentation contains tabs&#10;  ./rse_nonparametric_filters/filters/pf.py:18:1: W191 indentation contains tabs&#10;  ./rse_nonparametric_filters/filters/pf.py:19:1: W191 indentation contains tabs&#10;  ./rse_nonparametric_filters/filters/pf.py:19:1: W293 blank line contains whitespace&#10;  ./rse_nonparametric_filters/filters/pf.py:20:1: W191 indentation contains tabs&#10;  ./rse_nonparametric_filters/filters/pf.py:21:1: W191 indentation contains tabs&#10;  ./rse_nonparametric_filters/filters/pf.py:22:1: W191 indentation contains tabs&#10;  ./rse_nonparametric_filters/filters/pf.py:23:1: W191 indentation contains tabs&#10;  ./rse_nonparametric_filters/filters/pf.py:23:100: E501 line too long (101 &gt; 99 characters)&#10;  ./rse_nonparametric_filters/filters/pf.py:24:1: W191 indentation contains tabs&#10;  ./rse_nonparametric_filters/filters/pf.py:25:1: W191 indentation contains tabs&#10;  ./rse_nonparametric_filters/filters/pf.py:25:100: E501 line too long (125 &gt; 99 characters)&#10;  ./rse_nonparametric_filters/filters/pf.py:26:1: W191 indentation contains tabs&#10;  ./rse_nonparametric_filters/filters/pf.py:28:1: W191 indentation contains tabs&#10;  ./rse_nonparametric_filters/filters/pf.py:28:26: E261 at least two spaces before inline comment&#10;  ./rse_nonparametric_filters/filters/pf.py:29:1: W191 indentation contains tabs&#10;  ./rse_nonparametric_filters/filters/pf.py:29:1: W293 blank line contains whitespace&#10;  ./rse_nonparametric_filters/filters/pf.py:30:1: W191 indentation contains tabs&#10;  ./rse_nonparametric_filters/filters/pf.py:30:31: E261 at least two spaces before inline comment&#10;  ./rse_nonparametric_filters/filters/pf.py:31:1: W191 indentation contains tabs&#10;  ./rse_nonparametric_filters/filters/pf.py:31:1: W293 blank line contains whitespace&#10;  ./rse_nonparametric_filters/filters/pf.py:32:1: W191 indentation contains tabs&#10;  ./rse_nonparametric_filters/filters/pf.py:33:1: W191 indentation contains tabs&#10;  ./rse_nonparametric_filters/filters/pf.py:34:1: W191 indentation contains tabs&#10;  ./rse_nonparametric_filters/filters/pf.py:34:1: W293 blank line contains whitespace&#10;  ./rse_nonparametric_filters/filters/pf.py:35:1: W191 indentation contains tabs&#10;  ./rse_nonparametric_filters/filters/pf.py:36:1: W191 indentation contains tabs&#10;  ./rse_nonparametric_filters/filters/pf.py:37:1: W191 indentation contains tabs&#10;  ./rse_nonparametric_filters/filters/pf.py:37:1: W293 blank line contains whitespace&#10;  ./rse_nonparametric_filters/filters/pf.py:38:1: W191 indentation contains tabs&#10;  ./rse_nonparametric_filters/filters/pf.py:39:1: W191 indentation contains tabs&#10;  ./rse_nonparametric_filters/filters/pf.py:40:1: W191 indentation contains tabs&#10;  ./rse_nonparametric_filters/filters/pf.py:41:1: W191 indentation contains tabs&#10;  ./rse_nonparametric_filters/filters/pf.py:42:1: W191 indentation contains tabs&#10;  ./rse_nonparametric_filters/filters/pf.py:43:1: W191 indentation contains tabs&#10;  ./rse_nonparametric_filters/filters/pf.py:44:1: W191 indentation contains tabs&#10;  ./rse_nonparametric_filters/filters/pf.py:45:1: W191 indentation contains tabs&#10;  ./rse_nonparametric_filters/filters/pf.py:46:1: W191 indentation contains tabs&#10;  ./rse_nonparametric_filters/filters/pf.py:47:1: W191 indentation contains tabs&#10;  ./rse_nonparametric_filters/filters/pf.py:48:1: W191 indentation contains tabs&#10;  ./rse_nonparametric_filters/filters/pf.py:49:1: W191 indentation contains tabs&#10;  ./rse_nonparametric_filters/filters/pf.py:49:1: W293 blank line contains whitespace&#10;  ./rse_nonparametric_filters/filters/pf.py:50:1: W191 indentation contains tabs&#10;  ./rse_nonparametric_filters/filters/pf.py:51:1: W191 indentation contains tabs&#10;  ./rse_nonparametric_filters/filters/pf.py:53:1: W191 indentation contains tabs&#10;  ./rse_nonparametric_filters/filters/pf.py:54:1: W191 indentation contains tabs&#10;  ./rse_nonparametric_filters/filters/pf.py:55:1: W191 indentation contains tabs&#10;  ./rse_nonparametric_filters/filters/pf.py:55:1: W293 blank line contains whitespace&#10;  ./rse_nonparametric_filters/filters/pf.py:56:1: W191 indentation contains tabs&#10;  ./rse_nonparametric_filters/filters/pf.py:58:1: W191 indentation contains tabs&#10;  ./rse_nonparametric_filters/filters/pf.py:60:1: W191 indentation contains tabs&#10;  ./rse_nonparametric_filters/filters/pf.py:61:1: W191 indentation contains tabs&#10;  ./rse_nonparametric_filters/filters/pf.py:62:1: W191 indentation contains tabs&#10;  ./rse_nonparametric_filters/filters/pf.py:63:1: W191 indentation contains tabs&#10;  ./rse_nonparametric_filters/filters/pf.py:65:1: W191 indentation contains tabs&#10;  ./rse_nonparametric_filters/filters/pf.py:67:1: W191 indentation contains tabs&#10;  ./rse_nonparametric_filters/filters/pf.py:69:1: W191 indentation contains tabs&#10;  ./rse_nonparametric_filters/filters/pf.py:70:1: W191 indentation contains tabs&#10;  ./rse_nonparametric_filters/filters/pf.py:72:1: W191 indentation contains tabs&#10;  ./rse_nonparametric_filters/filters/pf.py:73:1: W191 indentation contains tabs&#10;  ./rse_nonparametric_filters/filters/pf.py:75:1: W191 indentation contains tabs&#10;  ./rse_nonparametric_filters/filters/pf.py:76:1: W191 indentation contains tabs&#10;  ./rse_nonparametric_filters/filters/pf.py:78:1: W191 indentation contains tabs&#10;  ./rse_nonparametric_filters/filters/pf.py:79:1: W191 indentation contains tabs&#10;  ./rse_nonparametric_filters/filters/pf.py:80:1: W191 indentation contains tabs&#10;  ./rse_nonparametric_filters/filters/pf.py:80:36: E261 at least two spaces before inline comment&#10;  ./rse_nonparametric_filters/filters/pf.py:82:1: W191 indentation contains tabs&#10;  ./rse_nonparametric_filters/filters/pf.py:83:1: W191 indentation contains tabs&#10;  ./rse_nonparametric_filters/filters/pf.py:84:1: W191 indentation contains tabs&#10;  ./rse_nonparametric_filters/filters/pf.py:85:1: W191 indentation contains tabs&#10;  ./rse_nonparametric_filters/filters/pf.py:86:1: W191 indentation contains tabs&#10;  ./rse_nonparametric_filters/filters/pf.py:87:1: W191 indentation contains tabs&#10;  ./rse_nonparametric_filters/filters/pf.py:88:1: W191 indentation contains tabs&#10;  ./rse_nonparametric_filters/filters/pf.py:89:1: W191 indentation contains tabs&#10;  ./rse_nonparametric_filters/filters/pf.py:90:1: W191 indentation contains tabs&#10;  ./rse_nonparametric_filters/filters/pf.py:91:1: W191 indentation contains tabs&#10;  ./rse_nonparametric_filters/filters/pf.py:93:1: W191 indentation contains tabs&#10;  ./rse_nonparametric_filters/filters/pf.py:94:1: W191 indentation contains tabs&#10;  ./rse_nonparametric_filters/filters/pf.py:94:1: W293 blank line contains whitespace&#10;  ./rse_nonparametric_filters/filters/pf.py:95:1: W191 indentation contains tabs&#10;  ./rse_nonparametric_filters/filters/pf.py:96:1: W191 indentation contains tabs&#10;  ./rse_nonparametric_filters/filters/pf.py:97:1: W191 indentation contains tabs&#10;  ./rse_nonparametric_filters/filters/pf.py:98:1: W191 indentation contains tabs&#10;  ./rse_nonparametric_filters/filters/pf.py:100:1: W191 indentation contains tabs&#10;  ./rse_nonparametric_filters/filters/pf.py:102:1: W191 indentation contains tabs&#10;  ./rse_nonparametric_filters/filters/pf.py:103:1: W191 indentation contains tabs&#10;  ./rse_nonparametric_filters/filters/pf.py:103:1: W293 blank line contains whitespace&#10;  ./rse_nonparametric_filters/filters/pf.py:104:1: W191 indentation contains tabs&#10;  ./rse_nonparametric_filters/filters/pf.py:105:1: W191 indentation contains tabs&#10;  ./rse_nonparametric_filters/filters/pf.py:106:1: W191 indentation contains tabs&#10;  ./rse_nonparametric_filters/filters/pf.py:108:1: W191 indentation contains tabs&#10;  ./rse_nonparametric_filters/filters/pf.py:109:1: W191 indentation contains tabs&#10;  ./rse_nonparametric_filters/filters/pf.py:110:1: W191 indentation contains tabs&#10;  ./rse_nonparametric_filters/filters/pf.py:111:1: W191 indentation contains tabs&#10;  ./rse_nonparametric_filters/filters/pf.py:112:1: W191 indentation contains tabs&#10;  ./rse_nonparametric_filters/filters/pf.py:114:1: W191 indentation contains tabs&#10;  ./rse_nonparametric_filters/filters/pf.py:115:1: W191 indentation contains tabs&#10;  ./rse_nonparametric_filters/filters/pf.py:116:1: W191 indentation contains tabs&#10;  ./rse_nonparametric_filters/filters/pf.py:117:1: W191 indentation contains tabs&#10;  ./rse_nonparametric_filters/filters/pf.py:119:1: W191 indentation contains tabs&#10;  ./rse_nonparametric_filters/filters/pf.py:120:1: W191 indentation contains tabs&#10;  ./rse_nonparametric_filters/filters/pf.py:121:1: W191 indentation contains tabs&#10;  ./rse_nonparametric_filters/filters/pf.py:121:1: W293 blank line contains whitespace&#10;  ./rse_nonparametric_filters/filters/pf.py:122:1: W191 indentation contains tabs&#10;  ./rse_nonparametric_filters/filters/pf.py:123:1: W191 indentation contains tabs&#10;  ./rse_nonparametric_filters/filters/pf.py:123:1: W293 blank line contains whitespace&#10;  ./rse_nonparametric_filters/filters/pf.py:124:1: W191 indentation contains tabs&#10;  ./rse_nonparametric_filters/filters/pf.py:125:1: W191 indentation contains tabs&#10;  ./rse_nonparametric_filters/filters/pf.py:126:1: W191 indentation contains tabs&#10;  ./rse_nonparametric_filters/filters/pf.py:127:1: W191 indentation contains tabs&#10;  ./rse_nonparametric_filters/filters/pf.py:127:1: W293 blank line contains whitespace&#10;  ./rse_nonparametric_filters/filters/pf.py:128:1: W191 indentation contains tabs&#10;  ./rse_nonparametric_filters/filters/pf.py:129:1: W191 indentation contains tabs&#10;  ./rse_nonparametric_filters/filters/pf.py:130:1: W191 indentation contains tabs&#10;  ./rse_nonparametric_filters/filters/pf.py:131:1: W191 indentation contains tabs&#10;  ./rse_nonparametric_filters/filters/pf.py:131:73: W291 trailing whitespace&#10;  ./rse_nonparametric_filters/filters/pf.py:132:1: W191 indentation contains tabs&#10;  ./rse_nonparametric_filters/filters/pf.py:132:1: W293 blank line contains whitespace&#10;  ./rse_nonparametric_filters/filters/pf.py:133:1: W191 indentation contains tabs&#10;  ./rse_nonparametric_filters/filters/pf.py:134:1: W191 indentation contains tabs&#10;  ./rse_nonparametric_filters/filters/pf.py:135:1: W191 indentation contains tabs&#10;  ./rse_nonparametric_filters/filters/pf.py:137:1: W191 indentation contains tabs&#10;  ./rse_nonparametric_filters/filters/pf.py:138:1: W191 indentation contains tabs&#10;  ./rse_nonparametric_filters/filters/pf.py:139:1: W191 indentation contains tabs&#10;  ./rse_nonparametric_filters/filters/pf.py:140:1: W191 indentation contains tabs&#10;  ./rse_nonparametric_filters/filters/pf.py:141:1: W191 indentation contains tabs&#10;  ./rse_nonparametric_filters/filters/pf.py:141:34: E261 at least two spaces before inline comment&#10;  ./rse_nonparametric_filters/filters/pf.py:142:1: W191 indentation contains tabs&#10;  ./rse_nonparametric_filters/filters/pf.py:143:1: W191 indentation contains tabs&#10;  ./rse_nonparametric_filters/filters/pf.py:145:1: W191 indentation contains tabs&#10;  ./rse_nonparametric_filters/filters/pf.py:146:1: W191 indentation contains tabs&#10;  ./rse_nonparametric_filters/filters/pf.py:147:1: W191 indentation contains tabs&#10;  ./rse_nonparametric_filters/filters/pf.py:148:1: W191 indentation contains tabs&#10;  ./rse_nonparametric_filters/filters/pf.py:149:1: W191 indentation contains tabs&#10;  ./rse_nonparametric_filters/filters/pf.py:149:26: E261 at least two spaces before inline comment&#10;  ./rse_nonparametric_filters/filters/pf.py:150:1: W191 indentation contains tabs&#10;  ./rse_nonparametric_filters/filters/pf.py:152:1: W191 indentation contains tabs&#10;  ./rse_nonparametric_filters/filters/pf.py:153:1: W191 indentation contains tabs&#10;  ./rse_nonparametric_filters/filters/pf.py:153:1: W293 blank line contains whitespace&#10;  ./rse_nonparametric_filters/filters/pf.py:154:1: W191 indentation contains tabs&#10;  ./rse_nonparametric_filters/filters/pf.py:155:1: W191 indentation contains tabs&#10;  ./rse_nonparametric_filters/filters/pf.py:156:1: W191 indentation contains tabs&#10;  ./rse_nonparametric_filters/filters/pf.py:157:1: W191 indentation contains tabs&#10;  ./rse_nonparametric_filters/filters/pf.py:159:1: W191 indentation contains tabs&#10;  ./rse_nonparametric_filters/filters/pf.py:160:1: W191 indentation contains tabs&#10;  ./rse_nonparametric_filters/filters/pf.py:161:1: W191 indentation contains tabs&#10;  ./rse_nonparametric_filters/filters/pf.py:162:1: W191 indentation contains tabs&#10;  ./rse_nonparametric_filters/filters/pf.py:163:1: W191 indentation contains tabs&#10;  ./rse_nonparametric_filters/filters/pf.py:164:1: W191 indentation contains tabs&#10;  ./rse_nonparametric_filters/filters/pf.py:165:1: W191 indentation contains tabs&#10;  ./rse_nonparametric_filters/filters/pf.py:166:1: W191 indentation contains tabs&#10;  ./rse_nonparametric_filters/filters/pf.py:167:1: W191 indentation contains tabs&#10;  ./rse_nonparametric_filters/filters/pf.py:168:1: W191 indentation contains tabs&#10;  ./rse_nonparametric_filters/filters/pf.py:169:1: W191 indentation contains tabs&#10;  ./rse_nonparametric_filters/filters/pf.py:169:1: W293 blank line contains whitespace&#10;  ./rse_nonparametric_filters/filters/pf.py:170:1: W191 indentation contains tabs&#10;  ./rse_nonparametric_filters/filters/pf.py:171:1: W191 indentation contains tabs&#10;  ./rse_nonparametric_filters/filters/pf.py:173:1: W191 indentation contains tabs&#10;  ./rse_nonparametric_filters/filters/pf.py:173:42: W291 trailing whitespace&#10;  ./rse_nonparametric_filters/filters/pf.py:174:1: W191 indentation contains tabs&#10;  ./rse_nonparametric_filters/filters/pf.py:175:1: W191 indentation contains tabs&#10;  ./rse_nonparametric_filters/filters/pf.py:177:1: W191 indentation contains tabs&#10;  ./rse_nonparametric_filters/filters/pf.py:178:1: W191 indentation contains tabs&#10;  ./rse_nonparametric_filters/filters/pf.py:179:1: W191 indentation contains tabs&#10;  ./rse_nonparametric_filters/filters/pf.py:180:1: W191 indentation contains tabs&#10;  ./rse_nonparametric_filters/filters/pf.py:181:1: W191 indentation contains tabs&#10;  ./rse_nonparametric_filters/filters/pf.py:182:1: W191 indentation contains tabs&#10;  ./rse_nonparametric_filters/filters/pf.py:183:1: W191 indentation contains tabs&#10;  ./rse_nonparametric_filters/filters/pf.py:184:1: W191 indentation contains tabs&#10;  ./rse_nonparametric_filters/filters/pf.py:185:1: W191 indentation contains tabs&#10;  ./rse_nonparametric_filters/filters/pf.py:186:1: W191 indentation contains tabs&#10;  ./rse_nonparametric_filters/filters/pf.py:187:1: W191 indentation contains tabs&#10;  ./rse_nonparametric_filters/filters/pf.py:187:1: W293 blank line contains whitespace&#10;  ./rse_nonparametric_filters/filters/pf.py:188:1: W191 indentation contains tabs&#10;  ./rse_nonparametric_filters/filters/pf.py:189:1: W191 indentation contains tabs&#10;  ./rse_nonparametric_filters/filters/pf.py:190:1: W191 indentation contains tabs&#10;  ./rse_nonparametric_filters/filters/pf.py:191:1: W191 indentation contains tabs&#10;  ./rse_nonparametric_filters/filters/pf.py:191:1: W293 blank line contains whitespace&#10;  ./rse_nonparametric_filters/filters/pf.py:192:1: W191 indentation contains tabs&#10;  ./rse_nonparametric_filters/filters/pf.py:193:1: W191 indentation contains tabs&#10;  ./rse_nonparametric_filters/filters/pf.py:194:1: W191 indentation contains tabs&#10;  ./rse_nonparametric_filters/filters/pf.py:194:100: E501 line too long (130 &gt; 99 characters)&#10;  ./rse_nonparametric_filters/filters/pf.py:196:1: W191 indentation contains tabs&#10;  ./rse_nonparametric_filters/filters/pf.py:197:1: W191 indentation contains tabs&#10;  ./rse_nonparametric_filters/filters/pf.py:199:1: W191 indentation contains tabs&#10;  ./rse_nonparametric_filters/filters/pf.py:200:1: W191 indentation contains tabs&#10;  ./rse_nonparametric_filters/filters/pf.py:201:1: W191 indentation contains tabs&#10;  ./rse_nonparametric_filters/filters/pf.py:203:1: W191 indentation contains tabs&#10;  ./rse_nonparametric_filters/filters/pf.py:204:1: W191 indentation contains tabs&#10;  ./rse_nonparametric_filters/filters/pf.py:205:1: W191 indentation contains tabs&#10;  ./rse_nonparametric_filters/filters/pf.py:206:1: W191 indentation contains tabs&#10;  ./rse_nonparametric_filters/filters/pf.py:207:1: W191 indentation contains tabs&#10;  ./rse_nonparametric_filters/filters/pf.py:209:1: W191 indentation contains tabs&#10;  ./rse_nonparametric_filters/filters/pf.py:210:1: W191 indentation contains tabs&#10;  ./rse_nonparametric_filters/filters/pf.py:211:1: W191 indentation contains tabs&#10;  ./rse_nonparametric_filters/filters/pf.py:212:1: W191 indentation contains tabs&#10;  ./rse_nonparametric_filters/filters/pf.py:213:1: W191 indentation contains tabs&#10;  ./rse_nonparametric_filters/filters/pf.py:214:1: W191 indentation contains tabs&#10;  ./rse_nonparametric_filters/filters/pf.py:215:1: W191 indentation contains tabs&#10;  ./rse_nonparametric_filters/filters/pf.py:216:1: W191 indentation contains tabs&#10;  ./rse_nonparametric_filters/filters/pf.py:218:1: W191 indentation contains tabs&#10;  ./rse_nonparametric_filters/filters/pf.py:220:1: W191 indentation contains tabs&#10;  ./rse_nonparametric_filters/filters/pf.py:221:1: W191 indentation contains tabs&#10;  ./rse_nonparametric_filters/filters/pf.py:222:1: W191 indentation contains tabs&#10;  ./rse_nonparametric_filters/filters/pf.py:223:1: W191 indentation contains tabs&#10;  ./rse_nonparametric_filters/filters/pf.py:225:1: W191 indentation contains tabs&#10;  ./rse_nonparametric_filters/filters/pf.py:226:1: W191 indentation contains tabs&#10;  ./rse_nonparametric_filters/filters/pf.py:227:1: W191 indentation contains tabs&#10;  ./rse_nonparametric_filters/filters/pf.py:229:1: W191 indentation contains tabs&#10;  ./rse_nonparametric_filters/filters/pf.py:230:1: W191 indentation contains tabs&#10;  ./rse_nonparametric_filters/filters/pf.py:232:1: W191 indentation contains tabs&#10;  ./rse_nonparametric_filters/filters/pf.py:233:1: W191 indentation contains tabs&#10;  ./rse_nonparametric_filters/filters/pf.py:234:1: W191 indentation contains tabs&#10;  ./rse_nonparametric_filters/filters/pf.py:236:1: W191 indentation contains tabs&#10;  ./rse_nonparametric_filters/filters/pf.py:237:1: W191 indentation contains tabs&#10;  ./rse_nonparametric_filters/filters/pf.py:238:1: W191 indentation contains tabs&#10;  ./rse_nonparametric_filters/filters/pf.py:239:1: W191 indentation contains tabs&#10;  ./rse_nonparametric_filters/filters/pf.py:241:1: W191 indentation contains tabs&#10;  ./rse_nonparametric_filters/filters/pf.py:242:1: W191 indentation contains tabs&#10;  ./rse_nonparametric_filters/filters/pf.py:243:1: W191 indentation contains tabs&#10;  ./rse_nonparametric_filters/filters/pf.py:244:1: W191 indentation contains tabs&#10;  ./rse_nonparametric_filters/filters/pf.py:245:1: W191 indentation contains tabs&#10;  ./rse_nonparametric_filters/filters/pf.py:246:1: W191 indentation contains tabs&#10;  ./rse_nonparametric_filters/filters/pf.py:247:1: W191 indentation contains tabs&#10;  ./rse_nonparametric_filters/filters/pf.py:248:1: W191 indentation contains tabs&#10;  ./rse_nonparametric_filters/filters/pf.py:250:1: W191 indentation contains tabs&#10;  ./rse_nonparametric_filters/filters/pf.py:250:19: W292 no newline at end of file&#10;assert 1 == 0">test/test_flake8.py:23: in test_flake8
    assert rc == 0, \
E   AssertionError: Found 297 code style errors / warnings:
E     ./rse_nonparametric_filters/pf_8d_state_estimation_no_cmd.py:6:100: E501 line too long (109 &gt; 99 characters)
E     ./rse_nonparametric_filters/pf_8d_state_estimation_no_cmd.py:7:1: F401 'rse_observation_models.odometry_imu_observation_models.odometry_imu_observation_model_particles_2' imported but unused
E     ./rse_nonparametric_filters/pf_8d_state_estimation_no_cmd.py:7:100: E501 line too long (109 &gt; 99 characters)
E     ./rse_nonparametric_filters/pf_8d_state_estimation_no_cmd.py:17:18: W291 trailing whitespace
E     ./rse_nonparametric_filters/pf_8d_state_estimation_no_cmd.py:19:63: E261 at least two spaces before inline comment
E     ./rse_nonparametric_filters/pf_8d_state_estimation_no_cmd.py:19:100: E501 line too long (101 &gt; 99 characters)
E     ./rse_nonparametric_filters/pf_8d_state_estimation_no_cmd.py:20:61: E261 at least two spaces before inline comment
E     ./rse_nonparametric_filters/pf_8d_state_estimation_no_cmd.py:20:62: E262 inline comment should start with '# '
E     ./rse_nonparametric_filters/pf_8d_state_estimation_no_cmd.py:23:10: E221 multiple spaces before operator
E     ./rse_nonparametric_filters/pf_8d_state_estimation_no_cmd.py:24:10: E221 multiple spaces before operator
E     ./rse_nonparametric_filters/pf_8d_state_estimation_no_cmd.py:29:13: E222 multiple spaces after operator
E     ./rse_nonparametric_filters/pf_8d_state_estimation_no_cmd.py:30:13: E222 multiple spaces after operator
E     ./rse_nonparametric_filters/pf_8d_state_estimation_no_cmd.py:31:10: E221 multiple spaces before operator
E     ./rse_nonparametric_filters/pf_8d_state_estimation_no_cmd.py:34:10: E221 multiple spaces before operator
E     ./rse_nonparametric_filters/pf_8d_state_estimation_no_cmd.py:42:29: E261 at least two spaces before inline comment
E     ./rse_nonparametric_filters/pf_8d_state_estimation_no_cmd.py:42:30: E262 inline comment should start with '# '
E     ./rse_nonparametric_filters/pf_8d_state_estimation_no_cmd.py:42:38: W291 trailing whitespace
E     ./rse_nonparametric_filters/pf_8d_state_estimation_no_cmd.py:43:32: E127 continuation line over-indented for visual indent
E     ./rse_nonparametric_filters/pf_8d_state_estimation_no_cmd.py:44:32: E127 continuation line over-indented for visual indent
E     ./rse_nonparametric_filters/pf_8d_state_estimation_no_cmd.py:45:32: E127 continuation line over-indented for visual indent
E     ./rse_nonparametric_filters/pf_8d_state_estimation_no_cmd.py:46:32: E127 continuation line over-indented for visual indent
E     ./rse_nonparametric_filters/pf_8d_state_estimation_no_cmd.py:47:32: E127 continuation line over-indented for visual indent
E     ./rse_nonparametric_filters/pf_8d_state_estimation_no_cmd.py:47:46: E251 unexpected spaces around keyword / parameter equals
E     ./rse_nonparametric_filters/pf_8d_state_estimation_no_cmd.py:47:48: E251 unexpected spaces around keyword / parameter equals
E     ./rse_nonparametric_filters/pf_8d_state_estimation_no_cmd.py:48:32: E127 continuation line over-indented for visual indent
E     ./rse_nonparametric_filters/pf_8d_state_estimation_no_cmd.py:48:45: E251 unexpected spaces around keyword / parameter equals
E     ./rse_nonparametric_filters/pf_8d_state_estimation_no_cmd.py:48:47: E251 unexpected spaces around keyword / parameter equals
E     ./rse_nonparametric_filters/pf_8d_state_estimation_no_cmd.py:49:32: E127 continuation line over-indented for visual indent
E     ./rse_nonparametric_filters/pf_3d_state_estimation_no_cmd.py:16:18: W291 trailing whitespace
E     ./rse_nonparametric_filters/pf_3d_state_estimation_no_cmd.py:18:43: W291 trailing whitespace
E     ./rse_nonparametric_filters/pf_3d_state_estimation_no_cmd.py:22:29: E261 at least two spaces before inline comment
E     ./rse_nonparametric_filters/pf_3d_state_estimation_no_cmd.py:22:30: E262 inline comment should start with '# '
E     ./rse_nonparametric_filters/pf_3d_state_estimation_no_cmd.py:22:38: W291 trailing whitespace
E     ./rse_nonparametric_filters/pf_3d_state_estimation_no_cmd.py:23:32: E127 continuation line over-indented for visual indent
E     ./rse_nonparametric_filters/pf_3d_state_estimation_no_cmd.py:24:32: E127 continuation line over-indented for visual indent
E     ./rse_nonparametric_filters/pf_3d_state_estimation_no_cmd.py:25:32: E127 continuation line over-indented for visual indent
E     ./rse_nonparametric_filters/pf_3d_state_estimation_no_cmd.py:26:32: E127 continuation line over-indented for visual indent
E     ./rse_nonparametric_filters/pf_3d_state_estimation_no_cmd.py:27:32: E127 continuation line over-indented for visual indent
E     ./rse_nonparametric_filters/pf_3d_state_estimation_no_cmd.py:27:46: E251 unexpected spaces around keyword / parameter equals
E     ./rse_nonparametric_filters/pf_3d_state_estimation_no_cmd.py:27:48: E251 unexpected spaces around keyword / parameter equals
E     ./rse_nonparametric_filters/pf_3d_state_estimation_no_cmd.py:28:32: E127 continuation line over-indented for visual indent
E     ./rse_nonparametric_filters/pf_3d_state_estimation_no_cmd.py:28:45: E251 unexpected spaces around keyword / parameter equals
E     ./rse_nonparametric_filters/pf_3d_state_estimation_no_cmd.py:28:47: E251 unexpected spaces around keyword / parameter equals
E     ./rse_nonparametric_filters/pf_3d_state_estimation_no_cmd.py:29:32: E127 continuation line over-indented for visual indent
E     ./rse_nonparametric_filters/pf_node.py:8:100: E501 line too long (119 &gt; 99 characters)
E     ./rse_nonparametric_filters/pf_node.py:12:1: F401 '.filters.pf.ParticleFilter' imported but unused
E     ./rse_nonparametric_filters/pf_node.py:14:1: E302 expected 2 blank lines, found 1
E     ./rse_nonparametric_filters/pf_node.py:37:1: W293 blank line contains whitespace
E     ./rse_nonparametric_filters/pf_node.py:51:47: W291 trailing whitespace
E     ./rse_nonparametric_filters/pf_node.py:61:34: W291 trailing whitespace
E     ./rse_nonparametric_filters/pf_node.py:75:20: E221 multiple spaces before operator
E     ./rse_nonparametric_filters/pf_node.py:79:100: E501 line too long (107 &gt; 99 characters)
E     ./rse_nonparametric_filters/pf_node.py:81:100: E501 line too long (100 &gt; 99 characters)
E     ./rse_nonparametric_filters/pf_node.py:87:47: W291 trailing whitespace
E     ./rse_nonparametric_filters/pf_node.py:93:56: W291 trailing whitespace
E     ./rse_nonparametric_filters/pf_node.py:109:1: W293 blank line contains whitespace
E     ./rse_nonparametric_filters/pf_node.py:117:1: W293 blank line contains whitespace
E     ./rse_nonparametric_filters/pf_node.py:119:1: W293 blank line contains whitespace
E     ./rse_nonparametric_filters/pf_node.py:150:47: W291 trailing whitespace
E     ./rse_nonparametric_filters/pf_node.py:156:100: E501 line too long (101 &gt; 99 characters)
E     ./rse_nonparametric_filters/pf_node.py:185:100: E501 line too long (183 &gt; 99 characters)
E     ./rse_nonparametric_filters/pf_node.py:185:184: W292 no newline at end of file
E     ./rse_nonparametric_filters/filters/pf.py:6:1: F401 'rse_observation_models.odometry_imu_observation_models.odometry_imu_observation_model_particles_1' imported but unused
E     ./rse_nonparametric_filters/filters/pf.py:6:100: E501 line too long (109 &gt; 99 characters)
E     ./rse_nonparametric_filters/filters/pf.py:7:1: F401 'rse_observation_models.odometry_imu_observation_models.odometry_imu_observation_model_particles_2' imported but unused
E     ./rse_nonparametric_filters/filters/pf.py:7:100: E501 line too long (109 &gt; 99 characters)
E     ./rse_nonparametric_filters/filters/pf.py:14:1: W191 indentation contains tabs
E     ./rse_nonparametric_filters/filters/pf.py:14:100: E501 line too long (131 &gt; 99 characters)
E     ./rse_nonparametric_filters/filters/pf.py:15:1: W191 indentation contains tabs
E     ./rse_nonparametric_filters/filters/pf.py:16:1: W191 indentation contains tabs
E     ./rse_nonparametric_filters/filters/pf.py:17:1: W191 indentation contains tabs
E     ./rse_nonparametric_filters/filters/pf.py:18:1: W191 indentation contains tabs
E     ./rse_nonparametric_filters/filters/pf.py:19:1: W191 indentation contains tabs
E     ./rse_nonparametric_filters/filters/pf.py:19:1: W293 blank line contains whitespace
E     ./rse_nonparametric_filters/filters/pf.py:20:1: W191 indentation contains tabs
E     ./rse_nonparametric_filters/filters/pf.py:21:1: W191 indentation contains tabs
E     ./rse_nonparametric_filters/filters/pf.py:22:1: W191 indentation contains tabs
E     ./rse_nonparametric_filters/filters/pf.py:23:1: W191 indentation contains tabs
E     ./rse_nonparametric_filters/filters/pf.py:23:100: E501 line too long (101 &gt; 99 characters)
E     ./rse_nonparametric_filters/filters/pf.py:24:1: W191 indentation contains tabs
E     ./rse_nonparametric_filters/filters/pf.py:25:1: W191 indentation contains tabs
E     ./rse_nonparametric_filters/filters/pf.py:25:100: E501 line too long (125 &gt; 99 characters)
E     ./rse_nonparametric_filters/filters/pf.py:26:1: W191 indentation contains tabs
E     ./rse_nonparametric_filters/filters/pf.py:28:1: W191 indentation contains tabs
E     ./rse_nonparametric_filters/filters/pf.py:28:26: E261 at least two spaces before inline comment
E     ./rse_nonparametric_filters/filters/pf.py:29:1: W191 indentation contains tabs
E     ./rse_nonparametric_filters/filters/pf.py:29:1: W293 blank line contains whitespace
E     ./rse_nonparametric_filters/filters/pf.py:30:1: W191 indentation contains tabs
E     ./rse_nonparametric_filters/filters/pf.py:30:31: E261 at least two spaces before inline comment
E     ./rse_nonparametric_filters/filters/pf.py:31:1: W191 indentation contains tabs
E     ./rse_nonparametric_filters/filters/pf.py:31:1: W293 blank line contains whitespace
E     ./rse_nonparametric_filters/filters/pf.py:32:1: W191 indentation contains tabs
E     ./rse_nonparametric_filters/filters/pf.py:33:1: W191 indentation contains tabs
E     ./rse_nonparametric_filters/filters/pf.py:34:1: W191 indentation contains tabs
E     ./rse_nonparametric_filters/filters/pf.py:34:1: W293 blank line contains whitespace
E     ./rse_nonparametric_filters/filters/pf.py:35:1: W191 indentation contains tabs
E     ./rse_nonparametric_filters/filters/pf.py:36:1: W191 indentation contains tabs
E     ./rse_nonparametric_filters/filters/pf.py:37:1: W191 indentation contains tabs
E     ./rse_nonparametric_filters/filters/pf.py:37:1: W293 blank line contains whitespace
E     ./rse_nonparametric_filters/filters/pf.py:38:1: W191 indentation contains tabs
E     ./rse_nonparametric_filters/filters/pf.py:39:1: W191 indentation contains tabs
E     ./rse_nonparametric_filters/filters/pf.py:40:1: W191 indentation contains tabs
E     ./rse_nonparametric_filters/filters/pf.py:41:1: W191 indentation contains tabs
E     ./rse_nonparametric_filters/filters/pf.py:42:1: W191 indentation contains tabs
E     ./rse_nonparametric_filters/filters/pf.py:43:1: W191 indentation contains tabs
E     ./rse_nonparametric_filters/filters/pf.py:44:1: W191 indentation contains tabs
E     ./rse_nonparametric_filters/filters/pf.py:45:1: W191 indentation contains tabs
E     ./rse_nonparametric_filters/filters/pf.py:46:1: W191 indentation contains tabs
E     ./rse_nonparametric_filters/filters/pf.py:47:1: W191 indentation contains tabs
E     ./rse_nonparametric_filters/filters/pf.py:48:1: W191 indentation contains tabs
E     ./rse_nonparametric_filters/filters/pf.py:49:1: W191 indentation contains tabs
E     ./rse_nonparametric_filters/filters/pf.py:49:1: W293 blank line contains whitespace
E     ./rse_nonparametric_filters/filters/pf.py:50:1: W191 indentation contains tabs
E     ./rse_nonparametric_filters/filters/pf.py:51:1: W191 indentation contains tabs
E     ./rse_nonparametric_filters/filters/pf.py:53:1: W191 indentation contains tabs
E     ./rse_nonparametric_filters/filters/pf.py:54:1: W191 indentation contains tabs
E     ./rse_nonparametric_filters/filters/pf.py:55:1: W191 indentation contains tabs
E     ./rse_nonparametric_filters/filters/pf.py:55:1: W293 blank line contains whitespace
E     ./rse_nonparametric_filters/filters/pf.py:56:1: W191 indentation contains tabs
E     ./rse_nonparametric_filters/filters/pf.py:58:1: W191 indentation contains tabs
E     ./rse_nonparametric_filters/filters/pf.py:60:1: W191 indentation contains tabs
E     ./rse_nonparametric_filters/filters/pf.py:61:1: W191 indentation contains tabs
E     ./rse_nonparametric_filters/filters/pf.py:62:1: W191 indentation contains tabs
E     ./rse_nonparametric_filters/filters/pf.py:63:1: W191 indentation contains tabs
E     ./rse_nonparametric_filters/filters/pf.py:65:1: W191 indentation contains tabs
E     ./rse_nonparametric_filters/filters/pf.py:67:1: W191 indentation contains tabs
E     ./rse_nonparametric_filters/filters/pf.py:69:1: W191 indentation contains tabs
E     ./rse_nonparametric_filters/filters/pf.py:70:1: W191 indentation contains tabs
E     ./rse_nonparametric_filters/filters/pf.py:72:1: W191 indentation contains tabs
E     ./rse_nonparametric_filters/filters/pf.py:73:1: W191 indentation contains tabs
E     ./rse_nonparametric_filters/filters/pf.py:75:1: W191 indentation contains tabs
E     ./rse_nonparametric_filters/filters/pf.py:76:1: W191 indentation contains tabs
E     ./rse_nonparametric_filters/filters/pf.py:78:1: W191 indentation contains tabs
E     ./rse_nonparametric_filters/filters/pf.py:79:1: W191 indentation contains tabs
E     ./rse_nonparametric_filters/filters/pf.py:80:1: W191 indentation contains tabs
E     ./rse_nonparametric_filters/filters/pf.py:80:36: E261 at least two spaces before inline comment
E     ./rse_nonparametric_filters/filters/pf.py:82:1: W191 indentation contains tabs
E     ./rse_nonparametric_filters/filters/pf.py:83:1: W191 indentation contains tabs
E     ./rse_nonparametric_filters/filters/pf.py:84:1: W191 indentation contains tabs
E     ./rse_nonparametric_filters/filters/pf.py:85:1: W191 indentation contains tabs
E     ./rse_nonparametric_filters/filters/pf.py:86:1: W191 indentation contains tabs
E     ./rse_nonparametric_filters/filters/pf.py:87:1: W191 indentation contains tabs
E     ./rse_nonparametric_filters/filters/pf.py:88:1: W191 indentation contains tabs
E     ./rse_nonparametric_filters/filters/pf.py:89:1: W191 indentation contains tabs
E     ./rse_nonparametric_filters/filters/pf.py:90:1: W191 indentation contains tabs
E     ./rse_nonparametric_filters/filters/pf.py:91:1: W191 indentation contains tabs
E     ./rse_nonparametric_filters/filters/pf.py:93:1: W191 indentation contains tabs
E     ./rse_nonparametric_filters/filters/pf.py:94:1: W191 indentation contains tabs
E     ./rse_nonparametric_filters/filters/pf.py:94:1: W293 blank line contains whitespace
E     ./rse_nonparametric_filters/filters/pf.py:95:1: W191 indentation contains tabs
E     ./rse_nonparametric_filters/filters/pf.py:96:1: W191 indentation contains tabs
E     ./rse_nonparametric_filters/filters/pf.py:97:1: W191 indentation contains tabs
E     ./rse_nonparametric_filters/filters/pf.py:98:1: W191 indentation contains tabs
E     ./rse_nonparametric_filters/filters/pf.py:100:1: W191 indentation contains tabs
E     ./rse_nonparametric_filters/filters/pf.py:102:1: W191 indentation contains tabs
E     ./rse_nonparametric_filters/filters/pf.py:103:1: W191 indentation contains tabs
E     ./rse_nonparametric_filters/filters/pf.py:103:1: W293 blank line contains whitespace
E     ./rse_nonparametric_filters/filters/pf.py:104:1: W191 indentation contains tabs
E     ./rse_nonparametric_filters/filters/pf.py:105:1: W191 indentation contains tabs
E     ./rse_nonparametric_filters/filters/pf.py:106:1: W191 indentation contains tabs
E     ./rse_nonparametric_filters/filters/pf.py:108:1: W191 indentation contains tabs
E     ./rse_nonparametric_filters/filters/pf.py:109:1: W191 indentation contains tabs
E     ./rse_nonparametric_filters/filters/pf.py:110:1: W191 indentation contains tabs
E     ./rse_nonparametric_filters/filters/pf.py:111:1: W191 indentation contains tabs
E     ./rse_nonparametric_filters/filters/pf.py:112:1: W191 indentation contains tabs
E     ./rse_nonparametric_filters/filters/pf.py:114:1: W191 indentation contains tabs
E     ./rse_nonparametric_filters/filters/pf.py:115:1: W191 indentation contains tabs
E     ./rse_nonparametric_filters/filters/pf.py:116:1: W191 indentation contains tabs
E     ./rse_nonparametric_filters/filters/pf.py:117:1: W191 indentation contains tabs
E     ./rse_nonparametric_filters/filters/pf.py:119:1: W191 indentation contains tabs
E     ./rse_nonparametric_filters/filters/pf.py:120:1: W191 indentation contains tabs
E     ./rse_nonparametric_filters/filters/pf.py:121:1: W191 indentation contains tabs
E     ./rse_nonparametric_filters/filters/pf.py:121:1: W293 blank line contains whitespace
E     ./rse_nonparametric_filters/filters/pf.py:122:1: W191 indentation contains tabs
E     ./rse_nonparametric_filters/filters/pf.py:123:1: W191 indentation contains tabs
E     ./rse_nonparametric_filters/filters/pf.py:123:1: W293 blank line contains whitespace
E     ./rse_nonparametric_filters/filters/pf.py:124:1: W191 indentation contains tabs
E     ./rse_nonparametric_filters/filters/pf.py:125:1: W191 indentation contains tabs
E     ./rse_nonparametric_filters/filters/pf.py:126:1: W191 indentation contains tabs
E     ./rse_nonparametric_filters/filters/pf.py:127:1: W191 indentation contains tabs
E     ./rse_nonparametric_filters/filters/pf.py:127:1: W293 blank line contains whitespace
E     ./rse_nonparametric_filters/filters/pf.py:128:1: W191 indentation contains tabs
E     ./rse_nonparametric_filters/filters/pf.py:129:1: W191 indentation contains tabs
E     ./rse_nonparametric_filters/filters/pf.py:130:1: W191 indentation contains tabs
E     ./rse_nonparametric_filters/filters/pf.py:131:1: W191 indentation contains tabs
E     ./rse_nonparametric_filters/filters/pf.py:131:73: W291 trailing whitespace
E     ./rse_nonparametric_filters/filters/pf.py:132:1: W191 indentation contains tabs
E     ./rse_nonparametric_filters/filters/pf.py:132:1: W293 blank line contains whitespace
E     ./rse_nonparametric_filters/filters/pf.py:133:1: W191 indentation contains tabs
E     ./rse_nonparametric_filters/filters/pf.py:134:1: W191 indentation contains tabs
E     ./rse_nonparametric_filters/filters/pf.py:135:1: W191 indentation contains tabs
E     ./rse_nonparametric_filters/filters/pf.py:137:1: W191 indentation contains tabs
E     ./rse_nonparametric_filters/filters/pf.py:138:1: W191 indentation contains tabs
E     ./rse_nonparametric_filters/filters/pf.py:139:1: W191 indentation contains tabs
E     ./rse_nonparametric_filters/filters/pf.py:140:1: W191 indentation contains tabs
E     ./rse_nonparametric_filters/filters/pf.py:141:1: W191 indentation contains tabs
E     ./rse_nonparametric_filters/filters/pf.py:141:34: E261 at least two spaces before inline comment
E     ./rse_nonparametric_filters/filters/pf.py:142:1: W191 indentation contains tabs
E     ./rse_nonparametric_filters/filters/pf.py:143:1: W191 indentation contains tabs
E     ./rse_nonparametric_filters/filters/pf.py:145:1: W191 indentation contains tabs
E     ./rse_nonparametric_filters/filters/pf.py:146:1: W191 indentation contains tabs
E     ./rse_nonparametric_filters/filters/pf.py:147:1: W191 indentation contains tabs
E     ./rse_nonparametric_filters/filters/pf.py:148:1: W191 indentation contains tabs
E     ./rse_nonparametric_filters/filters/pf.py:149:1: W191 indentation contains tabs
E     ./rse_nonparametric_filters/filters/pf.py:149:26: E261 at least two spaces before inline comment
E     ./rse_nonparametric_filters/filters/pf.py:150:1: W191 indentation contains tabs
E     ./rse_nonparametric_filters/filters/pf.py:152:1: W191 indentation contains tabs
E     ./rse_nonparametric_filters/filters/pf.py:153:1: W191 indentation contains tabs
E     ./rse_nonparametric_filters/filters/pf.py:153:1: W293 blank line contains whitespace
E     ./rse_nonparametric_filters/filters/pf.py:154:1: W191 indentation contains tabs
E     ./rse_nonparametric_filters/filters/pf.py:155:1: W191 indentation contains tabs
E     ./rse_nonparametric_filters/filters/pf.py:156:1: W191 indentation contains tabs
E     ./rse_nonparametric_filters/filters/pf.py:157:1: W191 indentation contains tabs
E     ./rse_nonparametric_filters/filters/pf.py:159:1: W191 indentation contains tabs
E     ./rse_nonparametric_filters/filters/pf.py:160:1: W191 indentation contains tabs
E     ./rse_nonparametric_filters/filters/pf.py:161:1: W191 indentation contains tabs
E     ./rse_nonparametric_filters/filters/pf.py:162:1: W191 indentation contains tabs
E     ./rse_nonparametric_filters/filters/pf.py:163:1: W191 indentation contains tabs
E     ./rse_nonparametric_filters/filters/pf.py:164:1: W191 indentation contains tabs
E     ./rse_nonparametric_filters/filters/pf.py:165:1: W191 indentation contains tabs
E     ./rse_nonparametric_filters/filters/pf.py:166:1: W191 indentation contains tabs
E     ./rse_nonparametric_filters/filters/pf.py:167:1: W191 indentation contains tabs
E     ./rse_nonparametric_filters/filters/pf.py:168:1: W191 indentation contains tabs
E     ./rse_nonparametric_filters/filters/pf.py:169:1: W191 indentation contains tabs
E     ./rse_nonparametric_filters/filters/pf.py:169:1: W293 blank line contains whitespace
E     ./rse_nonparametric_filters/filters/pf.py:170:1: W191 indentation contains tabs
E     ./rse_nonparametric_filters/filters/pf.py:171:1: W191 indentation contains tabs
E     ./rse_nonparametric_filters/filters/pf.py:173:1: W191 indentation contains tabs
E     ./rse_nonparametric_filters/filters/pf.py:173:42: W291 trailing whitespace
E     ./rse_nonparametric_filters/filters/pf.py:174:1: W191 indentation contains tabs
E     ./rse_nonparametric_filters/filters/pf.py:175:1: W191 indentation contains tabs
E     ./rse_nonparametric_filters/filters/pf.py:177:1: W191 indentation contains tabs
E     ./rse_nonparametric_filters/filters/pf.py:178:1: W191 indentation contains tabs
E     ./rse_nonparametric_filters/filters/pf.py:179:1: W191 indentation contains tabs
E     ./rse_nonparametric_filters/filters/pf.py:180:1: W191 indentation contains tabs
E     ./rse_nonparametric_filters/filters/pf.py:181:1: W191 indentation contains tabs
E     ./rse_nonparametric_filters/filters/pf.py:182:1: W191 indentation contains tabs
E     ./rse_nonparametric_filters/filters/pf.py:183:1: W191 indentation contains tabs
E     ./rse_nonparametric_filters/filters/pf.py:184:1: W191 indentation contains tabs
E     ./rse_nonparametric_filters/filters/pf.py:185:1: W191 indentation contains tabs
E     ./rse_nonparametric_filters/filters/pf.py:186:1: W191 indentation contains tabs
E     ./rse_nonparametric_filters/filters/pf.py:187:1: W191 indentation contains tabs
E     ./rse_nonparametric_filters/filters/pf.py:187:1: W293 blank line contains whitespace
E     ./rse_nonparametric_filters/filters/pf.py:188:1: W191 indentation contains tabs
E     ./rse_nonparametric_filters/filters/pf.py:189:1: W191 indentation contains tabs
E     ./rse_nonparametric_filters/filters/pf.py:190:1: W191 indentation contains tabs
E     ./rse_nonparametric_filters/filters/pf.py:191:1: W191 indentation contains tabs
E     ./rse_nonparametric_filters/filters/pf.py:191:1: W293 blank line contains whitespace
E     ./rse_nonparametric_filters/filters/pf.py:192:1: W191 indentation contains tabs
E     ./rse_nonparametric_filters/filters/pf.py:193:1: W191 indentation contains tabs
E     ./rse_nonparametric_filters/filters/pf.py:194:1: W191 indentation contains tabs
E     ./rse_nonparametric_filters/filters/pf.py:194:100: E501 line too long (130 &gt; 99 characters)
E     ./rse_nonparametric_filters/filters/pf.py:196:1: W191 indentation contains tabs
E     ./rse_nonparametric_filters/filters/pf.py:197:1: W191 indentation contains tabs
E     ./rse_nonparametric_filters/filters/pf.py:199:1: W191 indentation contains tabs
E     ./rse_nonparametric_filters/filters/pf.py:200:1: W191 indentation contains tabs
E     ./rse_nonparametric_filters/filters/pf.py:201:1: W191 indentation contains tabs
E     ./rse_nonparametric_filters/filters/pf.py:203:1: W191 indentation contains tabs
E     ./rse_nonparametric_filters/filters/pf.py:204:1: W191 indentation contains tabs
E     ./rse_nonparametric_filters/filters/pf.py:205:1: W191 indentation contains tabs
E     ./rse_nonparametric_filters/filters/pf.py:206:1: W191 indentation contains tabs
E     ./rse_nonparametric_filters/filters/pf.py:207:1: W191 indentation contains tabs
E     ./rse_nonparametric_filters/filters/pf.py:209:1: W191 indentation contains tabs
E     ./rse_nonparametric_filters/filters/pf.py:210:1: W191 indentation contains tabs
E     ./rse_nonparametric_filters/filters/pf.py:211:1: W191 indentation contains tabs
E     ./rse_nonparametric_filters/filters/pf.py:212:1: W191 indentation contains tabs
E     ./rse_nonparametric_filters/filters/pf.py:213:1: W191 indentation contains tabs
E     ./rse_nonparametric_filters/filters/pf.py:214:1: W191 indentation contains tabs
E     ./rse_nonparametric_filters/filters/pf.py:215:1: W191 indentation contains tabs
E     ./rse_nonparametric_filters/filters/pf.py:216:1: W191 indentation contains tabs
E     ./rse_nonparametric_filters/filters/pf.py:218:1: W191 indentation contains tabs
E     ./rse_nonparametric_filters/filters/pf.py:220:1: W191 indentation contains tabs
E     ./rse_nonparametric_filters/filters/pf.py:221:1: W191 indentation contains tabs
E     ./rse_nonparametric_filters/filters/pf.py:222:1: W191 indentation contains tabs
E     ./rse_nonparametric_filters/filters/pf.py:223:1: W191 indentation contains tabs
E     ./rse_nonparametric_filters/filters/pf.py:225:1: W191 indentation contains tabs
E     ./rse_nonparametric_filters/filters/pf.py:226:1: W191 indentation contains tabs
E     ./rse_nonparametric_filters/filters/pf.py:227:1: W191 indentation contains tabs
E     ./rse_nonparametric_filters/filters/pf.py:229:1: W191 indentation contains tabs
E     ./rse_nonparametric_filters/filters/pf.py:230:1: W191 indentation contains tabs
E     ./rse_nonparametric_filters/filters/pf.py:232:1: W191 indentation contains tabs
E     ./rse_nonparametric_filters/filters/pf.py:233:1: W191 indentation contains tabs
E     ./rse_nonparametric_filters/filters/pf.py:234:1: W191 indentation contains tabs
E     ./rse_nonparametric_filters/filters/pf.py:236:1: W191 indentation contains tabs
E     ./rse_nonparametric_filters/filters/pf.py:237:1: W191 indentation contains tabs
E     ./rse_nonparametric_filters/filters/pf.py:238:1: W191 indentation contains tabs
E     ./rse_nonparametric_filters/filters/pf.py:239:1: W191 indentation contains tabs
E     ./rse_nonparametric_filters/filters/pf.py:241:1: W191 indentation contains tabs
E     ./rse_nonparametric_filters/filters/pf.py:242:1: W191 indentation contains tabs
E     ./rse_nonparametric_filters/filters/pf.py:243:1: W191 indentation contains tabs
E     ./rse_nonparametric_filters/filters/pf.py:244:1: W191 indentation contains tabs
E     ./rse_nonparametric_filters/filters/pf.py:245:1: W191 indentation contains tabs
E     ./rse_nonparametric_filters/filters/pf.py:246:1: W191 indentation contains tabs
E     ./rse_nonparametric_filters/filters/pf.py:247:1: W191 indentation contains tabs
E     ./rse_nonparametric_filters/filters/pf.py:248:1: W191 indentation contains tabs
E     ./rse_nonparametric_filters/filters/pf.py:250:1: W191 indentation contains tabs
E     ./rse_nonparametric_filters/filters/pf.py:250:19: W292 no newline at end of file
E   assert 1 == 0</failure></testcase><testcase classname="rse_nonparametric_filters.test.test_pep257" name="test_pep257" time="0.028" /></testsuite></testsuites>