<?xml version="1.0" encoding="utf-8"?><testsuites><testsuite name="pytest" errors="0" failures="1" skipped="1" tests="3" time="0.210" timestamp="2026-09-08T11:16:20.149688" hostname="Alienware"><testcase classname="rse_gaussian_filters.test.test_copyright" name="test_copyright" time="0.000"><skipped type="pytest.skip" message="No copyright header has been placed in the generated source file.">/home/jjy/ros2_ws/src/rse_prob_robotics/rse_gaussian_filters/test/test_copyright.py:20: No copyright header has been placed in the generated source file.</skipped></testcase><testcase classname="rse_gaussian_filters.test.test_flake8" name="test_flake8" time="0.092"><failure message="AssertionError: Found 815 code style errors / warnings:&#10;  ./setup.py:46:1: W293 blank line contains whitespace&#10;  ./rse_gaussian_filters/ukf_7d_state_estimation_no_cmd.py:11:100: E501 line too long (141 &gt; 99 characters)&#10;  ./rse_gaussian_filters/ukf_7d_state_estimation_no_cmd.py:16:1: E302 expected 2 blank lines, found 1&#10;  ./rse_gaussian_filters/ukf_7d_state_estimation_no_cmd.py:18:1: W293 blank line contains whitespace&#10;  ./rse_gaussian_filters/ukf_7d_state_estimation_no_cmd.py:21:58: E261 at least two spaces before inline comment&#10;  ./rse_gaussian_filters/ukf_7d_state_estimation_no_cmd.py:22:100: E501 line too long (174 &gt; 99 characters)&#10;  ./rse_gaussian_filters/ukf_7d_state_estimation_no_cmd.py:22:136: E261 at least two spaces before inline comment&#10;  ./rse_gaussian_filters/ukf_7d_state_estimation_no_cmd.py:22:137: E262 inline comment should start with '# '&#10;  ./rse_gaussian_filters/ukf_7d_state_estimation_no_cmd.py:23:1: W293 blank line contains whitespace&#10;  ./rse_gaussian_filters/ukf_7d_state_estimation_no_cmd.py:25:53: W291 trailing whitespace&#10;  ./rse_gaussian_filters/ukf_7d_state_estimation_no_cmd.py:27:58: W291 trailing whitespace&#10;  ./rse_gaussian_filters/ukf_7d_state_estimation_no_cmd.py:34:45: W291 trailing whitespace&#10;  ./rse_gaussian_filters/ukf_7d_state_estimation_no_cmd.py:35:17: E128 continuation line under-indented for visual indent&#10;  ./rse_gaussian_filters/ukf_7d_state_estimation_no_cmd.py:35:56: W291 trailing whitespace&#10;  ./rse_gaussian_filters/ukf_7d_state_estimation_no_cmd.py:36:17: E128 continuation line under-indented for visual indent&#10;  ./rse_gaussian_filters/ukf_7d_state_estimation_no_cmd.py:36:92: W291 trailing whitespace&#10;  ./rse_gaussian_filters/ukf_7d_state_estimation_no_cmd.py:37:17: E128 continuation line under-indented for visual indent&#10;  ./rse_gaussian_filters/ukf_7d_state_estimation_no_cmd.py:37:31: E251 unexpected spaces around keyword / parameter equals&#10;  ./rse_gaussian_filters/ukf_7d_state_estimation_no_cmd.py:37:33: E251 unexpected spaces around keyword / parameter equals&#10;  ./rse_gaussian_filters/ukf_7d_state_estimation_no_cmd.py:37:49: W291 trailing whitespace&#10;  ./rse_gaussian_filters/ukf_7d_state_estimation_no_cmd.py:38:17: E128 continuation line under-indented for visual indent&#10;  ./rse_gaussian_filters/ukf_7d_state_estimation_no_cmd.py:38:30: E251 unexpected spaces around keyword / parameter equals&#10;  ./rse_gaussian_filters/ukf_7d_state_estimation_no_cmd.py:38:32: E251 unexpected spaces around keyword / parameter equals&#10;  ./rse_gaussian_filters/ukf_7d_state_estimation_no_cmd.py:39:17: E128 continuation line under-indented for visual indent&#10;  ./rse_gaussian_filters/ukf_7d_state_estimation_no_cmd.py:39:22: E251 unexpected spaces around keyword / parameter equals&#10;  ./rse_gaussian_filters/ukf_7d_state_estimation_no_cmd.py:39:24: E251 unexpected spaces around keyword / parameter equals&#10;  ./rse_gaussian_filters/ukf_7d_state_estimation_no_cmd.py:40:17: E128 continuation line under-indented for visual indent&#10;  ./rse_gaussian_filters/ukf_7d_state_estimation_no_cmd.py:40:21: E251 unexpected spaces around keyword / parameter equals&#10;  ./rse_gaussian_filters/ukf_7d_state_estimation_no_cmd.py:40:23: E251 unexpected spaces around keyword / parameter equals&#10;  ./rse_gaussian_filters/ukf_7d_state_estimation_no_cmd.py:41:17: E128 continuation line under-indented for visual indent&#10;  ./rse_gaussian_filters/ukf_7d_state_estimation_no_cmd.py:41:22: E251 unexpected spaces around keyword / parameter equals&#10;  ./rse_gaussian_filters/ukf_7d_state_estimation_no_cmd.py:41:24: E251 unexpected spaces around keyword / parameter equals&#10;  ./rse_gaussian_filters/ukf_7d_state_estimation_no_cmd.py:42:1: W293 blank line contains whitespace&#10;  ./rse_gaussian_filters/ukf_7d_state_estimation_no_cmd.py:44:5: E303 too many blank lines (2)&#10;  ./rse_gaussian_filters/ukf_7d_state_estimation_no_cmd.py:50:1: E305 expected 2 blank lines after class or function definition, found 1&#10;  ./rse_gaussian_filters/ekf_7d_state_estimation_no_cmd.py:11:100: E501 line too long (141 &gt; 99 characters)&#10;  ./rse_gaussian_filters/ekf_7d_state_estimation_no_cmd.py:22:58: E261 at least two spaces before inline comment&#10;  ./rse_gaussian_filters/ekf_7d_state_estimation_no_cmd.py:23:100: E501 line too long (174 &gt; 99 characters)&#10;  ./rse_gaussian_filters/ekf_7d_state_estimation_no_cmd.py:23:136: E261 at least two spaces before inline comment&#10;  ./rse_gaussian_filters/ekf_7d_state_estimation_no_cmd.py:23:137: E262 inline comment should start with '# '&#10;  ./rse_gaussian_filters/ekf_7d_state_estimation_no_cmd.py:25:44: W291 trailing whitespace&#10;  ./rse_gaussian_filters/ekf_7d_state_estimation_no_cmd.py:27:100: E501 line too long (106 &gt; 99 characters)&#10;  ./rse_gaussian_filters/ekf_7d_state_estimation_no_cmd.py:28:46: E251 unexpected spaces around keyword / parameter equals&#10;  ./rse_gaussian_filters/ekf_7d_state_estimation_no_cmd.py:28:48: E251 unexpected spaces around keyword / parameter equals&#10;  ./rse_gaussian_filters/ekf_7d_state_estimation_no_cmd.py:29:45: E251 unexpected spaces around keyword / parameter equals&#10;  ./rse_gaussian_filters/ekf_7d_state_estimation_no_cmd.py:29:47: E251 unexpected spaces around keyword / parameter equals&#10;  ./rse_gaussian_filters/ekf_7d_state_estimation_no_cmd.py:39:11: W292 no newline at end of file&#10;  ./rse_gaussian_filters/ukf_3d_state_estimation_v2_no_cmd.py:11:100: E501 line too long (100 &gt; 99 characters)&#10;  ./rse_gaussian_filters/ukf_3d_state_estimation_v2_no_cmd.py:17:1: W293 blank line contains whitespace&#10;  ./rse_gaussian_filters/ukf_3d_state_estimation_v2_no_cmd.py:22:45: W291 trailing whitespace&#10;  ./rse_gaussian_filters/ukf_3d_state_estimation_v2_no_cmd.py:25:43: W291 trailing whitespace&#10;  ./rse_gaussian_filters/ukf_3d_state_estimation_v2_no_cmd.py:29:53: W291 trailing whitespace&#10;  ./rse_gaussian_filters/ukf_3d_state_estimation_v2_no_cmd.py:31:58: W291 trailing whitespace&#10;  ./rse_gaussian_filters/ukf_3d_state_estimation_v2_no_cmd.py:38:44: W291 trailing whitespace&#10;  ./rse_gaussian_filters/ukf_3d_state_estimation_v2_no_cmd.py:39:17: E128 continuation line under-indented for visual indent&#10;  ./rse_gaussian_filters/ukf_3d_state_estimation_v2_no_cmd.py:39:52: W291 trailing whitespace&#10;  ./rse_gaussian_filters/ukf_3d_state_estimation_v2_no_cmd.py:40:17: E128 continuation line under-indented for visual indent&#10;  ./rse_gaussian_filters/ukf_3d_state_estimation_v2_no_cmd.py:40:55: W291 trailing whitespace&#10;  ./rse_gaussian_filters/ukf_3d_state_estimation_v2_no_cmd.py:41:17: E128 continuation line under-indented for visual indent&#10;  ./rse_gaussian_filters/ukf_3d_state_estimation_v2_no_cmd.py:41:31: E251 unexpected spaces around keyword / parameter equals&#10;  ./rse_gaussian_filters/ukf_3d_state_estimation_v2_no_cmd.py:41:33: E251 unexpected spaces around keyword / parameter equals&#10;  ./rse_gaussian_filters/ukf_3d_state_estimation_v2_no_cmd.py:41:49: W291 trailing whitespace&#10;  ./rse_gaussian_filters/ukf_3d_state_estimation_v2_no_cmd.py:42:17: E128 continuation line under-indented for visual indent&#10;  ./rse_gaussian_filters/ukf_3d_state_estimation_v2_no_cmd.py:42:30: E251 unexpected spaces around keyword / parameter equals&#10;  ./rse_gaussian_filters/ukf_3d_state_estimation_v2_no_cmd.py:42:32: E251 unexpected spaces around keyword / parameter equals&#10;  ./rse_gaussian_filters/ukf_3d_state_estimation_v2_no_cmd.py:43:17: E128 continuation line under-indented for visual indent&#10;  ./rse_gaussian_filters/ukf_3d_state_estimation_v2_no_cmd.py:43:22: E251 unexpected spaces around keyword / parameter equals&#10;  ./rse_gaussian_filters/ukf_3d_state_estimation_v2_no_cmd.py:43:24: E251 unexpected spaces around keyword / parameter equals&#10;  ./rse_gaussian_filters/ukf_3d_state_estimation_v2_no_cmd.py:44:17: E128 continuation line under-indented for visual indent&#10;  ./rse_gaussian_filters/ukf_3d_state_estimation_v2_no_cmd.py:44:21: E251 unexpected spaces around keyword / parameter equals&#10;  ./rse_gaussian_filters/ukf_3d_state_estimation_v2_no_cmd.py:44:23: E251 unexpected spaces around keyword / parameter equals&#10;  ./rse_gaussian_filters/ukf_3d_state_estimation_v2_no_cmd.py:45:17: E128 continuation line under-indented for visual indent&#10;  ./rse_gaussian_filters/ukf_3d_state_estimation_v2_no_cmd.py:45:22: E251 unexpected spaces around keyword / parameter equals&#10;  ./rse_gaussian_filters/ukf_3d_state_estimation_v2_no_cmd.py:45:24: E251 unexpected spaces around keyword / parameter equals&#10;  ./rse_gaussian_filters/ukf_3d_state_estimation_v2_no_cmd.py:53:1: E305 expected 2 blank lines after class or function definition, found 1&#10;  ./rse_gaussian_filters/einf_3d_state_estimation_v2_no_cmd.py:11:100: E501 line too long (100 &gt; 99 characters)&#10;  ./rse_gaussian_filters/einf_3d_state_estimation_v2_no_cmd.py:17:1: E302 expected 2 blank lines, found 1&#10;  ./rse_gaussian_filters/einf_3d_state_estimation_v2_no_cmd.py:18:1: W191 indentation contains tabs&#10;  ./rse_gaussian_filters/einf_3d_state_estimation_v2_no_cmd.py:19:1: W191 indentation contains tabs&#10;  ./rse_gaussian_filters/einf_3d_state_estimation_v2_no_cmd.py:20:1: W191 indentation contains tabs&#10;  ./rse_gaussian_filters/einf_3d_state_estimation_v2_no_cmd.py:21:1: W191 indentation contains tabs&#10;  ./rse_gaussian_filters/einf_3d_state_estimation_v2_no_cmd.py:21:43: W291 trailing whitespace&#10;  ./rse_gaussian_filters/einf_3d_state_estimation_v2_no_cmd.py:22:1: W191 indentation contains tabs&#10;  ./rse_gaussian_filters/einf_3d_state_estimation_v2_no_cmd.py:23:1: W191 indentation contains tabs&#10;  ./rse_gaussian_filters/einf_3d_state_estimation_v2_no_cmd.py:23:1: W293 blank line contains whitespace&#10;  ./rse_gaussian_filters/einf_3d_state_estimation_v2_no_cmd.py:24:1: W191 indentation contains tabs&#10;  ./rse_gaussian_filters/einf_3d_state_estimation_v2_no_cmd.py:25:1: W191 indentation contains tabs&#10;  ./rse_gaussian_filters/einf_3d_state_estimation_v2_no_cmd.py:25:5: E128 continuation line under-indented for visual indent&#10;  ./rse_gaussian_filters/einf_3d_state_estimation_v2_no_cmd.py:26:1: W191 indentation contains tabs&#10;  ./rse_gaussian_filters/einf_3d_state_estimation_v2_no_cmd.py:26:5: E128 continuation line under-indented for visual indent&#10;  ./rse_gaussian_filters/einf_3d_state_estimation_v2_no_cmd.py:27:1: W191 indentation contains tabs&#10;  ./rse_gaussian_filters/einf_3d_state_estimation_v2_no_cmd.py:27:5: E128 continuation line under-indented for visual indent&#10;  ./rse_gaussian_filters/einf_3d_state_estimation_v2_no_cmd.py:27:19: E251 unexpected spaces around keyword / parameter equals&#10;  ./rse_gaussian_filters/einf_3d_state_estimation_v2_no_cmd.py:27:21: E251 unexpected spaces around keyword / parameter equals&#10;  ./rse_gaussian_filters/einf_3d_state_estimation_v2_no_cmd.py:28:1: W191 indentation contains tabs&#10;  ./rse_gaussian_filters/einf_3d_state_estimation_v2_no_cmd.py:28:5: E128 continuation line under-indented for visual indent&#10;  ./rse_gaussian_filters/einf_3d_state_estimation_v2_no_cmd.py:28:18: E251 unexpected spaces around keyword / parameter equals&#10;  ./rse_gaussian_filters/einf_3d_state_estimation_v2_no_cmd.py:28:20: E251 unexpected spaces around keyword / parameter equals&#10;  ./rse_gaussian_filters/einf_3d_state_estimation_v2_no_cmd.py:30:1: W191 indentation contains tabs&#10;  ./rse_gaussian_filters/einf_3d_state_estimation_v2_no_cmd.py:31:1: W191 indentation contains tabs&#10;  ./rse_gaussian_filters/einf_3d_state_estimation_v2_no_cmd.py:32:1: W191 indentation contains tabs&#10;  ./rse_gaussian_filters/einf_3d_state_estimation_v2_no_cmd.py:33:1: W191 indentation contains tabs&#10;  ./rse_gaussian_filters/einf_3d_state_estimation_v2_no_cmd.py:34:1: W191 indentation contains tabs&#10;  ./rse_gaussian_filters/einf_3d_state_estimation_v2_no_cmd.py:36:1: E305 expected 2 blank lines after class or function definition, found 1&#10;  ./rse_gaussian_filters/einf_3d_state_estimation_v2_no_cmd.py:37:1: W191 indentation contains tabs&#10;  ./rse_gaussian_filters/ekf_3d_state_estimation_v2_no_cmd.py:12:100: E501 line too long (100 &gt; 99 characters)&#10;  ./rse_gaussian_filters/ekf_3d_state_estimation_v2_no_cmd.py:25:44: W291 trailing whitespace&#10;  ./rse_gaussian_filters/ekf_3d_state_estimation_v2_no_cmd.py:28:46: E251 unexpected spaces around keyword / parameter equals&#10;  ./rse_gaussian_filters/ekf_3d_state_estimation_v2_no_cmd.py:28:48: E251 unexpected spaces around keyword / parameter equals&#10;  ./rse_gaussian_filters/ekf_3d_state_estimation_v2_no_cmd.py:29:45: E251 unexpected spaces around keyword / parameter equals&#10;  ./rse_gaussian_filters/ekf_3d_state_estimation_v2_no_cmd.py:29:47: E251 unexpected spaces around keyword / parameter equals&#10;  ./rse_gaussian_filters/ekf_3d_state_estimation_v2_no_cmd.py:39:11: W292 no newline at end of file&#10;  ./rse_gaussian_filters/kf_3d_state_estimation_no_cmd.py:30:37: E251 unexpected spaces around keyword / parameter equals&#10;  ./rse_gaussian_filters/kf_3d_state_estimation_no_cmd.py:30:39: E251 unexpected spaces around keyword / parameter equals&#10;  ./rse_gaussian_filters/kf_3d_state_estimation_no_cmd.py:31:36: E251 unexpected spaces around keyword / parameter equals&#10;  ./rse_gaussian_filters/kf_3d_state_estimation_no_cmd.py:31:38: E251 unexpected spaces around keyword / parameter equals&#10;  ./rse_gaussian_filters/kf_3d_state_estimation_no_cmd.py:44:1: W293 blank line contains whitespace&#10;  ./rse_gaussian_filters/kf_3d_state_estimation_no_cmd.py:45:1: W293 blank line contains whitespace&#10;  ./rse_gaussian_filters/kf_3d_state_estimation_no_cmd.py:46:1: W293 blank line contains whitespace&#10;  ./rse_gaussian_filters/kf_3d_state_estimation_no_cmd.py:46:1: E303 too many blank lines (4)&#10;  ./rse_gaussian_filters/kf_3d_state_estimation_no_cmd.py:46:7: W292 no newline at end of file&#10;  ./rse_gaussian_filters/ekf_3d_state_estimation_v1_no_cmd.py:13:100: E501 line too long (100 &gt; 99 characters)&#10;  ./rse_gaussian_filters/ekf_3d_state_estimation_v1_no_cmd.py:23:43: W291 trailing whitespace&#10;  ./rse_gaussian_filters/ekf_3d_state_estimation_v1_no_cmd.py:26:44: W291 trailing whitespace&#10;  ./rse_gaussian_filters/ekf_3d_state_estimation_v1_no_cmd.py:29:46: E251 unexpected spaces around keyword / parameter equals&#10;  ./rse_gaussian_filters/ekf_3d_state_estimation_v1_no_cmd.py:29:48: E251 unexpected spaces around keyword / parameter equals&#10;  ./rse_gaussian_filters/ekf_3d_state_estimation_v1_no_cmd.py:30:45: E251 unexpected spaces around keyword / parameter equals&#10;  ./rse_gaussian_filters/ekf_3d_state_estimation_v1_no_cmd.py:30:47: E251 unexpected spaces around keyword / parameter equals&#10;  ./rse_gaussian_filters/kf_node.py:14:100: E501 line too long (119 &gt; 99 characters)&#10;  ./rse_gaussian_filters/kf_node.py:46:1: W293 blank line contains whitespace&#10;  ./rse_gaussian_filters/kf_node.py:49:77: E228 missing whitespace around modulo operator&#10;  ./rse_gaussian_filters/kf_node.py:49:100: E501 line too long (122 &gt; 99 characters)&#10;  ./rse_gaussian_filters/kf_node.py:64:47: W291 trailing whitespace&#10;  ./rse_gaussian_filters/kf_node.py:74:34: W291 trailing whitespace&#10;  ./rse_gaussian_filters/kf_node.py:85:100: E501 line too long (107 &gt; 99 characters)&#10;  ./rse_gaussian_filters/kf_node.py:87:100: E501 line too long (100 &gt; 99 characters)&#10;  ./rse_gaussian_filters/kf_node.py:93:47: W291 trailing whitespace&#10;  ./rse_gaussian_filters/kf_node.py:99:56: W291 trailing whitespace&#10;  ./rse_gaussian_filters/kf_node.py:166:47: W291 trailing whitespace&#10;  ./rse_gaussian_filters/kf_node.py:172:100: E501 line too long (101 &gt; 99 characters)&#10;  ./rse_gaussian_filters/kf_node.py:201:100: E501 line too long (183 &gt; 99 characters)&#10;  ./rse_gaussian_filters/kf_node.py:201:184: W292 no newline at end of file&#10;  ./rse_gaussian_filters/einf_8d_state_estimation_no_cmd.py:11:100: E501 line too long (141 &gt; 99 characters)&#10;  ./rse_gaussian_filters/einf_8d_state_estimation_no_cmd.py:14:83: W291 trailing whitespace&#10;  ./rse_gaussian_filters/einf_8d_state_estimation_no_cmd.py:16:1: E302 expected 2 blank lines, found 1&#10;  ./rse_gaussian_filters/einf_8d_state_estimation_no_cmd.py:17:1: W191 indentation contains tabs&#10;  ./rse_gaussian_filters/einf_8d_state_estimation_no_cmd.py:18:1: W191 indentation contains tabs&#10;  ./rse_gaussian_filters/einf_8d_state_estimation_no_cmd.py:18:1: W293 blank line contains whitespace&#10;  ./rse_gaussian_filters/einf_8d_state_estimation_no_cmd.py:19:1: W191 indentation contains tabs&#10;  ./rse_gaussian_filters/einf_8d_state_estimation_no_cmd.py:20:1: W191 indentation contains tabs&#10;  ./rse_gaussian_filters/einf_8d_state_estimation_no_cmd.py:21:1: W191 indentation contains tabs&#10;  ./rse_gaussian_filters/einf_8d_state_estimation_no_cmd.py:21:60: E261 at least two spaces before inline comment&#10;  ./rse_gaussian_filters/einf_8d_state_estimation_no_cmd.py:22:1: W191 indentation contains tabs&#10;  ./rse_gaussian_filters/einf_8d_state_estimation_no_cmd.py:22:100: E501 line too long (171 &gt; 99 characters)&#10;  ./rse_gaussian_filters/einf_8d_state_estimation_no_cmd.py:22:133: E261 at least two spaces before inline comment&#10;  ./rse_gaussian_filters/einf_8d_state_estimation_no_cmd.py:22:134: E262 inline comment should start with '# '&#10;  ./rse_gaussian_filters/einf_8d_state_estimation_no_cmd.py:23:1: W191 indentation contains tabs&#10;  ./rse_gaussian_filters/einf_8d_state_estimation_no_cmd.py:23:1: W293 blank line contains whitespace&#10;  ./rse_gaussian_filters/einf_8d_state_estimation_no_cmd.py:24:1: W191 indentation contains tabs&#10;  ./rse_gaussian_filters/einf_8d_state_estimation_no_cmd.py:25:1: W191 indentation contains tabs&#10;  ./rse_gaussian_filters/einf_8d_state_estimation_no_cmd.py:25:5: E128 continuation line under-indented for visual indent&#10;  ./rse_gaussian_filters/einf_8d_state_estimation_no_cmd.py:25:44: W291 trailing whitespace&#10;  ./rse_gaussian_filters/einf_8d_state_estimation_no_cmd.py:26:1: W191 indentation contains tabs&#10;  ./rse_gaussian_filters/einf_8d_state_estimation_no_cmd.py:26:5: E128 continuation line under-indented for visual indent&#10;  ./rse_gaussian_filters/einf_8d_state_estimation_no_cmd.py:26:80: W291 trailing whitespace&#10;  ./rse_gaussian_filters/einf_8d_state_estimation_no_cmd.py:27:1: W191 indentation contains tabs&#10;  ./rse_gaussian_filters/einf_8d_state_estimation_no_cmd.py:27:5: E128 continuation line under-indented for visual indent&#10;  ./rse_gaussian_filters/einf_8d_state_estimation_no_cmd.py:27:19: E251 unexpected spaces around keyword / parameter equals&#10;  ./rse_gaussian_filters/einf_8d_state_estimation_no_cmd.py:27:21: E251 unexpected spaces around keyword / parameter equals&#10;  ./rse_gaussian_filters/einf_8d_state_estimation_no_cmd.py:28:1: W191 indentation contains tabs&#10;  ./rse_gaussian_filters/einf_8d_state_estimation_no_cmd.py:28:5: E128 continuation line under-indented for visual indent&#10;  ./rse_gaussian_filters/einf_8d_state_estimation_no_cmd.py:28:18: E251 unexpected spaces around keyword / parameter equals&#10;  ./rse_gaussian_filters/einf_8d_state_estimation_no_cmd.py:28:20: E251 unexpected spaces around keyword / parameter equals&#10;  ./rse_gaussian_filters/einf_8d_state_estimation_no_cmd.py:29:1: W191 indentation contains tabs&#10;  ./rse_gaussian_filters/einf_8d_state_estimation_no_cmd.py:29:1: W293 blank line contains whitespace&#10;  ./rse_gaussian_filters/einf_8d_state_estimation_no_cmd.py:31:1: W191 indentation contains tabs&#10;  ./rse_gaussian_filters/einf_8d_state_estimation_no_cmd.py:31:2: E303 too many blank lines (2)&#10;  ./rse_gaussian_filters/einf_8d_state_estimation_no_cmd.py:32:1: W191 indentation contains tabs&#10;  ./rse_gaussian_filters/einf_8d_state_estimation_no_cmd.py:33:1: W191 indentation contains tabs&#10;  ./rse_gaussian_filters/einf_8d_state_estimation_no_cmd.py:34:1: W191 indentation contains tabs&#10;  ./rse_gaussian_filters/einf_8d_state_estimation_no_cmd.py:35:1: W191 indentation contains tabs&#10;  ./rse_gaussian_filters/einf_8d_state_estimation_no_cmd.py:37:1: E305 expected 2 blank lines after class or function definition, found 1&#10;  ./rse_gaussian_filters/einf_8d_state_estimation_no_cmd.py:38:1: W191 indentation contains tabs&#10;  ./rse_gaussian_filters/einf_3d_state_estimation_v1_no_cmd.py:11:100: E501 line too long (100 &gt; 99 characters)&#10;  ./rse_gaussian_filters/einf_3d_state_estimation_v1_no_cmd.py:19:1: W191 indentation contains tabs&#10;  ./rse_gaussian_filters/einf_3d_state_estimation_v1_no_cmd.py:20:1: W191 indentation contains tabs&#10;  ./rse_gaussian_filters/einf_3d_state_estimation_v1_no_cmd.py:21:1: W191 indentation contains tabs&#10;  ./rse_gaussian_filters/einf_3d_state_estimation_v1_no_cmd.py:22:1: W191 indentation contains tabs&#10;  ./rse_gaussian_filters/einf_3d_state_estimation_v1_no_cmd.py:22:43: W291 trailing whitespace&#10;  ./rse_gaussian_filters/einf_3d_state_estimation_v1_no_cmd.py:23:1: W191 indentation contains tabs&#10;  ./rse_gaussian_filters/einf_3d_state_estimation_v1_no_cmd.py:25:1: W191 indentation contains tabs&#10;  ./rse_gaussian_filters/einf_3d_state_estimation_v1_no_cmd.py:26:1: W191 indentation contains tabs&#10;  ./rse_gaussian_filters/einf_3d_state_estimation_v1_no_cmd.py:26:5: E128 continuation line under-indented for visual indent&#10;  ./rse_gaussian_filters/einf_3d_state_estimation_v1_no_cmd.py:27:1: W191 indentation contains tabs&#10;  ./rse_gaussian_filters/einf_3d_state_estimation_v1_no_cmd.py:27:5: E128 continuation line under-indented for visual indent&#10;  ./rse_gaussian_filters/einf_3d_state_estimation_v1_no_cmd.py:28:1: W191 indentation contains tabs&#10;  ./rse_gaussian_filters/einf_3d_state_estimation_v1_no_cmd.py:28:5: E128 continuation line under-indented for visual indent&#10;  ./rse_gaussian_filters/einf_3d_state_estimation_v1_no_cmd.py:28:19: E251 unexpected spaces around keyword / parameter equals&#10;  ./rse_gaussian_filters/einf_3d_state_estimation_v1_no_cmd.py:28:21: E251 unexpected spaces around keyword / parameter equals&#10;  ./rse_gaussian_filters/einf_3d_state_estimation_v1_no_cmd.py:29:1: W191 indentation contains tabs&#10;  ./rse_gaussian_filters/einf_3d_state_estimation_v1_no_cmd.py:29:5: E128 continuation line under-indented for visual indent&#10;  ./rse_gaussian_filters/einf_3d_state_estimation_v1_no_cmd.py:29:18: E251 unexpected spaces around keyword / parameter equals&#10;  ./rse_gaussian_filters/einf_3d_state_estimation_v1_no_cmd.py:29:20: E251 unexpected spaces around keyword / parameter equals&#10;  ./rse_gaussian_filters/einf_3d_state_estimation_v1_no_cmd.py:31:1: W191 indentation contains tabs&#10;  ./rse_gaussian_filters/einf_3d_state_estimation_v1_no_cmd.py:32:1: W191 indentation contains tabs&#10;  ./rse_gaussian_filters/einf_3d_state_estimation_v1_no_cmd.py:33:1: W191 indentation contains tabs&#10;  ./rse_gaussian_filters/einf_3d_state_estimation_v1_no_cmd.py:34:1: W191 indentation contains tabs&#10;  ./rse_gaussian_filters/einf_3d_state_estimation_v1_no_cmd.py:35:1: W191 indentation contains tabs&#10;  ./rse_gaussian_filters/einf_3d_state_estimation_v1_no_cmd.py:37:1: E305 expected 2 blank lines after class or function definition, found 1&#10;  ./rse_gaussian_filters/einf_3d_state_estimation_v1_no_cmd.py:38:1: W191 indentation contains tabs&#10;  ./rse_gaussian_filters/ukf_3d_state_estimation_v1_no_cmd.py:11:100: E501 line too long (100 &gt; 99 characters)&#10;  ./rse_gaussian_filters/ukf_3d_state_estimation_v1_no_cmd.py:13:47: W291 trailing whitespace&#10;  ./rse_gaussian_filters/ukf_3d_state_estimation_v1_no_cmd.py:16:1: E302 expected 2 blank lines, found 1&#10;  ./rse_gaussian_filters/ukf_3d_state_estimation_v1_no_cmd.py:20:43: W291 trailing whitespace&#10;  ./rse_gaussian_filters/ukf_3d_state_estimation_v1_no_cmd.py:24:53: W291 trailing whitespace&#10;  ./rse_gaussian_filters/ukf_3d_state_estimation_v1_no_cmd.py:26:58: W291 trailing whitespace&#10;  ./rse_gaussian_filters/ukf_3d_state_estimation_v1_no_cmd.py:33:44: W291 trailing whitespace&#10;  ./rse_gaussian_filters/ukf_3d_state_estimation_v1_no_cmd.py:34:17: E128 continuation line under-indented for visual indent&#10;  ./rse_gaussian_filters/ukf_3d_state_estimation_v1_no_cmd.py:34:52: W291 trailing whitespace&#10;  ./rse_gaussian_filters/ukf_3d_state_estimation_v1_no_cmd.py:35:17: E128 continuation line under-indented for visual indent&#10;  ./rse_gaussian_filters/ukf_3d_state_estimation_v1_no_cmd.py:35:55: W291 trailing whitespace&#10;  ./rse_gaussian_filters/ukf_3d_state_estimation_v1_no_cmd.py:36:17: E128 continuation line under-indented for visual indent&#10;  ./rse_gaussian_filters/ukf_3d_state_estimation_v1_no_cmd.py:36:31: E251 unexpected spaces around keyword / parameter equals&#10;  ./rse_gaussian_filters/ukf_3d_state_estimation_v1_no_cmd.py:36:33: E251 unexpected spaces around keyword / parameter equals&#10;  ./rse_gaussian_filters/ukf_3d_state_estimation_v1_no_cmd.py:36:49: W291 trailing whitespace&#10;  ./rse_gaussian_filters/ukf_3d_state_estimation_v1_no_cmd.py:37:17: E128 continuation line under-indented for visual indent&#10;  ./rse_gaussian_filters/ukf_3d_state_estimation_v1_no_cmd.py:37:30: E251 unexpected spaces around keyword / parameter equals&#10;  ./rse_gaussian_filters/ukf_3d_state_estimation_v1_no_cmd.py:37:32: E251 unexpected spaces around keyword / parameter equals&#10;  ./rse_gaussian_filters/ukf_3d_state_estimation_v1_no_cmd.py:38:17: E128 continuation line under-indented for visual indent&#10;  ./rse_gaussian_filters/ukf_3d_state_estimation_v1_no_cmd.py:38:22: E251 unexpected spaces around keyword / parameter equals&#10;  ./rse_gaussian_filters/ukf_3d_state_estimation_v1_no_cmd.py:38:24: E251 unexpected spaces around keyword / parameter equals&#10;  ./rse_gaussian_filters/ukf_3d_state_estimation_v1_no_cmd.py:39:17: E128 continuation line under-indented for visual indent&#10;  ./rse_gaussian_filters/ukf_3d_state_estimation_v1_no_cmd.py:39:21: E251 unexpected spaces around keyword / parameter equals&#10;  ./rse_gaussian_filters/ukf_3d_state_estimation_v1_no_cmd.py:39:23: E251 unexpected spaces around keyword / parameter equals&#10;  ./rse_gaussian_filters/ukf_3d_state_estimation_v1_no_cmd.py:40:17: E128 continuation line under-indented for visual indent&#10;  ./rse_gaussian_filters/ukf_3d_state_estimation_v1_no_cmd.py:40:22: E251 unexpected spaces around keyword / parameter equals&#10;  ./rse_gaussian_filters/ukf_3d_state_estimation_v1_no_cmd.py:40:24: E251 unexpected spaces around keyword / parameter equals&#10;  ./rse_gaussian_filters/ukf_3d_state_estimation_v1_no_cmd.py:48:1: E305 expected 2 blank lines after class or function definition, found 1&#10;  ./rse_gaussian_filters/inf_3d_state_estimation_no_cmd.py:16:1: E302 expected 2 blank lines, found 1&#10;  ./rse_gaussian_filters/inf_3d_state_estimation_no_cmd.py:17:1: W191 indentation contains tabs&#10;  ./rse_gaussian_filters/inf_3d_state_estimation_no_cmd.py:18:1: W191 indentation contains tabs&#10;  ./rse_gaussian_filters/inf_3d_state_estimation_no_cmd.py:19:1: W191 indentation contains tabs&#10;  ./rse_gaussian_filters/inf_3d_state_estimation_no_cmd.py:20:1: W191 indentation contains tabs&#10;  ./rse_gaussian_filters/inf_3d_state_estimation_no_cmd.py:20:40: W291 trailing whitespace&#10;  ./rse_gaussian_filters/inf_3d_state_estimation_no_cmd.py:21:1: W191 indentation contains tabs&#10;  ./rse_gaussian_filters/inf_3d_state_estimation_no_cmd.py:23:1: W191 indentation contains tabs&#10;  ./rse_gaussian_filters/inf_3d_state_estimation_no_cmd.py:23:1: W293 blank line contains whitespace&#10;  ./rse_gaussian_filters/inf_3d_state_estimation_no_cmd.py:24:1: W191 indentation contains tabs&#10;  ./rse_gaussian_filters/inf_3d_state_estimation_no_cmd.py:24:2: E303 too many blank lines (2)&#10;  ./rse_gaussian_filters/inf_3d_state_estimation_no_cmd.py:25:1: W191 indentation contains tabs&#10;  ./rse_gaussian_filters/inf_3d_state_estimation_no_cmd.py:25:5: E128 continuation line under-indented for visual indent&#10;  ./rse_gaussian_filters/inf_3d_state_estimation_no_cmd.py:26:1: W191 indentation contains tabs&#10;  ./rse_gaussian_filters/inf_3d_state_estimation_no_cmd.py:26:5: E128 continuation line under-indented for visual indent&#10;  ./rse_gaussian_filters/inf_3d_state_estimation_no_cmd.py:27:1: W191 indentation contains tabs&#10;  ./rse_gaussian_filters/inf_3d_state_estimation_no_cmd.py:27:5: E128 continuation line under-indented for visual indent&#10;  ./rse_gaussian_filters/inf_3d_state_estimation_no_cmd.py:27:19: E251 unexpected spaces around keyword / parameter equals&#10;  ./rse_gaussian_filters/inf_3d_state_estimation_no_cmd.py:27:21: E251 unexpected spaces around keyword / parameter equals&#10;  ./rse_gaussian_filters/inf_3d_state_estimation_no_cmd.py:28:1: W191 indentation contains tabs&#10;  ./rse_gaussian_filters/inf_3d_state_estimation_no_cmd.py:28:5: E128 continuation line under-indented for visual indent&#10;  ./rse_gaussian_filters/inf_3d_state_estimation_no_cmd.py:28:18: E251 unexpected spaces around keyword / parameter equals&#10;  ./rse_gaussian_filters/inf_3d_state_estimation_no_cmd.py:28:20: E251 unexpected spaces around keyword / parameter equals&#10;  ./rse_gaussian_filters/inf_3d_state_estimation_no_cmd.py:30:1: W191 indentation contains tabs&#10;  ./rse_gaussian_filters/inf_3d_state_estimation_no_cmd.py:31:1: W191 indentation contains tabs&#10;  ./rse_gaussian_filters/inf_3d_state_estimation_no_cmd.py:32:1: W191 indentation contains tabs&#10;  ./rse_gaussian_filters/inf_3d_state_estimation_no_cmd.py:33:1: W191 indentation contains tabs&#10;  ./rse_gaussian_filters/inf_3d_state_estimation_no_cmd.py:34:1: W191 indentation contains tabs&#10;  ./rse_gaussian_filters/inf_3d_state_estimation_no_cmd.py:36:1: E305 expected 2 blank lines after class or function definition, found 1&#10;  ./rse_gaussian_filters/inf_3d_state_estimation_no_cmd.py:37:1: W191 indentation contains tabs&#10;  ./rse_gaussian_filters/einf_7d_state_estimation_no_cmd.py:11:100: E501 line too long (141 &gt; 99 characters)&#10;  ./rse_gaussian_filters/einf_7d_state_estimation_no_cmd.py:14:83: W291 trailing whitespace&#10;  ./rse_gaussian_filters/einf_7d_state_estimation_no_cmd.py:16:1: E302 expected 2 blank lines, found 1&#10;  ./rse_gaussian_filters/einf_7d_state_estimation_no_cmd.py:17:1: W191 indentation contains tabs&#10;  ./rse_gaussian_filters/einf_7d_state_estimation_no_cmd.py:18:1: W191 indentation contains tabs&#10;  ./rse_gaussian_filters/einf_7d_state_estimation_no_cmd.py:18:1: W293 blank line contains whitespace&#10;  ./rse_gaussian_filters/einf_7d_state_estimation_no_cmd.py:19:1: W191 indentation contains tabs&#10;  ./rse_gaussian_filters/einf_7d_state_estimation_no_cmd.py:20:1: W191 indentation contains tabs&#10;  ./rse_gaussian_filters/einf_7d_state_estimation_no_cmd.py:21:1: W191 indentation contains tabs&#10;  ./rse_gaussian_filters/einf_7d_state_estimation_no_cmd.py:21:55: E261 at least two spaces before inline comment&#10;  ./rse_gaussian_filters/einf_7d_state_estimation_no_cmd.py:22:1: W191 indentation contains tabs&#10;  ./rse_gaussian_filters/einf_7d_state_estimation_no_cmd.py:22:100: E501 line too long (171 &gt; 99 characters)&#10;  ./rse_gaussian_filters/einf_7d_state_estimation_no_cmd.py:22:133: E261 at least two spaces before inline comment&#10;  ./rse_gaussian_filters/einf_7d_state_estimation_no_cmd.py:22:134: E262 inline comment should start with '# '&#10;  ./rse_gaussian_filters/einf_7d_state_estimation_no_cmd.py:23:1: W191 indentation contains tabs&#10;  ./rse_gaussian_filters/einf_7d_state_estimation_no_cmd.py:23:1: W293 blank line contains whitespace&#10;  ./rse_gaussian_filters/einf_7d_state_estimation_no_cmd.py:24:1: W191 indentation contains tabs&#10;  ./rse_gaussian_filters/einf_7d_state_estimation_no_cmd.py:25:1: W191 indentation contains tabs&#10;  ./rse_gaussian_filters/einf_7d_state_estimation_no_cmd.py:25:5: E128 continuation line under-indented for visual indent&#10;  ./rse_gaussian_filters/einf_7d_state_estimation_no_cmd.py:25:44: W291 trailing whitespace&#10;  ./rse_gaussian_filters/einf_7d_state_estimation_no_cmd.py:26:1: W191 indentation contains tabs&#10;  ./rse_gaussian_filters/einf_7d_state_estimation_no_cmd.py:26:5: E128 continuation line under-indented for visual indent&#10;  ./rse_gaussian_filters/einf_7d_state_estimation_no_cmd.py:26:80: W291 trailing whitespace&#10;  ./rse_gaussian_filters/einf_7d_state_estimation_no_cmd.py:27:1: W191 indentation contains tabs&#10;  ./rse_gaussian_filters/einf_7d_state_estimation_no_cmd.py:27:5: E128 continuation line under-indented for visual indent&#10;  ./rse_gaussian_filters/einf_7d_state_estimation_no_cmd.py:27:19: E251 unexpected spaces around keyword / parameter equals&#10;  ./rse_gaussian_filters/einf_7d_state_estimation_no_cmd.py:27:21: E251 unexpected spaces around keyword / parameter equals&#10;  ./rse_gaussian_filters/einf_7d_state_estimation_no_cmd.py:28:1: W191 indentation contains tabs&#10;  ./rse_gaussian_filters/einf_7d_state_estimation_no_cmd.py:28:5: E128 continuation line under-indented for visual indent&#10;  ./rse_gaussian_filters/einf_7d_state_estimation_no_cmd.py:28:18: E251 unexpected spaces around keyword / parameter equals&#10;  ./rse_gaussian_filters/einf_7d_state_estimation_no_cmd.py:28:20: E251 unexpected spaces around keyword / parameter equals&#10;  ./rse_gaussian_filters/einf_7d_state_estimation_no_cmd.py:29:1: W191 indentation contains tabs&#10;  ./rse_gaussian_filters/einf_7d_state_estimation_no_cmd.py:29:1: W293 blank line contains whitespace&#10;  ./rse_gaussian_filters/einf_7d_state_estimation_no_cmd.py:31:1: W191 indentation contains tabs&#10;  ./rse_gaussian_filters/einf_7d_state_estimation_no_cmd.py:31:2: E303 too many blank lines (2)&#10;  ./rse_gaussian_filters/einf_7d_state_estimation_no_cmd.py:32:1: W191 indentation contains tabs&#10;  ./rse_gaussian_filters/einf_7d_state_estimation_no_cmd.py:33:1: W191 indentation contains tabs&#10;  ./rse_gaussian_filters/einf_7d_state_estimation_no_cmd.py:34:1: W191 indentation contains tabs&#10;  ./rse_gaussian_filters/einf_7d_state_estimation_no_cmd.py:35:1: W191 indentation contains tabs&#10;  ./rse_gaussian_filters/einf_7d_state_estimation_no_cmd.py:37:1: E305 expected 2 blank lines after class or function definition, found 1&#10;  ./rse_gaussian_filters/einf_7d_state_estimation_no_cmd.py:38:1: W191 indentation contains tabs&#10;  ./rse_gaussian_filters/ukf_8d_state_estimation_no_cmd.py:11:100: E501 line too long (141 &gt; 99 characters)&#10;  ./rse_gaussian_filters/ukf_8d_state_estimation_no_cmd.py:16:1: E302 expected 2 blank lines, found 1&#10;  ./rse_gaussian_filters/ukf_8d_state_estimation_no_cmd.py:20:63: E261 at least two spaces before inline comment&#10;  ./rse_gaussian_filters/ukf_8d_state_estimation_no_cmd.py:20:100: E501 line too long (101 &gt; 99 characters)&#10;  ./rse_gaussian_filters/ukf_8d_state_estimation_no_cmd.py:21:100: E501 line too long (174 &gt; 99 characters)&#10;  ./rse_gaussian_filters/ukf_8d_state_estimation_no_cmd.py:21:136: E261 at least two spaces before inline comment&#10;  ./rse_gaussian_filters/ukf_8d_state_estimation_no_cmd.py:21:137: E262 inline comment should start with '# '&#10;  ./rse_gaussian_filters/ukf_8d_state_estimation_no_cmd.py:22:1: W293 blank line contains whitespace&#10;  ./rse_gaussian_filters/ukf_8d_state_estimation_no_cmd.py:24:53: W291 trailing whitespace&#10;  ./rse_gaussian_filters/ukf_8d_state_estimation_no_cmd.py:26:58: W291 trailing whitespace&#10;  ./rse_gaussian_filters/ukf_8d_state_estimation_no_cmd.py:33:45: W291 trailing whitespace&#10;  ./rse_gaussian_filters/ukf_8d_state_estimation_no_cmd.py:34:21: E128 continuation line under-indented for visual indent&#10;  ./rse_gaussian_filters/ukf_8d_state_estimation_no_cmd.py:34:60: W291 trailing whitespace&#10;  ./rse_gaussian_filters/ukf_8d_state_estimation_no_cmd.py:35:21: E128 continuation line under-indented for visual indent&#10;  ./rse_gaussian_filters/ukf_8d_state_estimation_no_cmd.py:35:96: W291 trailing whitespace&#10;  ./rse_gaussian_filters/ukf_8d_state_estimation_no_cmd.py:36:21: E128 continuation line under-indented for visual indent&#10;  ./rse_gaussian_filters/ukf_8d_state_estimation_no_cmd.py:36:35: E251 unexpected spaces around keyword / parameter equals&#10;  ./rse_gaussian_filters/ukf_8d_state_estimation_no_cmd.py:36:37: E251 unexpected spaces around keyword / parameter equals&#10;  ./rse_gaussian_filters/ukf_8d_state_estimation_no_cmd.py:36:53: W291 trailing whitespace&#10;  ./rse_gaussian_filters/ukf_8d_state_estimation_no_cmd.py:37:21: E128 continuation line under-indented for visual indent&#10;  ./rse_gaussian_filters/ukf_8d_state_estimation_no_cmd.py:37:34: E251 unexpected spaces around keyword / parameter equals&#10;  ./rse_gaussian_filters/ukf_8d_state_estimation_no_cmd.py:37:36: E251 unexpected spaces around keyword / parameter equals&#10;  ./rse_gaussian_filters/ukf_8d_state_estimation_no_cmd.py:38:21: E128 continuation line under-indented for visual indent&#10;  ./rse_gaussian_filters/ukf_8d_state_estimation_no_cmd.py:38:26: E251 unexpected spaces around keyword / parameter equals&#10;  ./rse_gaussian_filters/ukf_8d_state_estimation_no_cmd.py:38:28: E251 unexpected spaces around keyword / parameter equals&#10;  ./rse_gaussian_filters/ukf_8d_state_estimation_no_cmd.py:39:21: E128 continuation line under-indented for visual indent&#10;  ./rse_gaussian_filters/ukf_8d_state_estimation_no_cmd.py:39:25: E251 unexpected spaces around keyword / parameter equals&#10;  ./rse_gaussian_filters/ukf_8d_state_estimation_no_cmd.py:39:27: E251 unexpected spaces around keyword / parameter equals&#10;  ./rse_gaussian_filters/ukf_8d_state_estimation_no_cmd.py:40:21: E128 continuation line under-indented for visual indent&#10;  ./rse_gaussian_filters/ukf_8d_state_estimation_no_cmd.py:40:26: E251 unexpected spaces around keyword / parameter equals&#10;  ./rse_gaussian_filters/ukf_8d_state_estimation_no_cmd.py:40:28: E251 unexpected spaces around keyword / parameter equals&#10;  ./rse_gaussian_filters/ukf_8d_state_estimation_no_cmd.py:41:1: W293 blank line contains whitespace&#10;  ./rse_gaussian_filters/ukf_8d_state_estimation_no_cmd.py:43:5: E303 too many blank lines (2)&#10;  ./rse_gaussian_filters/ukf_8d_state_estimation_no_cmd.py:49:1: E305 expected 2 blank lines after class or function definition, found 1&#10;  ./rse_gaussian_filters/ukf_8d_state_estimation_no_cmd.py:50:11: W292 no newline at end of file&#10;  ./rse_gaussian_filters/ekf_8d_state_estimation_no_cmd.py:11:100: E501 line too long (141 &gt; 99 characters)&#10;  ./rse_gaussian_filters/ekf_8d_state_estimation_no_cmd.py:22:63: E261 at least two spaces before inline comment&#10;  ./rse_gaussian_filters/ekf_8d_state_estimation_no_cmd.py:22:100: E501 line too long (101 &gt; 99 characters)&#10;  ./rse_gaussian_filters/ekf_8d_state_estimation_no_cmd.py:23:100: E501 line too long (174 &gt; 99 characters)&#10;  ./rse_gaussian_filters/ekf_8d_state_estimation_no_cmd.py:23:136: E261 at least two spaces before inline comment&#10;  ./rse_gaussian_filters/ekf_8d_state_estimation_no_cmd.py:23:137: E262 inline comment should start with '# '&#10;  ./rse_gaussian_filters/ekf_8d_state_estimation_no_cmd.py:25:44: W291 trailing whitespace&#10;  ./rse_gaussian_filters/ekf_8d_state_estimation_no_cmd.py:27:100: E501 line too long (106 &gt; 99 characters)&#10;  ./rse_gaussian_filters/ekf_8d_state_estimation_no_cmd.py:28:46: E251 unexpected spaces around keyword / parameter equals&#10;  ./rse_gaussian_filters/ekf_8d_state_estimation_no_cmd.py:28:48: E251 unexpected spaces around keyword / parameter equals&#10;  ./rse_gaussian_filters/ekf_8d_state_estimation_no_cmd.py:29:45: E251 unexpected spaces around keyword / parameter equals&#10;  ./rse_gaussian_filters/ekf_8d_state_estimation_no_cmd.py:29:47: E251 unexpected spaces around keyword / parameter equals&#10;  ./rse_gaussian_filters/filters/inf.py:4:1: E302 expected 2 blank lines, found 1&#10;  ./rse_gaussian_filters/filters/inf.py:6:1: W191 indentation contains tabs&#10;  ./rse_gaussian_filters/filters/inf.py:7:1: W191 indentation contains tabs&#10;  ./rse_gaussian_filters/filters/inf.py:8:1: W191 indentation contains tabs&#10;  ./rse_gaussian_filters/filters/inf.py:9:1: W191 indentation contains tabs&#10;  ./rse_gaussian_filters/filters/inf.py:10:1: W191 indentation contains tabs&#10;  ./rse_gaussian_filters/filters/inf.py:10:1: W293 blank line contains whitespace&#10;  ./rse_gaussian_filters/filters/inf.py:11:1: W191 indentation contains tabs&#10;  ./rse_gaussian_filters/filters/inf.py:12:1: W191 indentation contains tabs&#10;  ./rse_gaussian_filters/filters/inf.py:13:1: W191 indentation contains tabs&#10;  ./rse_gaussian_filters/filters/inf.py:13:1: W293 blank line contains whitespace&#10;  ./rse_gaussian_filters/filters/inf.py:14:1: W191 indentation contains tabs&#10;  ./rse_gaussian_filters/filters/inf.py:14:34: E261 at least two spaces before inline comment&#10;  ./rse_gaussian_filters/filters/inf.py:15:1: W191 indentation contains tabs&#10;  ./rse_gaussian_filters/filters/inf.py:15:1: W293 blank line contains whitespace&#10;  ./rse_gaussian_filters/filters/inf.py:16:1: W191 indentation contains tabs&#10;  ./rse_gaussian_filters/filters/inf.py:17:1: W191 indentation contains tabs&#10;  ./rse_gaussian_filters/filters/inf.py:18:1: W191 indentation contains tabs&#10;  ./rse_gaussian_filters/filters/inf.py:19:1: W191 indentation contains tabs&#10;  ./rse_gaussian_filters/filters/inf.py:21:1: W191 indentation contains tabs&#10;  ./rse_gaussian_filters/filters/inf.py:23:1: W191 indentation contains tabs&#10;  ./rse_gaussian_filters/filters/inf.py:24:1: W191 indentation contains tabs&#10;  ./rse_gaussian_filters/filters/inf.py:24:31: E261 at least two spaces before inline comment&#10;  ./rse_gaussian_filters/filters/inf.py:26:1: W191 indentation contains tabs&#10;  ./rse_gaussian_filters/filters/inf.py:27:1: W191 indentation contains tabs&#10;  ./rse_gaussian_filters/filters/inf.py:28:1: W191 indentation contains tabs&#10;  ./rse_gaussian_filters/filters/inf.py:29:1: W191 indentation contains tabs&#10;  ./rse_gaussian_filters/filters/inf.py:31:1: W191 indentation contains tabs&#10;  ./rse_gaussian_filters/filters/inf.py:31:37: W291 trailing whitespace&#10;  ./rse_gaussian_filters/filters/inf.py:33:1: W191 indentation contains tabs&#10;  ./rse_gaussian_filters/filters/inf.py:34:1: W191 indentation contains tabs&#10;  ./rse_gaussian_filters/filters/inf.py:35:1: W191 indentation contains tabs&#10;  ./rse_gaussian_filters/filters/inf.py:35:1: W293 blank line contains whitespace&#10;  ./rse_gaussian_filters/filters/inf.py:36:1: W191 indentation contains tabs&#10;  ./rse_gaussian_filters/filters/inf.py:37:1: W191 indentation contains tabs&#10;  ./rse_gaussian_filters/filters/inf.py:37:1: W293 blank line contains whitespace&#10;  ./rse_gaussian_filters/filters/inf.py:38:1: W191 indentation contains tabs&#10;  ./rse_gaussian_filters/filters/inf.py:39:1: W191 indentation contains tabs&#10;  ./rse_gaussian_filters/filters/inf.py:41:1: W191 indentation contains tabs&#10;  ./rse_gaussian_filters/filters/inf.py:42:1: W191 indentation contains tabs&#10;  ./rse_gaussian_filters/filters/inf.py:43:1: W191 indentation contains tabs&#10;  ./rse_gaussian_filters/filters/inf.py:43:1: W293 blank line contains whitespace&#10;  ./rse_gaussian_filters/filters/inf.py:44:1: W191 indentation contains tabs&#10;  ./rse_gaussian_filters/filters/inf.py:45:1: W191 indentation contains tabs&#10;  ./rse_gaussian_filters/filters/inf.py:46:1: W191 indentation contains tabs&#10;  ./rse_gaussian_filters/filters/inf.py:48:1: W191 indentation contains tabs&#10;  ./rse_gaussian_filters/filters/inf.py:48:1: W293 blank line contains whitespace&#10;  ./rse_gaussian_filters/filters/inf.py:49:1: W191 indentation contains tabs&#10;  ./rse_gaussian_filters/filters/inf.py:49:3: E303 too many blank lines (2)&#10;  ./rse_gaussian_filters/filters/inf.py:50:1: W191 indentation contains tabs&#10;  ./rse_gaussian_filters/filters/inf.py:52:1: W191 indentation contains tabs&#10;  ./rse_gaussian_filters/filters/inf.py:53:1: W191 indentation contains tabs&#10;  ./rse_gaussian_filters/filters/inf.py:53:1: W293 blank line contains whitespace&#10;  ./rse_gaussian_filters/filters/inf.py:54:1: W191 indentation contains tabs&#10;  ./rse_gaussian_filters/filters/inf.py:55:1: W191 indentation contains tabs&#10;  ./rse_gaussian_filters/filters/inf.py:56:1: W191 indentation contains tabs&#10;  ./rse_gaussian_filters/filters/inf.py:58:1: W191 indentation contains tabs&#10;  ./rse_gaussian_filters/filters/inf.py:59:1: W191 indentation contains tabs&#10;  ./rse_gaussian_filters/filters/inf.py:60:1: W191 indentation contains tabs&#10;  ./rse_gaussian_filters/filters/inf.py:60:1: W293 blank line contains whitespace&#10;  ./rse_gaussian_filters/filters/inf.py:62:1: W191 indentation contains tabs&#10;  ./rse_gaussian_filters/filters/inf.py:62:3: E303 too many blank lines (2)&#10;  ./rse_gaussian_filters/filters/inf.py:63:1: W191 indentation contains tabs&#10;  ./rse_gaussian_filters/filters/inf.py:64:1: W191 indentation contains tabs&#10;  ./rse_gaussian_filters/filters/inf.py:65:1: W191 indentation contains tabs&#10;  ./rse_gaussian_filters/filters/inf.py:67:1: W191 indentation contains tabs&#10;  ./rse_gaussian_filters/filters/inf.py:69:1: W191 indentation contains tabs&#10;  ./rse_gaussian_filters/filters/inf.py:71:1: W191 indentation contains tabs&#10;  ./rse_gaussian_filters/filters/inf.py:72:1: W191 indentation contains tabs&#10;  ./rse_gaussian_filters/filters/inf.py:73:1: W191 indentation contains tabs&#10;  ./rse_gaussian_filters/filters/inf.py:73:1: W293 blank line contains whitespace&#10;  ./rse_gaussian_filters/filters/inf.py:74:1: W191 indentation contains tabs&#10;  ./rse_gaussian_filters/filters/inf.py:75:1: W191 indentation contains tabs&#10;  ./rse_gaussian_filters/filters/inf.py:77:1: W191 indentation contains tabs&#10;  ./rse_gaussian_filters/filters/inf.py:78:1: W191 indentation contains tabs&#10;  ./rse_gaussian_filters/filters/inf.py:79:1: W191 indentation contains tabs&#10;  ./rse_gaussian_filters/filters/inf.py:80:1: W191 indentation contains tabs&#10;  ./rse_gaussian_filters/filters/inf.py:82:1: W191 indentation contains tabs&#10;  ./rse_gaussian_filters/filters/inf.py:83:1: W191 indentation contains tabs&#10;  ./rse_gaussian_filters/filters/inf.py:83:1: W293 blank line contains whitespace&#10;  ./rse_gaussian_filters/filters/inf.py:84:1: W191 indentation contains tabs&#10;  ./rse_gaussian_filters/filters/inf.py:85:1: W191 indentation contains tabs&#10;  ./rse_gaussian_filters/filters/inf.py:85:1: W293 blank line contains whitespace&#10;  ./rse_gaussian_filters/filters/inf.py:88:1: E303 too many blank lines (3)&#10;  ./rse_gaussian_filters/filters/inf.py:99:4: W292 no newline at end of file&#10;  ./rse_gaussian_filters/filters/inf.py:99:100: E501 line too long (428 &gt; 99 characters)&#10;  ./rse_gaussian_filters/filters/ekf.py:10:1: E302 expected 2 blank lines, found 1&#10;  ./rse_gaussian_filters/filters/ekf.py:12:1: W191 indentation contains tabs&#10;  ./rse_gaussian_filters/filters/ekf.py:13:1: W191 indentation contains tabs&#10;  ./rse_gaussian_filters/filters/ekf.py:14:1: W191 indentation contains tabs&#10;  ./rse_gaussian_filters/filters/ekf.py:15:1: W191 indentation contains tabs&#10;  ./rse_gaussian_filters/filters/ekf.py:17:1: W191 indentation contains tabs&#10;  ./rse_gaussian_filters/filters/ekf.py:17:26: E261 at least two spaces before inline comment&#10;  ./rse_gaussian_filters/filters/ekf.py:17:51: W291 trailing whitespace&#10;  ./rse_gaussian_filters/filters/ekf.py:18:1: W191 indentation contains tabs&#10;  ./rse_gaussian_filters/filters/ekf.py:18:34: E261 at least two spaces before inline comment&#10;  ./rse_gaussian_filters/filters/ekf.py:20:1: W191 indentation contains tabs&#10;  ./rse_gaussian_filters/filters/ekf.py:20:42: E261 at least two spaces before inline comment&#10;  ./rse_gaussian_filters/filters/ekf.py:21:1: W191 indentation contains tabs&#10;  ./rse_gaussian_filters/filters/ekf.py:21:1: W293 blank line contains whitespace&#10;  ./rse_gaussian_filters/filters/ekf.py:22:1: W191 indentation contains tabs&#10;  ./rse_gaussian_filters/filters/ekf.py:23:1: W191 indentation contains tabs&#10;  ./rse_gaussian_filters/filters/ekf.py:24:1: W191 indentation contains tabs&#10;  ./rse_gaussian_filters/filters/ekf.py:25:1: W191 indentation contains tabs&#10;  ./rse_gaussian_filters/filters/ekf.py:27:1: W191 indentation contains tabs&#10;  ./rse_gaussian_filters/filters/ekf.py:27:39: E261 at least two spaces before inline comment&#10;  ./rse_gaussian_filters/filters/ekf.py:29:1: W191 indentation contains tabs&#10;  ./rse_gaussian_filters/filters/ekf.py:30:1: W191 indentation contains tabs&#10;  ./rse_gaussian_filters/filters/ekf.py:31:1: W191 indentation contains tabs&#10;  ./rse_gaussian_filters/filters/ekf.py:32:1: W191 indentation contains tabs&#10;  ./rse_gaussian_filters/filters/ekf.py:34:1: W191 indentation contains tabs&#10;  ./rse_gaussian_filters/filters/ekf.py:35:1: W191 indentation contains tabs&#10;  ./rse_gaussian_filters/filters/ekf.py:37:1: W191 indentation contains tabs&#10;  ./rse_gaussian_filters/filters/ekf.py:37:1: W293 blank line contains whitespace&#10;  ./rse_gaussian_filters/filters/ekf.py:38:1: W191 indentation contains tabs&#10;  ./rse_gaussian_filters/filters/ekf.py:38:2: E303 too many blank lines (2)&#10;  ./rse_gaussian_filters/filters/ekf.py:39:1: W191 indentation contains tabs&#10;  ./rse_gaussian_filters/filters/ekf.py:40:1: W191 indentation contains tabs&#10;  ./rse_gaussian_filters/filters/ekf.py:40:32: W291 trailing whitespace&#10;  ./rse_gaussian_filters/filters/ekf.py:41:1: W191 indentation contains tabs&#10;  ./rse_gaussian_filters/filters/ekf.py:42:1: W191 indentation contains tabs&#10;  ./rse_gaussian_filters/filters/ekf.py:43:1: W191 indentation contains tabs&#10;  ./rse_gaussian_filters/filters/ekf.py:43:87: W291 trailing whitespace&#10;  ./rse_gaussian_filters/filters/ekf.py:45:1: W191 indentation contains tabs&#10;  ./rse_gaussian_filters/filters/ekf.py:46:1: W191 indentation contains tabs&#10;  ./rse_gaussian_filters/filters/ekf.py:47:1: W191 indentation contains tabs&#10;  ./rse_gaussian_filters/filters/ekf.py:48:1: W191 indentation contains tabs&#10;  ./rse_gaussian_filters/filters/ekf.py:50:1: W191 indentation contains tabs&#10;  ./rse_gaussian_filters/filters/ekf.py:53:1: W191 indentation contains tabs&#10;  ./rse_gaussian_filters/filters/ekf.py:53:3: E303 too many blank lines (2)&#10;  ./rse_gaussian_filters/filters/ekf.py:55:1: W191 indentation contains tabs&#10;  ./rse_gaussian_filters/filters/ekf.py:56:1: W191 indentation contains tabs&#10;  ./rse_gaussian_filters/filters/ekf.py:58:1: W191 indentation contains tabs&#10;  ./rse_gaussian_filters/filters/ekf.py:59:1: W191 indentation contains tabs&#10;  ./rse_gaussian_filters/filters/ekf.py:59:100: E501 line too long (111 &gt; 99 characters)&#10;  ./rse_gaussian_filters/filters/ekf.py:60:1: W191 indentation contains tabs&#10;  ./rse_gaussian_filters/filters/ekf.py:60:1: W293 blank line contains whitespace&#10;  ./rse_gaussian_filters/filters/ekf.py:61:1: W191 indentation contains tabs&#10;  ./rse_gaussian_filters/filters/ekf.py:61:31: W291 trailing whitespace&#10;  ./rse_gaussian_filters/filters/ekf.py:62:1: W191 indentation contains tabs&#10;  ./rse_gaussian_filters/filters/ekf.py:63:1: W191 indentation contains tabs&#10;  ./rse_gaussian_filters/filters/ekf.py:65:1: W191 indentation contains tabs&#10;  ./rse_gaussian_filters/filters/ekf.py:66:1: W191 indentation contains tabs&#10;  ./rse_gaussian_filters/filters/ekf.py:66:3: E741 ambiguous variable name 'I'&#10;  ./rse_gaussian_filters/filters/ekf.py:67:1: W191 indentation contains tabs&#10;  ./rse_gaussian_filters/filters/ekf.py:69:1: W191 indentation contains tabs&#10;  ./rse_gaussian_filters/filters/ekf.py:70:1: W191 indentation contains tabs&#10;  ./rse_gaussian_filters/filters/ekf.py:71:1: W191 indentation contains tabs&#10;  ./rse_gaussian_filters/filters/ekf.py:72:1: W191 indentation contains tabs&#10;  ./rse_gaussian_filters/filters/ekf.py:74:1: W191 indentation contains tabs&#10;  ./rse_gaussian_filters/filters/ekf.py:76:1: W191 indentation contains tabs&#10;  ./rse_gaussian_filters/filters/ekf.py:76:29: W292 no newline at end of file&#10;  ./rse_gaussian_filters/filters/kf.py:11:1: W191 indentation contains tabs&#10;  ./rse_gaussian_filters/filters/kf.py:12:1: W191 indentation contains tabs&#10;  ./rse_gaussian_filters/filters/kf.py:17:1: W191 indentation contains tabs&#10;  ./rse_gaussian_filters/filters/kf.py:18:1: W191 indentation contains tabs&#10;  ./rse_gaussian_filters/filters/kf.py:19:1: W191 indentation contains tabs&#10;  ./rse_gaussian_filters/filters/kf.py:20:1: W191 indentation contains tabs&#10;  ./rse_gaussian_filters/filters/kf.py:22:1: W191 indentation contains tabs&#10;  ./rse_gaussian_filters/filters/kf.py:22:26: E261 at least two spaces before inline comment&#10;  ./rse_gaussian_filters/filters/kf.py:23:1: W191 indentation contains tabs&#10;  ./rse_gaussian_filters/filters/kf.py:23:34: E261 at least two spaces before inline comment&#10;  ./rse_gaussian_filters/filters/kf.py:25:1: W191 indentation contains tabs&#10;  ./rse_gaussian_filters/filters/kf.py:25:34: E261 at least two spaces before inline comment&#10;  ./rse_gaussian_filters/filters/kf.py:26:1: W191 indentation contains tabs&#10;  ./rse_gaussian_filters/filters/kf.py:26:1: W293 blank line contains whitespace&#10;  ./rse_gaussian_filters/filters/kf.py:27:1: W191 indentation contains tabs&#10;  ./rse_gaussian_filters/filters/kf.py:28:1: W191 indentation contains tabs&#10;  ./rse_gaussian_filters/filters/kf.py:29:1: W191 indentation contains tabs&#10;  ./rse_gaussian_filters/filters/kf.py:30:1: W191 indentation contains tabs&#10;  ./rse_gaussian_filters/filters/kf.py:32:1: W191 indentation contains tabs&#10;  ./rse_gaussian_filters/filters/kf.py:33:1: W191 indentation contains tabs&#10;  ./rse_gaussian_filters/filters/kf.py:33:31: E261 at least two spaces before inline comment&#10;  ./rse_gaussian_filters/filters/kf.py:35:1: W191 indentation contains tabs&#10;  ./rse_gaussian_filters/filters/kf.py:36:1: W191 indentation contains tabs&#10;  ./rse_gaussian_filters/filters/kf.py:37:1: W191 indentation contains tabs&#10;  ./rse_gaussian_filters/filters/kf.py:37:100: E501 line too long (114 &gt; 99 characters)&#10;  ./rse_gaussian_filters/filters/kf.py:38:1: W191 indentation contains tabs&#10;  ./rse_gaussian_filters/filters/kf.py:40:1: W191 indentation contains tabs&#10;  ./rse_gaussian_filters/filters/kf.py:41:1: W191 indentation contains tabs&#10;  ./rse_gaussian_filters/filters/kf.py:42:1: W191 indentation contains tabs&#10;  ./rse_gaussian_filters/filters/kf.py:42:1: W293 blank line contains whitespace&#10;  ./rse_gaussian_filters/filters/kf.py:44:1: W191 indentation contains tabs&#10;  ./rse_gaussian_filters/filters/kf.py:44:2: E303 too many blank lines (2)&#10;  ./rse_gaussian_filters/filters/kf.py:45:1: W191 indentation contains tabs&#10;  ./rse_gaussian_filters/filters/kf.py:47:1: W191 indentation contains tabs&#10;  ./rse_gaussian_filters/filters/kf.py:48:1: W191 indentation contains tabs&#10;  ./rse_gaussian_filters/filters/kf.py:49:1: W191 indentation contains tabs&#10;  ./rse_gaussian_filters/filters/kf.py:50:1: W191 indentation contains tabs&#10;  ./rse_gaussian_filters/filters/kf.py:51:1: W191 indentation contains tabs&#10;  ./rse_gaussian_filters/filters/kf.py:52:1: W191 indentation contains tabs&#10;  ./rse_gaussian_filters/filters/kf.py:54:1: W191 indentation contains tabs&#10;  ./rse_gaussian_filters/filters/kf.py:55:1: W191 indentation contains tabs&#10;  ./rse_gaussian_filters/filters/kf.py:56:1: W191 indentation contains tabs&#10;  ./rse_gaussian_filters/filters/kf.py:57:1: W191 indentation contains tabs&#10;  ./rse_gaussian_filters/filters/kf.py:58:1: W191 indentation contains tabs&#10;  ./rse_gaussian_filters/filters/kf.py:60:1: W191 indentation contains tabs&#10;  ./rse_gaussian_filters/filters/kf.py:62:1: W191 indentation contains tabs&#10;  ./rse_gaussian_filters/filters/kf.py:63:1: W191 indentation contains tabs&#10;  ./rse_gaussian_filters/filters/kf.py:64:1: W191 indentation contains tabs&#10;  ./rse_gaussian_filters/filters/kf.py:65:1: W191 indentation contains tabs&#10;  ./rse_gaussian_filters/filters/kf.py:66:1: W191 indentation contains tabs&#10;  ./rse_gaussian_filters/filters/kf.py:67:1: W191 indentation contains tabs&#10;  ./rse_gaussian_filters/filters/kf.py:68:1: W191 indentation contains tabs&#10;  ./rse_gaussian_filters/filters/kf.py:69:1: W191 indentation contains tabs&#10;  ./rse_gaussian_filters/filters/kf.py:70:1: W191 indentation contains tabs&#10;  ./rse_gaussian_filters/filters/kf.py:71:1: W191 indentation contains tabs&#10;  ./rse_gaussian_filters/filters/kf.py:73:1: W191 indentation contains tabs&#10;  ./rse_gaussian_filters/filters/kf.py:74:1: W191 indentation contains tabs&#10;  ./rse_gaussian_filters/filters/kf.py:75:1: W191 indentation contains tabs&#10;  ./rse_gaussian_filters/filters/kf.py:76:1: W191 indentation contains tabs&#10;  ./rse_gaussian_filters/filters/kf.py:77:1: W191 indentation contains tabs&#10;  ./rse_gaussian_filters/filters/kf.py:79:1: W191 indentation contains tabs&#10;  ./rse_gaussian_filters/filters/kf.py:79:29: W292 no newline at end of file&#10;  ./rse_gaussian_filters/filters/einf.py:4:1: E302 expected 2 blank lines, found 1&#10;  ./rse_gaussian_filters/filters/einf.py:6:1: W191 indentation contains tabs&#10;  ./rse_gaussian_filters/filters/einf.py:7:1: W191 indentation contains tabs&#10;  ./rse_gaussian_filters/filters/einf.py:8:1: W191 indentation contains tabs&#10;  ./rse_gaussian_filters/filters/einf.py:9:1: W191 indentation contains tabs&#10;  ./rse_gaussian_filters/filters/einf.py:10:1: W191 indentation contains tabs&#10;  ./rse_gaussian_filters/filters/einf.py:10:1: W293 blank line contains whitespace&#10;  ./rse_gaussian_filters/filters/einf.py:11:1: W191 indentation contains tabs&#10;  ./rse_gaussian_filters/filters/einf.py:12:1: W191 indentation contains tabs&#10;  ./rse_gaussian_filters/filters/einf.py:13:1: W191 indentation contains tabs&#10;  ./rse_gaussian_filters/filters/einf.py:14:1: W191 indentation contains tabs&#10;  ./rse_gaussian_filters/filters/einf.py:14:1: W293 blank line contains whitespace&#10;  ./rse_gaussian_filters/filters/einf.py:15:1: W191 indentation contains tabs&#10;  ./rse_gaussian_filters/filters/einf.py:15:42: E261 at least two spaces before inline comment&#10;  ./rse_gaussian_filters/filters/einf.py:16:1: W191 indentation contains tabs&#10;  ./rse_gaussian_filters/filters/einf.py:16:1: W293 blank line contains whitespace&#10;  ./rse_gaussian_filters/filters/einf.py:17:1: W191 indentation contains tabs&#10;  ./rse_gaussian_filters/filters/einf.py:18:1: W191 indentation contains tabs&#10;  ./rse_gaussian_filters/filters/einf.py:19:1: W191 indentation contains tabs&#10;  ./rse_gaussian_filters/filters/einf.py:20:1: W191 indentation contains tabs&#10;  ./rse_gaussian_filters/filters/einf.py:22:1: W191 indentation contains tabs&#10;  ./rse_gaussian_filters/filters/einf.py:23:1: W191 indentation contains tabs&#10;  ./rse_gaussian_filters/filters/einf.py:23:39: E261 at least two spaces before inline comment&#10;  ./rse_gaussian_filters/filters/einf.py:25:1: W191 indentation contains tabs&#10;  ./rse_gaussian_filters/filters/einf.py:26:1: W191 indentation contains tabs&#10;  ./rse_gaussian_filters/filters/einf.py:27:1: W191 indentation contains tabs&#10;  ./rse_gaussian_filters/filters/einf.py:28:1: W191 indentation contains tabs&#10;  ./rse_gaussian_filters/filters/einf.py:29:1: W191 indentation contains tabs&#10;  ./rse_gaussian_filters/filters/einf.py:29:37: W291 trailing whitespace&#10;  ./rse_gaussian_filters/filters/einf.py:31:1: W191 indentation contains tabs&#10;  ./rse_gaussian_filters/filters/einf.py:32:1: W191 indentation contains tabs&#10;  ./rse_gaussian_filters/filters/einf.py:33:1: W191 indentation contains tabs&#10;  ./rse_gaussian_filters/filters/einf.py:33:1: W293 blank line contains whitespace&#10;  ./rse_gaussian_filters/filters/einf.py:34:1: W191 indentation contains tabs&#10;  ./rse_gaussian_filters/filters/einf.py:35:1: W191 indentation contains tabs&#10;  ./rse_gaussian_filters/filters/einf.py:35:1: W293 blank line contains whitespace&#10;  ./rse_gaussian_filters/filters/einf.py:36:1: W191 indentation contains tabs&#10;  ./rse_gaussian_filters/filters/einf.py:37:1: W191 indentation contains tabs&#10;  ./rse_gaussian_filters/filters/einf.py:38:1: W191 indentation contains tabs&#10;  ./rse_gaussian_filters/filters/einf.py:39:1: W191 indentation contains tabs&#10;  ./rse_gaussian_filters/filters/einf.py:40:1: W191 indentation contains tabs&#10;  ./rse_gaussian_filters/filters/einf.py:40:1: W293 blank line contains whitespace&#10;  ./rse_gaussian_filters/filters/einf.py:41:1: W191 indentation contains tabs&#10;  ./rse_gaussian_filters/filters/einf.py:41:100: E501 line too long (101 &gt; 99 characters)&#10;  ./rse_gaussian_filters/filters/einf.py:42:1: W191 indentation contains tabs&#10;  ./rse_gaussian_filters/filters/einf.py:43:1: W191 indentation contains tabs&#10;  ./rse_gaussian_filters/filters/einf.py:45:1: W191 indentation contains tabs&#10;  ./rse_gaussian_filters/filters/einf.py:46:1: W191 indentation contains tabs&#10;  ./rse_gaussian_filters/filters/einf.py:47:1: W191 indentation contains tabs&#10;  ./rse_gaussian_filters/filters/einf.py:49:1: W191 indentation contains tabs&#10;  ./rse_gaussian_filters/filters/einf.py:50:1: W191 indentation contains tabs&#10;  ./rse_gaussian_filters/filters/einf.py:51:1: W191 indentation contains tabs&#10;  ./rse_gaussian_filters/filters/einf.py:52:1: W191 indentation contains tabs&#10;  ./rse_gaussian_filters/filters/einf.py:54:1: W191 indentation contains tabs&#10;  ./rse_gaussian_filters/filters/einf.py:56:1: W191 indentation contains tabs&#10;  ./rse_gaussian_filters/filters/einf.py:58:1: W191 indentation contains tabs&#10;  ./rse_gaussian_filters/filters/einf.py:59:1: W191 indentation contains tabs&#10;  ./rse_gaussian_filters/filters/einf.py:60:1: W191 indentation contains tabs&#10;  ./rse_gaussian_filters/filters/einf.py:60:73: W291 trailing whitespace&#10;  ./rse_gaussian_filters/filters/einf.py:61:1: W191 indentation contains tabs&#10;  ./rse_gaussian_filters/filters/einf.py:62:1: W191 indentation contains tabs&#10;  ./rse_gaussian_filters/filters/einf.py:64:1: W191 indentation contains tabs&#10;  ./rse_gaussian_filters/filters/einf.py:66:1: W191 indentation contains tabs&#10;  ./rse_gaussian_filters/filters/einf.py:66:34: W291 trailing whitespace&#10;  ./rse_gaussian_filters/filters/einf.py:67:1: W191 indentation contains tabs&#10;  ./rse_gaussian_filters/filters/einf.py:68:1: W191 indentation contains tabs&#10;  ./rse_gaussian_filters/filters/einf.py:68:100: E501 line too long (130 &gt; 99 characters)&#10;  ./rse_gaussian_filters/filters/einf.py:70:1: W191 indentation contains tabs&#10;  ./rse_gaussian_filters/filters/einf.py:71:1: W191 indentation contains tabs&#10;  ./rse_gaussian_filters/filters/einf.py:72:1: W191 indentation contains tabs&#10;  ./rse_gaussian_filters/filters/einf.py:73:1: W191 indentation contains tabs&#10;  ./rse_gaussian_filters/filters/einf.py:75:1: W191 indentation contains tabs&#10;  ./rse_gaussian_filters/filters/einf.py:76:1: W191 indentation contains tabs&#10;  ./rse_gaussian_filters/filters/einf.py:76:1: W293 blank line contains whitespace&#10;  ./rse_gaussian_filters/filters/einf.py:77:1: W191 indentation contains tabs&#10;  ./rse_gaussian_filters/filters/ukf.py:7:19: W291 trailing whitespace&#10;  ./rse_gaussian_filters/filters/ukf.py:16:1: E302 expected 2 blank lines, found 1&#10;  ./rse_gaussian_filters/filters/ukf.py:17:1: W191 indentation contains tabs&#10;  ./rse_gaussian_filters/filters/ukf.py:18:1: W191 indentation contains tabs&#10;  ./rse_gaussian_filters/filters/ukf.py:20:1: W191 indentation contains tabs&#10;  ./rse_gaussian_filters/filters/ukf.py:22:1: E302 expected 2 blank lines, found 1&#10;  ./rse_gaussian_filters/filters/ukf.py:23:1: W191 indentation contains tabs&#10;  ./rse_gaussian_filters/filters/ukf.py:24:1: W191 indentation contains tabs&#10;  ./rse_gaussian_filters/filters/ukf.py:26:1: W191 indentation contains tabs&#10;  ./rse_gaussian_filters/filters/ukf.py:28:1: E302 expected 2 blank lines, found 1&#10;  ./rse_gaussian_filters/filters/ukf.py:29:1: W191 indentation contains tabs&#10;  ./rse_gaussian_filters/filters/ukf.py:31:1: W191 indentation contains tabs&#10;  ./rse_gaussian_filters/filters/ukf.py:32:1: W191 indentation contains tabs&#10;  ./rse_gaussian_filters/filters/ukf.py:33:1: W191 indentation contains tabs&#10;  ./rse_gaussian_filters/filters/ukf.py:34:1: W191 indentation contains tabs&#10;  ./rse_gaussian_filters/filters/ukf.py:35:1: W191 indentation contains tabs&#10;  ./rse_gaussian_filters/filters/ukf.py:36:1: W191 indentation contains tabs&#10;  ./rse_gaussian_filters/filters/ukf.py:36:1: W293 blank line contains whitespace&#10;  ./rse_gaussian_filters/filters/ukf.py:37:1: W191 indentation contains tabs&#10;  ./rse_gaussian_filters/filters/ukf.py:39:1: E302 expected 2 blank lines, found 1&#10;  ./rse_gaussian_filters/filters/ukf.py:41:1: W191 indentation contains tabs&#10;  ./rse_gaussian_filters/filters/ukf.py:42:1: W191 indentation contains tabs&#10;  ./rse_gaussian_filters/filters/ukf.py:43:1: W191 indentation contains tabs&#10;  ./rse_gaussian_filters/filters/ukf.py:44:1: W191 indentation contains tabs&#10;  ./rse_gaussian_filters/filters/ukf.py:45:1: W191 indentation contains tabs&#10;  ./rse_gaussian_filters/filters/ukf.py:45:1: W293 blank line contains whitespace&#10;  ./rse_gaussian_filters/filters/ukf.py:46:1: W191 indentation contains tabs&#10;  ./rse_gaussian_filters/filters/ukf.py:47:1: W191 indentation contains tabs&#10;  ./rse_gaussian_filters/filters/ukf.py:48:1: W191 indentation contains tabs&#10;  ./rse_gaussian_filters/filters/ukf.py:49:1: W191 indentation contains tabs&#10;  ./rse_gaussian_filters/filters/ukf.py:50:1: W191 indentation contains tabs&#10;  ./rse_gaussian_filters/filters/ukf.py:51:1: W191 indentation contains tabs&#10;  ./rse_gaussian_filters/filters/ukf.py:52:1: W191 indentation contains tabs&#10;  ./rse_gaussian_filters/filters/ukf.py:53:1: W191 indentation contains tabs&#10;  ./rse_gaussian_filters/filters/ukf.py:54:1: W191 indentation contains tabs&#10;  ./rse_gaussian_filters/filters/ukf.py:55:1: W191 indentation contains tabs&#10;  ./rse_gaussian_filters/filters/ukf.py:57:1: W191 indentation contains tabs&#10;  ./rse_gaussian_filters/filters/ukf.py:57:52: W291 trailing whitespace&#10;  ./rse_gaussian_filters/filters/ukf.py:58:1: W191 indentation contains tabs&#10;  ./rse_gaussian_filters/filters/ukf.py:60:1: W191 indentation contains tabs&#10;  ./rse_gaussian_filters/filters/ukf.py:61:1: W191 indentation contains tabs&#10;  ./rse_gaussian_filters/filters/ukf.py:61:1: W293 blank line contains whitespace&#10;  ./rse_gaussian_filters/filters/ukf.py:62:1: W191 indentation contains tabs&#10;  ./rse_gaussian_filters/filters/ukf.py:63:1: W191 indentation contains tabs&#10;  ./rse_gaussian_filters/filters/ukf.py:64:1: W191 indentation contains tabs&#10;  ./rse_gaussian_filters/filters/ukf.py:65:1: W191 indentation contains tabs&#10;  ./rse_gaussian_filters/filters/ukf.py:65:45: W291 trailing whitespace&#10;  ./rse_gaussian_filters/filters/ukf.py:67:1: W191 indentation contains tabs&#10;  ./rse_gaussian_filters/filters/ukf.py:69:1: W191 indentation contains tabs&#10;  ./rse_gaussian_filters/filters/ukf.py:70:1: W191 indentation contains tabs&#10;  ./rse_gaussian_filters/filters/ukf.py:71:1: W191 indentation contains tabs&#10;  ./rse_gaussian_filters/filters/ukf.py:72:1: W191 indentation contains tabs&#10;  ./rse_gaussian_filters/filters/ukf.py:74:1: W191 indentation contains tabs&#10;  ./rse_gaussian_filters/filters/ukf.py:75:1: W191 indentation contains tabs&#10;  ./rse_gaussian_filters/filters/ukf.py:76:1: W191 indentation contains tabs&#10;  ./rse_gaussian_filters/filters/ukf.py:77:1: W191 indentation contains tabs&#10;  ./rse_gaussian_filters/filters/ukf.py:79:1: W191 indentation contains tabs&#10;  ./rse_gaussian_filters/filters/ukf.py:80:1: W191 indentation contains tabs&#10;  ./rse_gaussian_filters/filters/ukf.py:81:1: W191 indentation contains tabs&#10;  ./rse_gaussian_filters/filters/ukf.py:82:1: W191 indentation contains tabs&#10;  ./rse_gaussian_filters/filters/ukf.py:83:1: W191 indentation contains tabs&#10;  ./rse_gaussian_filters/filters/ukf.py:84:1: W191 indentation contains tabs&#10;  ./rse_gaussian_filters/filters/ukf.py:86:1: W191 indentation contains tabs&#10;  ./rse_gaussian_filters/filters/ukf.py:87:1: W191 indentation contains tabs&#10;  ./rse_gaussian_filters/filters/ukf.py:88:1: W191 indentation contains tabs&#10;  ./rse_gaussian_filters/filters/ukf.py:89:1: W191 indentation contains tabs&#10;  ./rse_gaussian_filters/filters/ukf.py:90:1: W191 indentation contains tabs&#10;  ./rse_gaussian_filters/filters/ukf.py:90:17: E221 multiple spaces before operator&#10;  ./rse_gaussian_filters/filters/ukf.py:90:100: E501 line too long (147 &gt; 99 characters)&#10;  ./rse_gaussian_filters/filters/ukf.py:90:103: E261 at least two spaces before inline comment&#10;  ./rse_gaussian_filters/filters/ukf.py:91:1: W191 indentation contains tabs&#10;  ./rse_gaussian_filters/filters/ukf.py:91:100: E501 line too long (108 &gt; 99 characters)&#10;  ./rse_gaussian_filters/filters/ukf.py:93:1: W191 indentation contains tabs&#10;  ./rse_gaussian_filters/filters/ukf.py:94:1: W191 indentation contains tabs&#10;  ./rse_gaussian_filters/filters/ukf.py:94:1: W293 blank line contains whitespace&#10;  ./rse_gaussian_filters/filters/ukf.py:95:1: W191 indentation contains tabs&#10;  ./rse_gaussian_filters/filters/ukf.py:96:1: W191 indentation contains tabs&#10;  ./rse_gaussian_filters/filters/ukf.py:97:1: W191 indentation contains tabs&#10;  ./rse_gaussian_filters/filters/ukf.py:98:1: W191 indentation contains tabs&#10;  ./rse_gaussian_filters/filters/ukf.py:99:1: W191 indentation contains tabs&#10;  ./rse_gaussian_filters/filters/ukf.py:100:1: W191 indentation contains tabs&#10;  ./rse_gaussian_filters/filters/ukf.py:102:1: W191 indentation contains tabs&#10;  ./rse_gaussian_filters/filters/ukf.py:103:1: W191 indentation contains tabs&#10;  ./rse_gaussian_filters/filters/ukf.py:103:17: E221 multiple spaces before operator&#10;  ./rse_gaussian_filters/filters/ukf.py:103:61: W291 trailing whitespace&#10;  ./rse_gaussian_filters/filters/ukf.py:104:1: W191 indentation contains tabs&#10;  ./rse_gaussian_filters/filters/ukf.py:106:1: W191 indentation contains tabs&#10;  ./rse_gaussian_filters/filters/ukf.py:109:1: W191 indentation contains tabs&#10;  ./rse_gaussian_filters/filters/ukf.py:109:2: E303 too many blank lines (2)&#10;  ./rse_gaussian_filters/filters/ukf.py:110:1: W191 indentation contains tabs&#10;  ./rse_gaussian_filters/filters/ukf.py:111:1: W191 indentation contains tabs&#10;  ./rse_gaussian_filters/filters/ukf.py:112:1: W191 indentation contains tabs&#10;  ./rse_gaussian_filters/filters/ukf.py:113:1: W191 indentation contains tabs&#10;  ./rse_gaussian_filters/filters/ukf.py:113:1: W293 blank line contains whitespace&#10;  ./rse_gaussian_filters/filters/ukf.py:114:1: W191 indentation contains tabs&#10;  ./rse_gaussian_filters/filters/ukf.py:115:1: W191 indentation contains tabs&#10;  ./rse_gaussian_filters/filters/ukf.py:116:1: W191 indentation contains tabs&#10;  ./rse_gaussian_filters/filters/ukf.py:117:1: W191 indentation contains tabs&#10;  ./rse_gaussian_filters/filters/ukf.py:119:1: W191 indentation contains tabs&#10;  ./rse_gaussian_filters/filters/ukf.py:119:40: W291 trailing whitespace&#10;  ./rse_gaussian_filters/filters/ukf.py:120:1: W191 indentation contains tabs&#10;  ./rse_gaussian_filters/filters/ukf.py:121:1: W191 indentation contains tabs&#10;  ./rse_gaussian_filters/filters/ukf.py:121:1: W293 blank line contains whitespace&#10;  ./rse_gaussian_filters/filters/ukf.py:122:1: W191 indentation contains tabs&#10;  ./rse_gaussian_filters/filters/ukf.py:123:1: W191 indentation contains tabs&#10;  ./rse_gaussian_filters/filters/ukf.py:124:1: W191 indentation contains tabs&#10;  ./rse_gaussian_filters/filters/ukf.py:125:1: W191 indentation contains tabs&#10;  ./rse_gaussian_filters/filters/ukf.py:126:1: W191 indentation contains tabs&#10;  ./rse_gaussian_filters/filters/ukf.py:127:1: W191 indentation contains tabs&#10;  ./rse_gaussian_filters/filters/ukf.py:128:1: W191 indentation contains tabs&#10;  ./rse_gaussian_filters/filters/ukf.py:129:1: W191 indentation contains tabs&#10;  ./rse_gaussian_filters/filters/ukf.py:130:1: W191 indentation contains tabs&#10;  ./rse_gaussian_filters/filters/ukf.py:132:1: W191 indentation contains tabs&#10;  ./rse_gaussian_filters/filters/ukf.py:134:1: W191 indentation contains tabs&#10;  ./rse_gaussian_filters/filters/ukf.py:136:1: W191 indentation contains tabs&#10;  ./rse_gaussian_filters/filters/ukf.py:138:1: W191 indentation contains tabs&#10;  ./rse_gaussian_filters/filters/ukf.py:139:1: W191 indentation contains tabs&#10;  ./rse_gaussian_filters/filters/ukf.py:139:73: W291 trailing whitespace&#10;  ./rse_gaussian_filters/filters/ukf.py:140:1: W191 indentation contains tabs&#10;  ./rse_gaussian_filters/filters/ukf.py:141:1: W191 indentation contains tabs&#10;  ./rse_gaussian_filters/filters/ukf.py:142:1: W191 indentation contains tabs&#10;  ./rse_gaussian_filters/filters/ukf.py:142:1: W293 blank line contains whitespace&#10;  ./rse_gaussian_filters/filters/ukf.py:143:1: W191 indentation contains tabs&#10;  ./rse_gaussian_filters/filters/ukf.py:144:1: W191 indentation contains tabs&#10;  ./rse_gaussian_filters/filters/ukf.py:146:1: W191 indentation contains tabs&#10;  ./rse_gaussian_filters/filters/ukf.py:147:1: W191 indentation contains tabs&#10;  ./rse_gaussian_filters/filters/ukf.py:148:1: W191 indentation contains tabs&#10;  ./rse_gaussian_filters/filters/ukf.py:149:1: W191 indentation contains tabs&#10;  ./rse_gaussian_filters/filters/ukf.py:149:37: E261 at least two spaces before inline comment&#10;  ./rse_gaussian_filters/filters/ukf.py:151:1: W191 indentation contains tabs&#10;  ./rse_gaussian_filters/filters/ukf.py:152:1: W191 indentation contains tabs&#10;  ./rse_gaussian_filters/filters/ukf.py:153:1: W191 indentation contains tabs&#10;  ./rse_gaussian_filters/filters/ukf.py:153:1: W293 blank line contains whitespace&#10;  ./rse_gaussian_filters/filters/ukf.py:154:1: W191 indentation contains tabs&#10;  ./rse_gaussian_filters/filters/ukf.py:155:1: W191 indentation contains tabs&#10;  ./rse_gaussian_filters/filters/ukf.py:156:1: W191 indentation contains tabs&#10;  ./rse_gaussian_filters/filters/ukf.py:157:1: W191 indentation contains tabs&#10;  ./rse_gaussian_filters/filters/ukf.py:158:1: W191 indentation contains tabs&#10;  ./rse_gaussian_filters/filters/ukf.py:159:1: W191 indentation contains tabs&#10;  ./rse_gaussian_filters/filters/ukf.py:160:1: W191 indentation contains tabs&#10;  ./rse_gaussian_filters/filters/ukf.py:161:1: W191 indentation contains tabs&#10;  ./rse_gaussian_filters/filters/ukf.py:162:1: W191 indentation contains tabs&#10;  ./rse_gaussian_filters/filters/ukf.py:164:1: W191 indentation contains tabs&#10;  ./rse_gaussian_filters/filters/ukf.py:166:1: W191 indentation contains tabs&#10;  ./rse_gaussian_filters/filters/ukf.py:167:1: W191 indentation contains tabs&#10;  ./rse_gaussian_filters/filters/ukf.py:169:1: W191 indentation contains tabs&#10;  ./rse_gaussian_filters/filters/ukf.py:170:1: W191 indentation contains tabs&#10;  ./rse_gaussian_filters/filters/ukf.py:171:1: W191 indentation contains tabs&#10;  ./rse_gaussian_filters/filters/ukf.py:171:53: W291 trailing whitespace&#10;  ./rse_gaussian_filters/filters/ukf.py:172:1: W191 indentation contains tabs&#10;  ./rse_gaussian_filters/filters/ukf.py:174:1: W191 indentation contains tabs&#10;  ./rse_gaussian_filters/filters/ukf.py:175:1: W191 indentation contains tabs&#10;  ./rse_gaussian_filters/filters/ukf.py:175:41: W291 trailing whitespace&#10;  ./rse_gaussian_filters/filters/ukf.py:177:1: W191 indentation contains tabs&#10;  ./rse_gaussian_filters/filters/ukf.py:178:1: W191 indentation contains tabs&#10;  ./rse_gaussian_filters/filters/ukf.py:179:1: W191 indentation contains tabs&#10;  ./rse_gaussian_filters/filters/ukf.py:179:80: E203 whitespace before ','&#10;  ./rse_gaussian_filters/filters/ukf.py:181:1: W191 indentation contains tabs&#10;  ./rse_gaussian_filters/filters/ukf.py:182:1: W191 indentation contains tabs&#10;  ./rse_gaussian_filters/filters/ukf.py:183:1: W191 indentation contains tabs&#10;  ./rse_gaussian_filters/filters/ukf.py:185:1: W191 indentation contains tabs&#10;  ./rse_gaussian_filters/filters/ukf.py:185:29: W292 no newline at end of file&#10;  ./launch/rviz_launch.launch.py:10:1: E302 expected 2 blank lines, found 1&#10;  ./launch/rviz_launch.launch.py:12:100: E501 line too long (104 &gt; 99 characters)&#10;  ./launch/rviz_launch.launch.py:18:5: E303 too many blank lines (3)&#10;  ./launch/rviz_launch.launch.py:25:1: W293 blank line contains whitespace&#10;  ./launch/rviz_launch.launch.py:31:100: E501 line too long (107 &gt; 99 characters)&#10;  ./launch/rviz_launch.launch.py:31:105: E231 missing whitespace after ','&#10;  ./launch/rviz_launch.launch.py:34:1: W293 blank line contains whitespace&#10;  ./launch/rviz_launch.launch.py:40:1: W391 blank line at end of file&#10;assert 1 == 0">test/test_flake8.py:23: in test_flake8
    assert rc == 0, \
E   AssertionError: Found 815 code style errors / warnings:
E     ./setup.py:46:1: W293 blank line contains whitespace
E     ./rse_gaussian_filters/ukf_7d_state_estimation_no_cmd.py:11:100: E501 line too long (141 &gt; 99 characters)
E     ./rse_gaussian_filters/ukf_7d_state_estimation_no_cmd.py:16:1: E302 expected 2 blank lines, found 1
E     ./rse_gaussian_filters/ukf_7d_state_estimation_no_cmd.py:18:1: W293 blank line contains whitespace
E     ./rse_gaussian_filters/ukf_7d_state_estimation_no_cmd.py:21:58: E261 at least two spaces before inline comment
E     ./rse_gaussian_filters/ukf_7d_state_estimation_no_cmd.py:22:100: E501 line too long (174 &gt; 99 characters)
E     ./rse_gaussian_filters/ukf_7d_state_estimation_no_cmd.py:22:136: E261 at least two spaces before inline comment
E     ./rse_gaussian_filters/ukf_7d_state_estimation_no_cmd.py:22:137: E262 inline comment should start with '# '
E     ./rse_gaussian_filters/ukf_7d_state_estimation_no_cmd.py:23:1: W293 blank line contains whitespace
E     ./rse_gaussian_filters/ukf_7d_state_estimation_no_cmd.py:25:53: W291 trailing whitespace
E     ./rse_gaussian_filters/ukf_7d_state_estimation_no_cmd.py:27:58: W291 trailing whitespace
E     ./rse_gaussian_filters/ukf_7d_state_estimation_no_cmd.py:34:45: W291 trailing whitespace
[...]
E     ./rse_gaussian_filters/filters/einf.py:10:1: W191 indentation contains tabs
E     ./rse_gaussian_filters/filters/einf.py:10:1: W293 blank line contains whitespace
E     ./rse_gaussian_filters/filters/einf.py:11:1: W191 indentation contains tabs
E     ./rse_gaussian_filters/filters/einf.py:12:1: W191 indentation contains tabs
E     ./rse_gaussian_filters/filters/einf.py:13:1: W191 indentation contains tabs
E     ./rse_gaussian_filters/filters/einf.py:14:1: W191 indentation contains tabs
E     ./rse_gaussian_filters/filters/einf.py:14:1: W293 blank line contains whitespace
E     ./rse_gaussian_filters/filters/einf.py:15:1: W191 indentation contains tabs
E     ./rse_gaussian_filters/filters/einf.py:15:42: E261 at least two spaces before inline comment
E     ./rse_gaussian_filters/filters/einf.py:16:1: W191 indentation contains tabs
E     ./rse_gaussian_filters/filters/einf.py:16:1: W293 blank line contains whitespace
E     ./rse_gaussian_filters/filters/einf.py:17:1: W191 indentation contains tabs
E     ./rse_gaussian_filters/filters/einf.py:18:1: W191 indentation contains tabs
E     ./rse_gaussian_filters/filters/einf.py:19:1: W191 indentation contains tabs
E     ./rse_gaussian_filters/filters/einf.py:20:1: W191 indentation contains tabs
E     ./rse_gaussian_filters/filters/einf.py:22:1: W191 indentation contains tabs
E     ./rse_gaussian_filters/filters/einf.py:23:1: W191 indentation contains tabs
E     ./rse_gaussian_filters/filters/einf.py:23:39: E261 at least two spaces before inline comment
E     ./rse_gaussian_filters/filters/einf.py:25:1: W191 indentation contains tabs
E     ./rse_gaussian_filters/filters/einf.py:26:1: W191 indentation contains tabs
E     ./rse_gaussian_filters/filters/einf.py:27:1: W191 indentation contains tabs
E     ./rse_gaussian_filters/filters/einf.py:28:1: W191 indentation contains tabs
E     ./rse_gaussian_filters/filters/einf.py:29:1: W191 indentation contains tabs
E     ./rse_gaussian_filters/filters/einf.py:29:37: W291 trailing whitespace
E     ./rse_gaussian_filters/filters/einf.py:31:1: W191 indentation contains tabs
E     ./rse_gaussian_filters/filters/einf.py:32:1: W191 indentation contains tabs
E     ./rse_gaussian_filters/filters/einf.py:33:1: W191 indentation contains tabs
E     ./rse_gaussian_filters/filters/einf.py:33:1: W293 blank line contains whitespace
E     ./rse_gaussian_filters/filters/einf.py:34:1: W191 indentation contains tabs
E     ./rse_gaussian_filters/filters/einf.py:35:1: W191 indentation contains tabs
E     ./rse_gaussian_filters/filters/einf.py:35:1: W293 blank line contains whitespace
E     ./rse_gaussian_filters/filters/einf.py:36:1: W191 indentation contains tabs
E     ./rse_gaussian_filters/filters/einf.py:37:1: W191 indentation contains tabs
E     ./rse_gaussian_filters/filters/einf.py:38:1: W191 indentation contains tabs
E     ./rse_gaussian_filters/filters/einf.py:39:1: W191 indentation contains tabs
E     ./rse_gaussian_filters/filters/einf.py:40:1: W191 indentation contains tabs
E     ./rse_gaussian_filters/filters/einf.py:40:1: W293 blank line contains whitespace
E     ./rse_gaussian_filters/filters/einf.py:41:1: W191 indentation contains tabs
E     ./rse_gaussian_filters/filters/einf.py:41:100: E501 line too long (101 &gt; 99 characters)
E     ./rse_gaussian_filters/filters/einf.py:42:1: W191 indentation contains tabs
E     ./rse_gaussian_filters/filters/einf.py:43:1: W191 indentation contains tabs
E     ./rse_gaussian_filters/filters/einf.py:45:1: W191 indentation contains tabs
E     ./rse_gaussian_filters/filters/einf.py:46:1: W191 indentation contains tabs
E     ./rse_gaussian_filters/filters/einf.py:47:1: W191 indentation contains tabs
E     ./rse_gaussian_filters/filters/einf.py:49:1: W191 indentation contains tabs
E     ./rse_gaussian_filters/filters/einf.py:50:1: W191 indentation contains tabs
E     ./rse_gaussian_filters/filters/einf.py:51:1: W191 indentation contains tabs
E     ./rse_gaussian_filters/filters/einf.py:52:1: W191 indentation contains tabs
E     ./rse_gaussian_filters/filters/einf.py:54:1: W191 indentation contains tabs
E     ./rse_gaussian_filters/filters/einf.py:56:1: W191 indentation contains tabs
E     ./rse_gaussian_filters/filters/einf.py:58:1: W191 indentation contains tabs
E     ./rse_gaussian_filters/filters/einf.py:59:1: W191 indentation contains tabs
E     ./rse_gaussian_filters/filters/einf.py:60:1: W191 indentation contains tabs
E     ./rse_gaussian_filters/filters/einf.py:60:73: W291 trailing whitespace
E     ./rse_gaussian_filters/filters/einf.py:61:1: W191 indentation contains tabs
E     ./rse_gaussian_filters/filters/einf.py:62:1: W191 indentation contains tabs
E     ./rse_gaussian_filters/filters/einf.py:64:1: W191 indentation contains tabs
E     ./rse_gaussian_filters/filters/einf.py:66:1: W191 indentation contains tabs
E     ./rse_gaussian_filters/filters/einf.py:66:34: W291 trailing whitespace
E     ./rse_gaussian_filters/filters/einf.py:67:1: W191 indentation contains tabs
E     ./rse_gaussian_filters/filters/einf.py:68:1: W191 indentation contains tabs
E     ./rse_gaussian_filters/filters/einf.py:68:100: E501 line too long (130 &gt; 99 characters)
E     ./rse_gaussian_filters/filters/einf.py:70:1: W191 indentation contains tabs
E     ./rse_gaussian_filters/filters/einf.py:71:1: W191 indentation contains tabs
E     ./rse_gaussian_filters/filters/einf.py:72:1: W191 indentation contains tabs
E     ./rse_gaussian_filters/filters/einf.py:73:1: W191 indentation contains tabs
E     ./rse_gaussian_filters/filters/einf.py:75:1: W191 indentation contains tabs
E     ./rse_gaussian_filters/filters/einf.py:76:1: W191 indentation contains tabs
E     ./rse_gaussian_filters/filters/einf.py:76:1: W293 blank line contains whitespace
E     ./rse_gaussian_filters/filters/einf.py:77:1: W191 indentation contains tabs
E     ./rse_gaussian_filters/filters/ukf.py:7:19: W291 trailing whitespace
E     ./rse_gaussian_filters/filters/ukf.py:16:1: E302 expected 2 blank lines, found 1
E     ./rse_gaussian_filters/filters/ukf.py:17:1: W191 indentation contains tabs
E     ./rse_gaussian_filters/filters/ukf.py:18:1: W191 indentation contains tabs
E     ./rse_gaussian_filters/filters/ukf.py:20:1: W191 indentation contains tabs
E     ./rse_gaussian_filters/filters/ukf.py:22:1: E302 expected 2 blank lines, found 1
E     ./rse_gaussian_filters/filters/ukf.py:23:1: W191 indentation contains tabs
E     ./rse_gaussian_filters/filters/ukf.py:24:1: W191 indentation contains tabs
E     ./rse_gaussian_filters/filters/ukf.py:26:1: W191 indentation contains tabs
E     ./rse_gaussian_filters/filters/ukf.py:28:1: E302 expected 2 blank lines, found 1
E     ./rse_gaussian_filters/filters/ukf.py:29:1: W191 indentation contains tabs
E     ./rse_gaussian_filters/filters/ukf.py:31:1: W191 indentation contains tabs
E     ./rse_gaussian_filters/filters/ukf.py:32:1: W191 indentation contains tabs
E     ./rse_gaussian_filters/filters/ukf.py:33:1: W191 indentation contains tabs
E     ./rse_gaussian_filters/filters/ukf.py:34:1: W191 indentation contains tabs
E     ./rse_gaussian_filters/filters/ukf.py:35:1: W191 indentation contains tabs
E     ./rse_gaussian_filters/filters/ukf.py:36:1: W191 indentation contains tabs
E     ./rse_gaussian_filters/filters/ukf.py:36:1: W293 blank line contains whitespace
E     ./rse_gaussian_filters/filters/ukf.py:37:1: W191 indentation contains tabs
E     ./rse_gaussian_filters/filters/ukf.py:39:1: E302 expected 2 blank lines, found 1
E     ./rse_gaussian_filters/filters/ukf.py:41:1: W191 indentation contains tabs
E     ./rse_gaussian_filters/filters/ukf.py:42:1: W191 indentation contains tabs
E     ./rse_gaussian_filters/filters/ukf.py:43:1: W191 indentation contains tabs
E     ./rse_gaussian_filters/filters/ukf.py:44:1: W191 indentation contains tabs
E     ./rse_gaussian_filters/filters/ukf.py:45:1: W191 indentation contains tabs
E     ./rse_gaussian_filters/filters/ukf.py:45:1: W293 blank line contains whitespace
E     ./rse_gaussian_filters/filters/ukf.py:46:1: W191 indentation contains tabs
E     ./rse_gaussian_filters/filters/ukf.py:47:1: W191 indentation contains tabs
E     ./rse_gaussian_filters/filters/ukf.py:48:1: W191 indentation contains tabs
E     ./rse_gaussian_filters/filters/ukf.py:49:1: W191 indentation contains tabs
E     ./rse_gaussian_filters/filters/ukf.py:50:1: W191 indentation contains tabs
E     ./rse_gaussian_filters/filters/ukf.py:51:1: W191 indentation contains tabs
E     ./rse_gaussian_filters/filters/ukf.py:52:1: W191 indentation contains tabs
E     ./rse_gaussian_filters/filters/ukf.py:53:1: W191 indentation contains tabs
E     ./rse_gaussian_filters/filters/ukf.py:54:1: W191 indentation contains tabs
E     ./rse_gaussian_filters/filters/ukf.py:55:1: W191 indentation contains tabs
E     ./rse_gaussian_filters/filters/ukf.py:57:1: W191 indentation contains tabs
E     ./rse_gaussian_filters/filters/ukf.py:57:52: W291 trailing whitespace
E     ./rse_gaussian_filters/filters/ukf.py:58:1: W191 indentation contains tabs
E     ./rse_gaussian_filters/filters/ukf.py:60:1: W191 indentation contains tabs
E     ./rse_gaussian_filters/filters/ukf.py:61:1: W191 indentation contains tabs
E     ./rse_gaussian_filters/filters/ukf.py:61:1: W293 blank line contains whitespace
E     ./rse_gaussian_filters/filters/ukf.py:62:1: W191 indentation contains tabs
E     ./rse_gaussian_filters/filters/ukf.py:63:1: W191 indentation contains tabs
E     ./rse_gaussian_filters/filters/ukf.py:64:1: W191 indentation contains tabs
E     ./rse_gaussian_filters/filters/ukf.py:65:1: W191 indentation contains tabs
E     ./rse_gaussian_filters/filters/ukf.py:65:45: W291 trailing whitespace
E     ./rse_gaussian_filters/filters/ukf.py:67:1: W191 indentation contains tabs
E     ./rse_gaussian_filters/filters/ukf.py:69:1: W191 indentation contains tabs
E     ./rse_gaussian_filters/filters/ukf.py:70:1: W191 indentation contains tabs
E     ./rse_gaussian_filters/filters/ukf.py:71:1: W191 indentation contains tabs
E     ./rse_gaussian_filters/filters/ukf.py:72:1: W191 indentation contains tabs
E     ./rse_gaussian_filters/filters/ukf.py:74:1: W191 indentation contains tabs
E     ./rse_gaussian_filters/filters/ukf.py:75:1: W191 indentation contains tabs
E     ./rse_gaussian_filters/filters/ukf.py:76:1: W191 indentation contains tabs
E     ./rse_gaussian_filters/filters/ukf.py:77:1: W191 indentation contains tabs
E     ./rse_gaussian_filters/filters/ukf.py:79:1: W191 indentation contains tabs
E     ./rse_gaussian_filters/filters/ukf.py:80:1: W191 indentation contains tabs
E     ./rse_gaussian_filters/filters/ukf.py:81:1: W191 indentation contains tabs
E     ./rse_gaussian_filters/filters/ukf.py:82:1: W191 indentation contains tabs
E     ./rse_gaussian_filters/filters/ukf.py:83:1: W191 indentation contains tabs
E     ./rse_gaussian_filters/filters/ukf.py:84:1: W191 indentation contains tabs
E     ./rse_gaussian_filters/filters/ukf.py:86:1: W191 indentation contains tabs
E     ./rse_gaussian_filters/filters/ukf.py:87:1: W191 indentation contains tabs
E     ./rse_gaussian_filters/filters/ukf.py:88:1: W191 indentation contains tabs
E     ./rse_gaussian_filters/filters/ukf.py:89:1: W191 indentation contains tabs
E     ./rse_gaussian_filters/filters/ukf.py:90:1: W191 indentation contains tabs
E     ./rse_gaussian_filters/filters/ukf.py:90:17: E221 multiple spaces before operator
E     ./rse_gaussian_filters/filters/ukf.py:90:100: E501 line too long (147 &gt; 99 characters)
E     ./rse_gaussian_filters/filters/ukf.py:90:103: E261 at least two spaces before inline comment
E     ./rse_gaussian_filters/filters/ukf.py:91:1: W191 indentation contains tabs
E     ./rse_gaussian_filters/filters/ukf.py:91:100: E501 line too long (108 &gt; 99 characters)
E     ./rse_gaussian_filters/filters/ukf.py:93:1: W191 indentation contains tabs
E     ./rse_gaussian_filters/filters/ukf.py:94:1: W191 indentation contains tabs
E     ./rse_gaussian_filters/filters/ukf.py:94:1: W293 blank line contains whitespace
E     ./rse_gaussian_filters/filters/ukf.py:95:1: W191 indentation contains tabs
E     ./rse_gaussian_filters/filters/ukf.py:96:1: W191 indentation contains tabs
E     ./rse_gaussian_filters/filters/ukf.py:97:1: W191 indentation contains tabs
E     ./rse_gaussian_filters/filters/ukf.py:98:1: W191 indentation contains tabs
E     ./rse_gaussian_filters/filters/ukf.py:99:1: W191 indentation contains tabs
E     ./rse_gaussian_filters/filters/ukf.py:100:1: W191 indentation contains tabs
E     ./rse_gaussian_filters/filters/ukf.py:102:1: W191 indentation contains tabs
E     ./rse_gaussian_filters/filters/ukf.py:103:1: W191 indentation contains tabs
E     ./rse_gaussian_filters/filters/ukf.py:103:17: E221 multiple spaces before operator
E     ./rse_gaussian_filters/filters/ukf.py:103:61: W291 trailing whitespace
E     ./rse_gaussian_filters/filters/ukf.py:104:1: W191 indentation contains tabs
E     ./rse_gaussian_filters/filters/ukf.py:106:1: W191 indentation contains tabs
E     ./rse_gaussian_filters/filters/ukf.py:109:1: W191 indentation contains tabs
E     ./rse_gaussian_filters/filters/ukf.py:109:2: E303 too many blank lines (2)
E     ./rse_gaussian_filters/filters/ukf.py:110:1: W191 indentation contains tabs
E     ./rse_gaussian_filters/filters/ukf.py:111:1: W191 indentation contains tabs
E     ./rse_gaussian_filters/filters/ukf.py:112:1: W191 indentation contains tabs
E     ./rse_gaussian_filters/filters/ukf.py:113:1: W191 indentation contains tabs
E     ./rse_gaussian_filters/filters/ukf.py:113:1: W293 blank line contains whitespace
E     ./rse_gaussian_filters/filters/ukf.py:114:1: W191 indentation contains tabs
E     ./rse_gaussian_filters/filters/ukf.py:115:1: W191 indentation contains tabs
E     ./rse_gaussian_filters/filters/ukf.py:116:1: W191 indentation contains tabs
E     ./rse_gaussian_filters/filters/ukf.py:117:1: W191 indentation contains tabs
E     ./rse_gaussian_filters/filters/ukf.py:119:1: W191 indentation contains tabs
E     ./rse_gaussian_filters/filters/ukf.py:119:40: W291 trailing whitespace
E     ./rse_gaussian_filters/filters/ukf.py:120:1: W191 indentation contains tabs
E     ./rse_gaussian_filters/filters/ukf.py:121:1: W191 indentation contains tabs
E     ./rse_gaussian_filters/filters/ukf.py:121:1: W293 blank line contains whitespace
E     ./rse_gaussian_filters/filters/ukf.py:122:1: W191 indentation contains tabs
E     ./rse_gaussian_filters/filters/ukf.py:123:1: W191 indentation contains tabs
E     ./rse_gaussian_filters/filters/ukf.py:124:1: W191 indentation contains tabs
E     ./rse_gaussian_filters/filters/ukf.py:125:1: W191 indentation contains tabs
E     ./rse_gaussian_filters/filters/ukf.py:126:1: W191 indentation contains tabs
E     ./rse_gaussian_filters/filters/ukf.py:127:1: W191 indentation contains tabs
E     ./rse_gaussian_filters/filters/ukf.py:128:1: W191 indentation contains tabs
E     ./rse_gaussian_filters/filters/ukf.py:129:1: W191 indentation contains tabs
E     ./rse_gaussian_filters/filters/ukf.py:130:1: W191 indentation contains tabs
E     ./rse_gaussian_filters/filters/ukf.py:132:1: W191 indentation contains tabs
E     ./rse_gaussian_filters/filters/ukf.py:134:1: W191 indentation contains tabs
E     ./rse_gaussian_filters/filters/ukf.py:136:1: W191 indentation contains tabs
E     ./rse_gaussian_filters/filters/ukf.py:138:1: W191 indentation contains tabs
E     ./rse_gaussian_filters/filters/ukf.py:139:1: W191 indentation contains tabs
E     ./rse_gaussian_filters/filters/ukf.py:139:73: W291 trailing whitespace
E     ./rse_gaussian_filters/filters/ukf.py:140:1: W191 indentation contains tabs
E     ./rse_gaussian_filters/filters/ukf.py:141:1: W191 indentation contains tabs
E     ./rse_gaussian_filters/filters/ukf.py:142:1: W191 indentation contains tabs
E     ./rse_gaussian_filters/filters/ukf.py:142:1: W293 blank line contains whitespace
E     ./rse_gaussian_filters/filters/ukf.py:143:1: W191 indentation contains tabs
E     ./rse_gaussian_filters/filters/ukf.py:144:1: W191 indentation contains tabs
E     ./rse_gaussian_filters/filters/ukf.py:146:1: W191 indentation contains tabs
E     ./rse_gaussian_filters/filters/ukf.py:147:1: W191 indentation contains tabs
E     ./rse_gaussian_filters/filters/ukf.py:148:1: W191 indentation contains tabs
E     ./rse_gaussian_filters/filters/ukf.py:149:1: W191 indentation contains tabs
E     ./rse_gaussian_filters/filters/ukf.py:149:37: E261 at least two spaces before inline comment
E     ./rse_gaussian_filters/filters/ukf.py:151:1: W191 indentation contains tabs
E     ./rse_gaussian_filters/filters/ukf.py:152:1: W191 indentation contains tabs
E     ./rse_gaussian_filters/filters/ukf.py:153:1: W191 indentation contains tabs
E     ./rse_gaussian_filters/filters/ukf.py:153:1: W293 blank line contains whitespace
E     ./rse_gaussian_filters/filters/ukf.py:154:1: W191 indentation contains tabs
E     ./rse_gaussian_filters/filters/ukf.py:155:1: W191 indentation contains tabs
E     ./rse_gaussian_filters/filters/ukf.py:156:1: W191 indentation contains tabs
E     ./rse_gaussian_filters/filters/ukf.py:157:1: W191 indentation contains tabs
E     ./rse_gaussian_filters/filters/ukf.py:158:1: W191 indentation contains tabs
E     ./rse_gaussian_filters/filters/ukf.py:159:1: W191 indentation contains tabs
E     ./rse_gaussian_filters/filters/ukf.py:160:1: W191 indentation contains tabs
E     ./rse_gaussian_filters/filters/ukf.py:161:1: W191 indentation contains tabs
E     ./rse_gaussian_filters/filters/ukf.py:162:1: W191 indentation contains tabs
E     ./rse_gaussian_filters/filters/ukf.py:164:1: W191 indentation contains tabs
E     ./rse_gaussian_filters/filters/ukf.py:166:1: W191 indentation contains tabs
E     ./rse_gaussian_filters/filters/ukf.py:167:1: W191 indentation contains tabs
E     ./rse_gaussian_filters/filters/ukf.py:169:1: W191 indentation contains tabs
E     ./rse_gaussian_filters/filters/ukf.py:170:1: W191 indentation contains tabs
E     ./rse_gaussian_filters/filters/ukf.py:171:1: W191 indentation contains tabs
E     ./rse_gaussian_filters/filters/ukf.py:171:53: W291 trailing whitespace
E     ./rse_gaussian_filters/filters/ukf.py:172:1: W191 indentation contains tabs
E     ./rse_gaussian_filters/filters/ukf.py:174:1: W191 indentation contains tabs
E     ./rse_gaussian_filters/filters/ukf.py:175:1: W191 indentation contains tabs
E     ./rse_gaussian_filters/filters/ukf.py:175:41: W291 trailing whitespace
E     ./rse_gaussian_filters/filters/ukf.py:177:1: W191 indentation contains tabs
E     ./rse_gaussian_filters/filters/ukf.py:178:1: W191 indentation contains tabs
E     ./rse_gaussian_filters/filters/ukf.py:179:1: W191 indentation contains tabs
E     ./rse_gaussian_filters/filters/ukf.py:179:80: E203 whitespace before ','
E     ./rse_gaussian_filters/filters/ukf.py:181:1: W191 indentation contains tabs
E     ./rse_gaussian_filters/filters/ukf.py:182:1: W191 indentation contains tabs
E     ./rse_gaussian_filters/filters/ukf.py:183:1: W191 indentation contains tabs
E     ./rse_gaussian_filters/filters/ukf.py:185:1: W191 indentation contains tabs
E     ./rse_gaussian_filters/filters/ukf.py:185:29: W292 no newline at end of file
E     ./launch/rviz_launch.launch.py:10:1: E302 expected 2 blank lines, found 1
E     ./launch/rviz_launch.launch.py:12:100: E501 line too long (104 &gt; 99 characters)
E     ./launch/rviz_launch.launch.py:18:5: E303 too many blank lines (3)
E     ./launch/rviz_launch.launch.py:25:1: W293 blank line contains whitespace
E     ./launch/rviz_launch.launch.py:31:100: E501 line too long (107 &gt; 99 characters)
E     ./launch/rviz_launch.launch.py:31:105: E231 missing whitespace after ','
E     ./launch/rviz_launch.launch.py:34:1: W293 blank line contains whitespace
E     ./launch/rviz_launch.launch.py:40:1: W391 blank line at end of file
E   assert 1 == 0</failure></testcase><testcase classname="rse_gaussian_filters.test.test_pep257" name="test_pep257" time="0.046" /></testsuite></testsuites>