<?xml version="1.0" encoding="utf-8"?><testsuites><testsuite name="pytest" errors="0" failures="2" skipped="1" tests="3" time="0.221" timestamp="2026-09-07T18:47:01.817986" hostname="Alienware"><testcase classname="rse_common_utils.test.test_copyright" name="test_copyright" time="0.000"><skipped type="pytest.skip" message="No copyright header has been placed in the generated source file.">/home/jjy/ros2_ws/src/rse_prob_robotics/rse_common_utils/test/test_copyright.py:20: No copyright header has been placed in the generated source file.</skipped></testcase><testcase classname="rse_common_utils.test.test_flake8" name="test_flake8" time="0.103"><failure message="AssertionError: Found 186 code style errors / warnings:&#10;  ./rse_common_utils/jacobians_odom_imu.py:8:100: E501 line too long (126 &gt; 99 characters)&#10;  ./rse_common_utils/jacobians_odom_imu.py:14:1: E302 expected 2 blank lines, found 1&#10;  ./rse_common_utils/jacobians_odom_imu.py:18:100: E501 line too long (100 &gt; 99 characters)&#10;  ./rse_common_utils/jacobians_odom_imu.py:23:1: E302 expected 2 blank lines, found 1&#10;  ./rse_common_utils/jacobians_odom_imu.py:24:1: W293 blank line contains whitespace&#10;  ./rse_common_utils/jacobians_odom_imu.py:27:75: W291 trailing whitespace&#10;  ./rse_common_utils/jacobians_odom_imu.py:33:100: E501 line too long (134 &gt; 99 characters)&#10;  ./rse_common_utils/jacobians_odom_imu.py:37:23: E225 missing whitespace around operator&#10;  ./rse_common_utils/jacobians_odom_imu.py:70:1: W293 blank line contains whitespace&#10;  ./rse_common_utils/jacobians_odom_imu.py:71:100: E501 line too long (172 &gt; 99 characters)&#10;  ./rse_common_utils/jacobians_odom_imu.py:76:100: E501 line too long (118 &gt; 99 characters)&#10;  ./rse_common_utils/jacobians_odom_imu.py:77:100: E501 line too long (137 &gt; 99 characters)&#10;  ./rse_common_utils/jacobians_odom_imu.py:87:100: E501 line too long (101 &gt; 99 characters)&#10;  ./rse_common_utils/jacobians_odom_imu.py:88:100: E501 line too long (101 &gt; 99 characters)&#10;  ./rse_common_utils/jacobians_odom_imu.py:92:100: E501 line too long (121 &gt; 99 characters)&#10;  ./rse_common_utils/jacobians_odom_imu.py:93:100: E501 line too long (121 &gt; 99 characters)&#10;  ./rse_common_utils/jacobians_odom_imu.py:94:100: E501 line too long (104 &gt; 99 characters)&#10;  ./rse_common_utils/jacobians_odom_imu.py:95:100: E501 line too long (123 &gt; 99 characters)&#10;  ./rse_common_utils/jacobians_odom_imu.py:96:100: E501 line too long (116 &gt; 99 characters)&#10;  ./rse_common_utils/jacobians_odom_imu.py:97:100: E501 line too long (124 &gt; 99 characters)&#10;  ./rse_common_utils/jacobians_odom_imu.py:98:100: E501 line too long (124 &gt; 99 characters)&#10;  ./rse_common_utils/jacobians_odom_imu.py:101:100: E501 line too long (109 &gt; 99 characters)&#10;  ./rse_common_utils/jacobians_odom_imu.py:103:100: E501 line too long (133 &gt; 99 characters)&#10;  ./rse_common_utils/jacobians_odom_imu.py:104:100: E501 line too long (133 &gt; 99 characters)&#10;  ./rse_common_utils/jacobians_odom_imu.py:109:100: E501 line too long (105 &gt; 99 characters)&#10;  ./rse_common_utils/jacobians_odom_imu.py:110:100: E501 line too long (105 &gt; 99 characters)&#10;  ./rse_common_utils/jacobians_odom_imu.py:114:9: E303 too many blank lines (2)&#10;  ./rse_common_utils/jacobians_odom_imu.py:146:1: W293 blank line contains whitespace&#10;  ./rse_common_utils/jacobians_odom_imu.py:147:100: E501 line too long (148 &gt; 99 characters)&#10;  ./rse_common_utils/jacobians_odom_imu.py:150:5: E303 too many blank lines (2)&#10;  ./rse_common_utils/jacobians_odom_imu.py:167:1: W293 blank line contains whitespace&#10;  ./rse_common_utils/jacobians_odom_imu.py:168:5: E303 too many blank lines (2)&#10;  ./rse_common_utils/jacobians_odom_imu.py:178:1: W293 blank line contains whitespace&#10;  ./rse_common_utils/jacobians_odom_imu.py:180:43: E251 unexpected spaces around keyword / parameter equals&#10;  ./rse_common_utils/jacobians_odom_imu.py:180:45: E251 unexpected spaces around keyword / parameter equals&#10;  ./rse_common_utils/jacobians_odom_imu.py:180:72: E251 unexpected spaces around keyword / parameter equals&#10;  ./rse_common_utils/jacobians_odom_imu.py:180:74: E251 unexpected spaces around keyword / parameter equals&#10;  ./rse_common_utils/jacobians_odom_imu.py:193:32: E251 unexpected spaces around keyword / parameter equals&#10;  ./rse_common_utils/jacobians_odom_imu.py:193:34: E251 unexpected spaces around keyword / parameter equals&#10;  ./rse_common_utils/jacobians_odom_imu.py:193:39: E251 unexpected spaces around keyword / parameter equals&#10;  ./rse_common_utils/jacobians_odom_imu.py:193:41: E251 unexpected spaces around keyword / parameter equals&#10;  ./rse_common_utils/jacobians_odom_imu.py:194:1: W293 blank line contains whitespace&#10;  ./rse_common_utils/jacobians_odom_imu.py:196:42: W291 trailing whitespace&#10;  ./rse_common_utils/jacobians_odom_imu.py:199:1: W293 blank line contains whitespace&#10;  ./rse_common_utils/helper_utils.py:6:19: W291 trailing whitespace&#10;  ./rse_common_utils/helper_utils.py:9:1: E302 expected 2 blank lines, found 1&#10;  ./rse_common_utils/helper_utils.py:13:1: E302 expected 2 blank lines, found 1&#10;  ./rse_common_utils/helper_utils.py:18:17: W292 no newline at end of file&#10;  ./rse_common_utils/visualization.py:10:1: F401 'math' imported but unused&#10;  ./rse_common_utils/visualization.py:12:1: E302 expected 2 blank lines, found 1&#10;  ./rse_common_utils/visualization.py:13:29: E251 unexpected spaces around keyword / parameter equals&#10;  ./rse_common_utils/visualization.py:13:31: E251 unexpected spaces around keyword / parameter equals&#10;  ./rse_common_utils/visualization.py:13:69: E251 unexpected spaces around keyword / parameter equals&#10;  ./rse_common_utils/visualization.py:13:71: E251 unexpected spaces around keyword / parameter equals&#10;  ./rse_common_utils/visualization.py:15:100: E501 line too long (108 &gt; 99 characters)&#10;  ./rse_common_utils/visualization.py:16:100: E501 line too long (105 &gt; 99 characters)&#10;  ./rse_common_utils/visualization.py:20:27: W291 trailing whitespace&#10;  ./rse_common_utils/visualization.py:25:100: E501 line too long (100 &gt; 99 characters)&#10;  ./rse_common_utils/visualization.py:64:46: E251 unexpected spaces around keyword / parameter equals&#10;  ./rse_common_utils/visualization.py:64:48: E251 unexpected spaces around keyword / parameter equals&#10;  ./rse_common_utils/visualization.py:64:63: E251 unexpected spaces around keyword / parameter equals&#10;  ./rse_common_utils/visualization.py:64:65: E251 unexpected spaces around keyword / parameter equals&#10;  ./rse_common_utils/visualization.py:64:76: E251 unexpected spaces around keyword / parameter equals&#10;  ./rse_common_utils/visualization.py:64:78: E251 unexpected spaces around keyword / parameter equals&#10;  ./rse_common_utils/visualization.py:83:1: W293 blank line contains whitespace&#10;  ./rse_common_utils/visualization.py:109:9: E265 block comment should start with '# '&#10;  ./rse_common_utils/visualization.py:114:100: E501 line too long (100 &gt; 99 characters)&#10;  ./rse_common_utils/visualization.py:250:19: W292 no newline at end of file&#10;  ./rse_common_utils/plot_jacobians.py:4:1: E302 expected 2 blank lines, found 1&#10;  ./rse_common_utils/plot_jacobians.py:7:1: W293 blank line contains whitespace&#10;  ./rse_common_utils/plot_jacobians.py:22:100: E501 line too long (135 &gt; 99 characters)&#10;  ./rse_common_utils/plot_jacobians.py:27:1: E305 expected 2 blank lines after class or function definition, found 1&#10;  ./rse_common_utils/sensor_utils.py:14:1: E302 expected 2 blank lines, found 1&#10;  ./rse_common_utils/sensor_utils.py:18:1: E302 expected 2 blank lines, found 1&#10;  ./rse_common_utils/sensor_utils.py:24:1: E302 expected 2 blank lines, found 1&#10;  ./rse_common_utils/sensor_utils.py:31:1: E302 expected 2 blank lines, found 1&#10;  ./rse_common_utils/sensor_utils.py:48:1: W293 blank line contains whitespace&#10;  ./rse_common_utils/sensor_utils.py:49:1: E302 expected 2 blank lines, found 1&#10;  ./rse_common_utils/sensor_utils.py:64:1: W293 blank line contains whitespace&#10;  ./rse_common_utils/sensor_utils.py:74:1: E302 expected 2 blank lines, found 1&#10;  ./rse_common_utils/sensor_utils.py:93:1: E302 expected 2 blank lines, found 1&#10;  ./rse_common_utils/sensor_utils.py:108:1: W293 blank line contains whitespace&#10;  ./rse_common_utils/sensor_utils.py:114:1: W293 blank line contains whitespace&#10;  ./rse_common_utils/sensor_utils.py:133:100: E501 line too long (116 &gt; 99 characters)&#10;  ./rse_common_utils/sensor_utils.py:140:1: E302 expected 2 blank lines, found 1&#10;  ./rse_common_utils/sensor_utils.py:144:1: E302 expected 2 blank lines, found 1&#10;  ./rse_common_utils/sensor_utils.py:160:22: E231 missing whitespace after ','&#10;  ./rse_common_utils/sensor_utils.py:169:1: W293 blank line contains whitespace&#10;  ./rse_common_utils/sensor_utils.py:171:1: E266 too many leading '#' for block comment&#10;  ./rse_common_utils/sensor_utils.py:180:1: W293 blank line contains whitespace&#10;  ./rse_common_utils/sensor_utils.py:186:13: E201 whitespace after '('&#10;  ./rse_common_utils/sensor_utils.py:186:51: E202 whitespace before ')'&#10;  ./rse_common_utils/sensor_utils.py:188:15: E201 whitespace after '('&#10;  ./rse_common_utils/sensor_utils.py:188:53: E202 whitespace before ')'&#10;  ./rse_common_utils/sensor_utils.py:193:9: E265 block comment should start with '# '&#10;  ./rse_common_utils/sensor_utils.py:196:68: W291 trailing whitespace&#10;  ./rse_common_utils/sensor_utils.py:205:13: E201 whitespace after '('&#10;  ./rse_common_utils/sensor_utils.py:205:100: E501 line too long (103 &gt; 99 characters)&#10;  ./rse_common_utils/sensor_utils.py:239:1: W293 blank line contains whitespace&#10;  ./rse_common_utils/sensor_utils.py:260:100: E501 line too long (115 &gt; 99 characters)&#10;  ./rse_common_utils/sensor_utils.py:261:1: W293 blank line contains whitespace&#10;  ./rse_common_utils/sensor_utils.py:263:100: E501 line too long (105 &gt; 99 characters)&#10;  ./rse_common_utils/sensor_utils.py:264:100: E501 line too long (125 &gt; 99 characters)&#10;  ./rse_common_utils/sensor_utils.py:265:1: W293 blank line contains whitespace&#10;  ./rse_common_utils/sensor_utils.py:321:1: E302 expected 2 blank lines, found 1&#10;  ./rse_common_utils/sensor_utils.py:330:31: W292 no newline at end of file&#10;  ./rse_common_utils/jacobians.py:14:1: E302 expected 2 blank lines, found 1&#10;  ./rse_common_utils/jacobians.py:18:100: E501 line too long (100 &gt; 99 characters)&#10;  ./rse_common_utils/jacobians.py:23:1: E302 expected 2 blank lines, found 1&#10;  ./rse_common_utils/jacobians.py:24:1: W293 blank line contains whitespace&#10;  ./rse_common_utils/jacobians.py:27:69: W291 trailing whitespace&#10;  ./rse_common_utils/jacobians.py:37:23: E225 missing whitespace around operator&#10;  ./rse_common_utils/jacobians.py:70:1: W293 blank line contains whitespace&#10;  ./rse_common_utils/jacobians.py:71:100: E501 line too long (151 &gt; 99 characters)&#10;  ./rse_common_utils/jacobians.py:103:1: W293 blank line contains whitespace&#10;  ./rse_common_utils/jacobians.py:118:32: E251 unexpected spaces around keyword / parameter equals&#10;  ./rse_common_utils/jacobians.py:118:34: E251 unexpected spaces around keyword / parameter equals&#10;  ./rse_common_utils/jacobians.py:118:39: E251 unexpected spaces around keyword / parameter equals&#10;  ./rse_common_utils/jacobians.py:118:41: E251 unexpected spaces around keyword / parameter equals&#10;  ./rse_common_utils/jacobians.py:119:1: W293 blank line contains whitespace&#10;  ./rse_common_utils/jacobians.py:121:71: W291 trailing whitespace&#10;  ./rse_common_utils/jacobians.py:125:1: E305 expected 2 blank lines after class or function definition, found 1&#10;  ./rse_common_utils/jacobians_odom.py:8:100: E501 line too long (100 &gt; 99 characters)&#10;  ./rse_common_utils/jacobians_odom.py:14:1: E302 expected 2 blank lines, found 1&#10;  ./rse_common_utils/jacobians_odom.py:18:100: E501 line too long (100 &gt; 99 characters)&#10;  ./rse_common_utils/jacobians_odom.py:23:1: E302 expected 2 blank lines, found 1&#10;  ./rse_common_utils/jacobians_odom.py:24:1: W293 blank line contains whitespace&#10;  ./rse_common_utils/jacobians_odom.py:27:71: W291 trailing whitespace&#10;  ./rse_common_utils/jacobians_odom.py:68:1: W293 blank line contains whitespace&#10;  ./rse_common_utils/jacobians_odom.py:80:1: W293 blank line contains whitespace&#10;  ./rse_common_utils/jacobians_odom.py:81:100: E501 line too long (151 &gt; 99 characters)&#10;  ./rse_common_utils/jacobians_odom.py:113:1: W293 blank line contains whitespace&#10;  ./rse_common_utils/jacobians_odom.py:128:32: E251 unexpected spaces around keyword / parameter equals&#10;  ./rse_common_utils/jacobians_odom.py:128:34: E251 unexpected spaces around keyword / parameter equals&#10;  ./rse_common_utils/jacobians_odom.py:128:39: E251 unexpected spaces around keyword / parameter equals&#10;  ./rse_common_utils/jacobians_odom.py:128:41: E251 unexpected spaces around keyword / parameter equals&#10;  ./rse_common_utils/jacobians_odom.py:129:1: W293 blank line contains whitespace&#10;  ./rse_common_utils/jacobians_odom.py:131:71: W291 trailing whitespace&#10;  ./rse_common_utils/jacobians_odom.py:135:1: E305 expected 2 blank lines after class or function definition, found 1&#10;  ./rse_common_utils/sampling_utils.py:5:1: E302 expected 2 blank lines, found 1&#10;  ./rse_common_utils/sampling_utils.py:10:1: E303 too many blank lines (3)&#10;  ./rse_common_utils/sampling_utils.py:11:1: W191 indentation contains tabs&#10;  ./rse_common_utils/sampling_utils.py:11:1: E101 indentation contains mixed spaces and tabs&#10;  ./rse_common_utils/sampling_utils.py:11:2: E117 over-indented (comment)&#10;  ./rse_common_utils/sampling_utils.py:12:1: W191 indentation contains tabs&#10;  ./rse_common_utils/sampling_utils.py:12:1: E101 indentation contains mixed spaces and tabs&#10;  ./rse_common_utils/sampling_utils.py:12:2: E117 over-indented&#10;  ./rse_common_utils/sampling_utils.py:13:1: W191 indentation contains tabs&#10;  ./rse_common_utils/sampling_utils.py:13:1: E101 indentation contains mixed spaces and tabs&#10;  ./rse_common_utils/sampling_utils.py:15:1: W191 indentation contains tabs&#10;  ./rse_common_utils/sampling_utils.py:15:1: E101 indentation contains mixed spaces and tabs&#10;  ./rse_common_utils/sampling_utils.py:17:1: W191 indentation contains tabs&#10;  ./rse_common_utils/sampling_utils.py:17:1: E101 indentation contains mixed spaces and tabs&#10;  ./rse_common_utils/sampling_utils.py:18:1: W191 indentation contains tabs&#10;  ./rse_common_utils/sampling_utils.py:18:1: E101 indentation contains mixed spaces and tabs&#10;  ./rse_common_utils/sampling_utils.py:20:1: W191 indentation contains tabs&#10;  ./rse_common_utils/sampling_utils.py:20:1: E101 indentation contains mixed spaces and tabs&#10;  ./rse_common_utils/sampling_utils.py:21:1: W191 indentation contains tabs&#10;  ./rse_common_utils/sampling_utils.py:21:1: E101 indentation contains mixed spaces and tabs&#10;  ./rse_common_utils/sampling_utils.py:23:1: W191 indentation contains tabs&#10;  ./rse_common_utils/sampling_utils.py:23:1: E101 indentation contains mixed spaces and tabs&#10;  ./rse_common_utils/sampling_utils.py:24:1: W191 indentation contains tabs&#10;  ./rse_common_utils/sampling_utils.py:24:1: E101 indentation contains mixed spaces and tabs&#10;  ./rse_common_utils/sampling_utils.py:25:1: W191 indentation contains tabs&#10;  ./rse_common_utils/sampling_utils.py:25:1: E101 indentation contains mixed spaces and tabs&#10;  ./rse_common_utils/sampling_utils.py:26:1: W191 indentation contains tabs&#10;  ./rse_common_utils/sampling_utils.py:26:1: E101 indentation contains mixed spaces and tabs&#10;  ./rse_common_utils/sampling_utils.py:28:1: W191 indentation contains tabs&#10;  ./rse_common_utils/sampling_utils.py:28:1: E101 indentation contains mixed spaces and tabs&#10;  ./rse_common_utils/sampling_utils.py:29:1: W191 indentation contains tabs&#10;  ./rse_common_utils/sampling_utils.py:29:1: E101 indentation contains mixed spaces and tabs&#10;  ./rse_common_utils/sampling_utils.py:31:1: E305 expected 2 blank lines after class or function definition, found 1&#10;  ./rse_common_utils/sampling_utils.py:32:1: W191 indentation contains tabs&#10;  ./rse_common_utils/sampling_utils.py:32:1: E101 indentation contains mixed spaces and tabs&#10;  ./rse_common_utils/sampling_utils.py:32:2: E117 over-indented&#10;  ./rse_common_utils/sampling_utils.py:32:8: W292 no newline at end of file&#10;  ./rse_common_utils/visualization_3D.py:2:1: F401 'mpl_toolkits.mplot3d.Axes3D' imported but unused&#10;  ./rse_common_utils/visualization_3D.py:4:1: F401 'matplotlib.patches.Ellipse' imported but unused&#10;  ./rse_common_utils/visualization_3D.py:7:1: E302 expected 2 blank lines, found 1&#10;  ./rse_common_utils/visualization_3D.py:11:100: E501 line too long (112 &gt; 99 characters)&#10;  ./rse_common_utils/visualization_3D.py:12:100: E501 line too long (113 &gt; 99 characters)&#10;  ./rse_common_utils/visualization_3D.py:13:100: E501 line too long (104 &gt; 99 characters)&#10;  ./rse_common_utils/visualization_3D.py:105:100: E501 line too long (114 &gt; 99 characters)&#10;  ./rse_common_utils/visualization_3D.py:114:5: F841 local variable 'kf_cov' is assigned to but never used&#10;  ./rse_common_utils/visualization_3D.py:119:1: E305 expected 2 blank lines after class or function definition, found 1&#10;  ./rse_common_utils/visualization_3D.py:120:11: W292 no newline at end of file&#10;assert 1 == 0">test/test_flake8.py:23: in test_flake8
    assert rc == 0, \
E   AssertionError: Found 186 code style errors / warnings:
E     ./rse_common_utils/jacobians_odom_imu.py:8:100: E501 line too long (126 &gt; 99 characters)
E     ./rse_common_utils/jacobians_odom_imu.py:14:1: E302 expected 2 blank lines, found 1
E     ./rse_common_utils/jacobians_odom_imu.py:18:100: E501 line too long (100 &gt; 99 characters)
E     ./rse_common_utils/jacobians_odom_imu.py:23:1: E302 expected 2 blank lines, found 1
E     ./rse_common_utils/jacobians_odom_imu.py:24:1: W293 blank line contains whitespace
E     ./rse_common_utils/jacobians_odom_imu.py:27:75: W291 trailing whitespace
E     ./rse_common_utils/jacobians_odom_imu.py:33:100: E501 line too long (134 &gt; 99 characters)
E     ./rse_common_utils/jacobians_odom_imu.py:37:23: E225 missing whitespace around operator
E     ./rse_common_utils/jacobians_odom_imu.py:70:1: W293 blank line contains whitespace
E     ./rse_common_utils/jacobians_odom_imu.py:71:100: E501 line too long (172 &gt; 99 characters)
E     ./rse_common_utils/jacobians_odom_imu.py:76:100: E501 line too long (118 &gt; 99 characters)
E     ./rse_common_utils/jacobians_odom_imu.py:77:100: E501 line too long (137 &gt; 99 characters)
E     ./rse_common_utils/jacobians_odom_imu.py:87:100: E501 line too long (101 &gt; 99 characters)
E     ./rse_common_utils/jacobians_odom_imu.py:88:100: E501 line too long (101 &gt; 99 characters)
E     ./rse_common_utils/jacobians_odom_imu.py:92:100: E501 line too long (121 &gt; 99 characters)
E     ./rse_common_utils/jacobians_odom_imu.py:93:100: E501 line too long (121 &gt; 99 characters)
E     ./rse_common_utils/jacobians_odom_imu.py:94:100: E501 line too long (104 &gt; 99 characters)
E     ./rse_common_utils/jacobians_odom_imu.py:95:100: E501 line too long (123 &gt; 99 characters)
E     ./rse_common_utils/jacobians_odom_imu.py:96:100: E501 line too long (116 &gt; 99 characters)
E     ./rse_common_utils/jacobians_odom_imu.py:97:100: E501 line too long (124 &gt; 99 characters)
E     ./rse_common_utils/jacobians_odom_imu.py:98:100: E501 line too long (124 &gt; 99 characters)
E     ./rse_common_utils/jacobians_odom_imu.py:101:100: E501 line too long (109 &gt; 99 characters)
E     ./rse_common_utils/jacobians_odom_imu.py:103:100: E501 line too long (133 &gt; 99 characters)
E     ./rse_common_utils/jacobians_odom_imu.py:104:100: E501 line too long (133 &gt; 99 characters)
E     ./rse_common_utils/jacobians_odom_imu.py:109:100: E501 line too long (105 &gt; 99 characters)
E     ./rse_common_utils/jacobians_odom_imu.py:110:100: E501 line too long (105 &gt; 99 characters)
E     ./rse_common_utils/jacobians_odom_imu.py:114:9: E303 too many blank lines (2)
E     ./rse_common_utils/jacobians_odom_imu.py:146:1: W293 blank line contains whitespace
E     ./rse_common_utils/jacobians_odom_imu.py:147:100: E501 line too long (148 &gt; 99 characters)
E     ./rse_common_utils/jacobians_odom_imu.py:150:5: E303 too many blank lines (2)
E     ./rse_common_utils/jacobians_odom_imu.py:167:1: W293 blank line contains whitespace
E     ./rse_common_utils/jacobians_odom_imu.py:168:5: E303 too many blank lines (2)
E     ./rse_common_utils/jacobians_odom_imu.py:178:1: W293 blank line contains whitespace
E     ./rse_common_utils/jacobians_odom_imu.py:180:43: E251 unexpected spaces around keyword / parameter equals
E     ./rse_common_utils/jacobians_odom_imu.py:180:45: E251 unexpected spaces around keyword / parameter equals
E     ./rse_common_utils/jacobians_odom_imu.py:180:72: E251 unexpected spaces around keyword / parameter equals
E     ./rse_common_utils/jacobians_odom_imu.py:180:74: E251 unexpected spaces around keyword / parameter equals
E     ./rse_common_utils/jacobians_odom_imu.py:193:32: E251 unexpected spaces around keyword / parameter equals
E     ./rse_common_utils/jacobians_odom_imu.py:193:34: E251 unexpected spaces around keyword / parameter equals
E     ./rse_common_utils/jacobians_odom_imu.py:193:39: E251 unexpected spaces around keyword / parameter equals
E     ./rse_common_utils/jacobians_odom_imu.py:193:41: E251 unexpected spaces around keyword / parameter equals
E     ./rse_common_utils/jacobians_odom_imu.py:194:1: W293 blank line contains whitespace
E     ./rse_common_utils/jacobians_odom_imu.py:196:42: W291 trailing whitespace
E     ./rse_common_utils/jacobians_odom_imu.py:199:1: W293 blank line contains whitespace
E     ./rse_common_utils/helper_utils.py:6:19: W291 trailing whitespace
E     ./rse_common_utils/helper_utils.py:9:1: E302 expected 2 blank lines, found 1
E     ./rse_common_utils/helper_utils.py:13:1: E302 expected 2 blank lines, found 1
E     ./rse_common_utils/helper_utils.py:18:17: W292 no newline at end of file
E     ./rse_common_utils/visualization.py:10:1: F401 'math' imported but unused
E     ./rse_common_utils/visualization.py:12:1: E302 expected 2 blank lines, found 1
E     ./rse_common_utils/visualization.py:13:29: E251 unexpected spaces around keyword / parameter equals
E     ./rse_common_utils/visualization.py:13:31: E251 unexpected spaces around keyword / parameter equals
E     ./rse_common_utils/visualization.py:13:69: E251 unexpected spaces around keyword / parameter equals
E     ./rse_common_utils/visualization.py:13:71: E251 unexpected spaces around keyword / parameter equals
E     ./rse_common_utils/visualization.py:15:100: E501 line too long (108 &gt; 99 characters)
E     ./rse_common_utils/visualization.py:16:100: E501 line too long (105 &gt; 99 characters)
E     ./rse_common_utils/visualization.py:20:27: W291 trailing whitespace
E     ./rse_common_utils/visualization.py:25:100: E501 line too long (100 &gt; 99 characters)
E     ./rse_common_utils/visualization.py:64:46: E251 unexpected spaces around keyword / parameter equals
E     ./rse_common_utils/visualization.py:64:48: E251 unexpected spaces around keyword / parameter equals
E     ./rse_common_utils/visualization.py:64:63: E251 unexpected spaces around keyword / parameter equals
E     ./rse_common_utils/visualization.py:64:65: E251 unexpected spaces around keyword / parameter equals
E     ./rse_common_utils/visualization.py:64:76: E251 unexpected spaces around keyword / parameter equals
E     ./rse_common_utils/visualization.py:64:78: E251 unexpected spaces around keyword / parameter equals
E     ./rse_common_utils/visualization.py:83:1: W293 blank line contains whitespace
E     ./rse_common_utils/visualization.py:109:9: E265 block comment should start with '# '
E     ./rse_common_utils/visualization.py:114:100: E501 line too long (100 &gt; 99 characters)
E     ./rse_common_utils/visualization.py:250:19: W292 no newline at end of file
E     ./rse_common_utils/plot_jacobians.py:4:1: E302 expected 2 blank lines, found 1
E     ./rse_common_utils/plot_jacobians.py:7:1: W293 blank line contains whitespace
E     ./rse_common_utils/plot_jacobians.py:22:100: E501 line too long (135 &gt; 99 characters)
E     ./rse_common_utils/plot_jacobians.py:27:1: E305 expected 2 blank lines after class or function definition, found 1
E     ./rse_common_utils/sensor_utils.py:14:1: E302 expected 2 blank lines, found 1
E     ./rse_common_utils/sensor_utils.py:18:1: E302 expected 2 blank lines, found 1
E     ./rse_common_utils/sensor_utils.py:24:1: E302 expected 2 blank lines, found 1
E     ./rse_common_utils/sensor_utils.py:31:1: E302 expected 2 blank lines, found 1
E     ./rse_common_utils/sensor_utils.py:48:1: W293 blank line contains whitespace
E     ./rse_common_utils/sensor_utils.py:49:1: E302 expected 2 blank lines, found 1
E     ./rse_common_utils/sensor_utils.py:64:1: W293 blank line contains whitespace
E     ./rse_common_utils/sensor_utils.py:74:1: E302 expected 2 blank lines, found 1
E     ./rse_common_utils/sensor_utils.py:93:1: E302 expected 2 blank lines, found 1
E     ./rse_common_utils/sensor_utils.py:108:1: W293 blank line contains whitespace
E     ./rse_common_utils/sensor_utils.py:114:1: W293 blank line contains whitespace
E     ./rse_common_utils/sensor_utils.py:133:100: E501 line too long (116 &gt; 99 characters)
E     ./rse_common_utils/sensor_utils.py:140:1: E302 expected 2 blank lines, found 1
E     ./rse_common_utils/sensor_utils.py:144:1: E302 expected 2 blank lines, found 1
E     ./rse_common_utils/sensor_utils.py:160:22: E231 missing whitespace after ','
E     ./rse_common_utils/sensor_utils.py:169:1: W293 blank line contains whitespace
E     ./rse_common_utils/sensor_utils.py:171:1: E266 too many leading '#' for block comment
E     ./rse_common_utils/sensor_utils.py:180:1: W293 blank line contains whitespace
E     ./rse_common_utils/sensor_utils.py:186:13: E201 whitespace after '('
E     ./rse_common_utils/sensor_utils.py:186:51: E202 whitespace before ')'
E     ./rse_common_utils/sensor_utils.py:188:15: E201 whitespace after '('
E     ./rse_common_utils/sensor_utils.py:188:53: E202 whitespace before ')'
E     ./rse_common_utils/sensor_utils.py:193:9: E265 block comment should start with '# '
E     ./rse_common_utils/sensor_utils.py:196:68: W291 trailing whitespace
E     ./rse_common_utils/sensor_utils.py:205:13: E201 whitespace after '('
E     ./rse_common_utils/sensor_utils.py:205:100: E501 line too long (103 &gt; 99 characters)
E     ./rse_common_utils/sensor_utils.py:239:1: W293 blank line contains whitespace
E     ./rse_common_utils/sensor_utils.py:260:100: E501 line too long (115 &gt; 99 characters)
E     ./rse_common_utils/sensor_utils.py:261:1: W293 blank line contains whitespace
E     ./rse_common_utils/sensor_utils.py:263:100: E501 line too long (105 &gt; 99 characters)
E     ./rse_common_utils/sensor_utils.py:264:100: E501 line too long (125 &gt; 99 characters)
E     ./rse_common_utils/sensor_utils.py:265:1: W293 blank line contains whitespace
E     ./rse_common_utils/sensor_utils.py:321:1: E302 expected 2 blank lines, found 1
E     ./rse_common_utils/sensor_utils.py:330:31: W292 no newline at end of file
E     ./rse_common_utils/jacobians.py:14:1: E302 expected 2 blank lines, found 1
E     ./rse_common_utils/jacobians.py:18:100: E501 line too long (100 &gt; 99 characters)
E     ./rse_common_utils/jacobians.py:23:1: E302 expected 2 blank lines, found 1
E     ./rse_common_utils/jacobians.py:24:1: W293 blank line contains whitespace
E     ./rse_common_utils/jacobians.py:27:69: W291 trailing whitespace
E     ./rse_common_utils/jacobians.py:37:23: E225 missing whitespace around operator
E     ./rse_common_utils/jacobians.py:70:1: W293 blank line contains whitespace
E     ./rse_common_utils/jacobians.py:71:100: E501 line too long (151 &gt; 99 characters)
E     ./rse_common_utils/jacobians.py:103:1: W293 blank line contains whitespace
E     ./rse_common_utils/jacobians.py:118:32: E251 unexpected spaces around keyword / parameter equals
E     ./rse_common_utils/jacobians.py:118:34: E251 unexpected spaces around keyword / parameter equals
E     ./rse_common_utils/jacobians.py:118:39: E251 unexpected spaces around keyword / parameter equals
E     ./rse_common_utils/jacobians.py:118:41: E251 unexpected spaces around keyword / parameter equals
E     ./rse_common_utils/jacobians.py:119:1: W293 blank line contains whitespace
E     ./rse_common_utils/jacobians.py:121:71: W291 trailing whitespace
E     ./rse_common_utils/jacobians.py:125:1: E305 expected 2 blank lines after class or function definition, found 1
E     ./rse_common_utils/jacobians_odom.py:8:100: E501 line too long (100 &gt; 99 characters)
E     ./rse_common_utils/jacobians_odom.py:14:1: E302 expected 2 blank lines, found 1
E     ./rse_common_utils/jacobians_odom.py:18:100: E501 line too long (100 &gt; 99 characters)
E     ./rse_common_utils/jacobians_odom.py:23:1: E302 expected 2 blank lines, found 1
E     ./rse_common_utils/jacobians_odom.py:24:1: W293 blank line contains whitespace
E     ./rse_common_utils/jacobians_odom.py:27:71: W291 trailing whitespace
E     ./rse_common_utils/jacobians_odom.py:68:1: W293 blank line contains whitespace
E     ./rse_common_utils/jacobians_odom.py:80:1: W293 blank line contains whitespace
E     ./rse_common_utils/jacobians_odom.py:81:100: E501 line too long (151 &gt; 99 characters)
E     ./rse_common_utils/jacobians_odom.py:113:1: W293 blank line contains whitespace
E     ./rse_common_utils/jacobians_odom.py:128:32: E251 unexpected spaces around keyword / parameter equals
E     ./rse_common_utils/jacobians_odom.py:128:34: E251 unexpected spaces around keyword / parameter equals
E     ./rse_common_utils/jacobians_odom.py:128:39: E251 unexpected spaces around keyword / parameter equals
E     ./rse_common_utils/jacobians_odom.py:128:41: E251 unexpected spaces around keyword / parameter equals
E     ./rse_common_utils/jacobians_odom.py:129:1: W293 blank line contains whitespace
E     ./rse_common_utils/jacobians_odom.py:131:71: W291 trailing whitespace
E     ./rse_common_utils/jacobians_odom.py:135:1: E305 expected 2 blank lines after class or function definition, found 1
E     ./rse_common_utils/sampling_utils.py:5:1: E302 expected 2 blank lines, found 1
E     ./rse_common_utils/sampling_utils.py:10:1: E303 too many blank lines (3)
E     ./rse_common_utils/sampling_utils.py:11:1: W191 indentation contains tabs
E     ./rse_common_utils/sampling_utils.py:11:1: E101 indentation contains mixed spaces and tabs
E     ./rse_common_utils/sampling_utils.py:11:2: E117 over-indented (comment)
E     ./rse_common_utils/sampling_utils.py:12:1: W191 indentation contains tabs
E     ./rse_common_utils/sampling_utils.py:12:1: E101 indentation contains mixed spaces and tabs
E     ./rse_common_utils/sampling_utils.py:12:2: E117 over-indented
E     ./rse_common_utils/sampling_utils.py:13:1: W191 indentation contains tabs
E     ./rse_common_utils/sampling_utils.py:13:1: E101 indentation contains mixed spaces and tabs
E     ./rse_common_utils/sampling_utils.py:15:1: W191 indentation contains tabs
E     ./rse_common_utils/sampling_utils.py:15:1: E101 indentation contains mixed spaces and tabs
E     ./rse_common_utils/sampling_utils.py:17:1: W191 indentation contains tabs
E     ./rse_common_utils/sampling_utils.py:17:1: E101 indentation contains mixed spaces and tabs
E     ./rse_common_utils/sampling_utils.py:18:1: W191 indentation contains tabs
E     ./rse_common_utils/sampling_utils.py:18:1: E101 indentation contains mixed spaces and tabs
E     ./rse_common_utils/sampling_utils.py:20:1: W191 indentation contains tabs
E     ./rse_common_utils/sampling_utils.py:20:1: E101 indentation contains mixed spaces and tabs
E     ./rse_common_utils/sampling_utils.py:21:1: W191 indentation contains tabs
E     ./rse_common_utils/sampling_utils.py:21:1: E101 indentation contains mixed spaces and tabs
E     ./rse_common_utils/sampling_utils.py:23:1: W191 indentation contains tabs
E     ./rse_common_utils/sampling_utils.py:23:1: E101 indentation contains mixed spaces and tabs
E     ./rse_common_utils/sampling_utils.py:24:1: W191 indentation contains tabs
E     ./rse_common_utils/sampling_utils.py:24:1: E101 indentation contains mixed spaces and tabs
E     ./rse_common_utils/sampling_utils.py:25:1: W191 indentation contains tabs
E     ./rse_common_utils/sampling_utils.py:25:1: E101 indentation contains mixed spaces and tabs
E     ./rse_common_utils/sampling_utils.py:26:1: W191 indentation contains tabs
E     ./rse_common_utils/sampling_utils.py:26:1: E101 indentation contains mixed spaces and tabs
E     ./rse_common_utils/sampling_utils.py:28:1: W191 indentation contains tabs
E     ./rse_common_utils/sampling_utils.py:28:1: E101 indentation contains mixed spaces and tabs
E     ./rse_common_utils/sampling_utils.py:29:1: W191 indentation contains tabs
E     ./rse_common_utils/sampling_utils.py:29:1: E101 indentation contains mixed spaces and tabs
E     ./rse_common_utils/sampling_utils.py:31:1: E305 expected 2 blank lines after class or function definition, found 1
E     ./rse_common_utils/sampling_utils.py:32:1: W191 indentation contains tabs
E     ./rse_common_utils/sampling_utils.py:32:1: E101 indentation contains mixed spaces and tabs
E     ./rse_common_utils/sampling_utils.py:32:2: E117 over-indented
E     ./rse_common_utils/sampling_utils.py:32:8: W292 no newline at end of file
E     ./rse_common_utils/visualization_3D.py:2:1: F401 'mpl_toolkits.mplot3d.Axes3D' imported but unused
E     ./rse_common_utils/visualization_3D.py:4:1: F401 'matplotlib.patches.Ellipse' imported but unused
E     ./rse_common_utils/visualization_3D.py:7:1: E302 expected 2 blank lines, found 1
E     ./rse_common_utils/visualization_3D.py:11:100: E501 line too long (112 &gt; 99 characters)
E     ./rse_common_utils/visualization_3D.py:12:100: E501 line too long (113 &gt; 99 characters)
E     ./rse_common_utils/visualization_3D.py:13:100: E501 line too long (104 &gt; 99 characters)
E     ./rse_common_utils/visualization_3D.py:105:100: E501 line too long (114 &gt; 99 characters)
E     ./rse_common_utils/visualization_3D.py:114:5: F841 local variable 'kf_cov' is assigned to but never used
E     ./rse_common_utils/visualization_3D.py:119:1: E305 expected 2 blank lines after class or function definition, found 1
E     ./rse_common_utils/visualization_3D.py:120:11: W292 no newline at end of file
E   assert 1 == 0</failure></testcase><testcase classname="rse_common_utils.test.test_pep257" name="test_pep257" time="0.052"><failure message="AssertionError: Found code style errors / warnings&#10;assert 1 == 0">test/test_pep257.py:23: in test_pep257
    assert rc == 0, 'Found code style errors / warnings'
E   AssertionError: Found code style errors / warnings
E   assert 1 == 0</failure></testcase></testsuite></testsuites>