<?xml version="1.0" encoding="utf-8"?><testsuites><testsuite name="pytest" errors="0" failures="1" skipped="1" tests="3" time="0.157" timestamp="2026-09-07T18:47:01.591880" hostname="Alienware"><testcase classname="rse_sensor_models.test.test_copyright" name="test_copyright" time="0.000"><skipped type="pytest.skip" message="No copyright header has been placed in the generated source file.">/home/jjy/ros2_ws/src/rse_prob_robotics/rse_sensor_models/test/test_copyright.py:20: No copyright header has been placed in the generated source file.</skipped></testcase><testcase classname="rse_sensor_models.test.test_flake8" name="test_flake8" time="0.077"><failure message="AssertionError: Found 42 code style errors / warnings:&#10;  ./rse_sensor_models/inverse_sensor_models.py:8:1: W191 indentation contains tabs&#10;  ./rse_sensor_models/inverse_sensor_models.py:9:1: W191 indentation contains tabs&#10;  ./rse_sensor_models/inverse_sensor_models.py:10:1: W191 indentation contains tabs&#10;  ./rse_sensor_models/inverse_sensor_models.py:12:1: W191 indentation contains tabs&#10;  ./rse_sensor_models/inverse_sensor_models.py:14:1: W191 indentation contains tabs&#10;  ./rse_sensor_models/inverse_sensor_models.py:16:1: W191 indentation contains tabs&#10;  ./rse_sensor_models/inverse_sensor_models.py:16:6: E203 whitespace before ','&#10;  ./rse_sensor_models/inverse_sensor_models.py:16:18: E261 at least two spaces before inline comment&#10;  ./rse_sensor_models/inverse_sensor_models.py:17:1: W191 indentation contains tabs&#10;  ./rse_sensor_models/inverse_sensor_models.py:17:20: E261 at least two spaces before inline comment&#10;  ./rse_sensor_models/inverse_sensor_models.py:18:1: W191 indentation contains tabs&#10;  ./rse_sensor_models/inverse_sensor_models.py:18:40: E261 at least two spaces before inline comment&#10;  ./rse_sensor_models/inverse_sensor_models.py:18:100: E501 line too long (130 &gt; 99 characters)&#10;  ./rse_sensor_models/inverse_sensor_models.py:20:1: W191 indentation contains tabs&#10;  ./rse_sensor_models/inverse_sensor_models.py:21:1: W191 indentation contains tabs&#10;  ./rse_sensor_models/inverse_sensor_models.py:22:1: W191 indentation contains tabs&#10;  ./rse_sensor_models/inverse_sensor_models.py:24:1: W191 indentation contains tabs&#10;  ./rse_sensor_models/inverse_sensor_models.py:24:100: E501 line too long (108 &gt; 99 characters)&#10;  ./rse_sensor_models/inverse_sensor_models.py:25:1: W191 indentation contains tabs&#10;  ./rse_sensor_models/inverse_sensor_models.py:26:1: W191 indentation contains tabs&#10;  ./rse_sensor_models/inverse_sensor_models.py:27:1: W191 indentation contains tabs&#10;  ./rse_sensor_models/inverse_sensor_models.py:28:1: W191 indentation contains tabs&#10;  ./rse_sensor_models/inverse_sensor_models.py:29:1: W191 indentation contains tabs&#10;  ./rse_sensor_models/inverse_sensor_models.py:30:1: W191 indentation contains tabs&#10;  ./rse_sensor_models/inverse_sensor_models.py:30:1: W293 blank line contains whitespace&#10;  ./rse_sensor_models/inverse_sensor_models.py:31:1: W191 indentation contains tabs&#10;  ./rse_sensor_models/inverse_sensor_models.py:33:1: W191 indentation contains tabs&#10;  ./rse_sensor_models/inverse_sensor_models.py:33:6: E203 whitespace before ','&#10;  ./rse_sensor_models/inverse_sensor_models.py:33:18: E261 at least two spaces before inline comment&#10;  ./rse_sensor_models/inverse_sensor_models.py:34:1: W191 indentation contains tabs&#10;  ./rse_sensor_models/inverse_sensor_models.py:34:20: E261 at least two spaces before inline comment&#10;  ./rse_sensor_models/inverse_sensor_models.py:35:1: W191 indentation contains tabs&#10;  ./rse_sensor_models/inverse_sensor_models.py:35:40: E261 at least two spaces before inline comment&#10;  ./rse_sensor_models/inverse_sensor_models.py:35:100: E501 line too long (130 &gt; 99 characters)&#10;  ./rse_sensor_models/inverse_sensor_models.py:37:1: W191 indentation contains tabs&#10;  ./rse_sensor_models/inverse_sensor_models.py:38:1: W191 indentation contains tabs&#10;  ./rse_sensor_models/inverse_sensor_models.py:39:1: W191 indentation contains tabs&#10;  ./rse_sensor_models/inverse_sensor_models.py:41:1: W191 indentation contains tabs&#10;  ./rse_sensor_models/inverse_sensor_models.py:42:1: W191 indentation contains tabs&#10;  ./rse_sensor_models/inverse_sensor_models.py:43:1: W191 indentation contains tabs&#10;  ./rse_sensor_models/inverse_sensor_models.py:44:1: W191 indentation contains tabs&#10;  ./rse_sensor_models/inverse_sensor_models.py:61:1: W391 blank line at end of file&#10;assert 1 == 0">test/test_flake8.py:23: in test_flake8
    assert rc == 0, \
E   AssertionError: Found 42 code style errors / warnings:
E     ./rse_sensor_models/inverse_sensor_models.py:8:1: W191 indentation contains tabs
E     ./rse_sensor_models/inverse_sensor_models.py:9:1: W191 indentation contains tabs
E     ./rse_sensor_models/inverse_sensor_models.py:10:1: W191 indentation contains tabs
E     ./rse_sensor_models/inverse_sensor_models.py:12:1: W191 indentation contains tabs
E     ./rse_sensor_models/inverse_sensor_models.py:14:1: W191 indentation contains tabs
E     ./rse_sensor_models/inverse_sensor_models.py:16:1: W191 indentation contains tabs
E     ./rse_sensor_models/inverse_sensor_models.py:16:6: E203 whitespace before ','
E     ./rse_sensor_models/inverse_sensor_models.py:16:18: E261 at least two spaces before inline comment
E     ./rse_sensor_models/inverse_sensor_models.py:17:1: W191 indentation contains tabs
E     ./rse_sensor_models/inverse_sensor_models.py:17:20: E261 at least two spaces before inline comment
E     ./rse_sensor_models/inverse_sensor_models.py:18:1: W191 indentation contains tabs
E     ./rse_sensor_models/inverse_sensor_models.py:18:40: E261 at least two spaces before inline comment
E     ./rse_sensor_models/inverse_sensor_models.py:18:100: E501 line too long (130 &gt; 99 characters)
E     ./rse_sensor_models/inverse_sensor_models.py:20:1: W191 indentation contains tabs
E     ./rse_sensor_models/inverse_sensor_models.py:21:1: W191 indentation contains tabs
E     ./rse_sensor_models/inverse_sensor_models.py:22:1: W191 indentation contains tabs
E     ./rse_sensor_models/inverse_sensor_models.py:24:1: W191 indentation contains tabs
E     ./rse_sensor_models/inverse_sensor_models.py:24:100: E501 line too long (108 &gt; 99 characters)
E     ./rse_sensor_models/inverse_sensor_models.py:25:1: W191 indentation contains tabs
E     ./rse_sensor_models/inverse_sensor_models.py:26:1: W191 indentation contains tabs
E     ./rse_sensor_models/inverse_sensor_models.py:27:1: W191 indentation contains tabs
E     ./rse_sensor_models/inverse_sensor_models.py:28:1: W191 indentation contains tabs
E     ./rse_sensor_models/inverse_sensor_models.py:29:1: W191 indentation contains tabs
E     ./rse_sensor_models/inverse_sensor_models.py:30:1: W191 indentation contains tabs
E     ./rse_sensor_models/inverse_sensor_models.py:30:1: W293 blank line contains whitespace
E     ./rse_sensor_models/inverse_sensor_models.py:31:1: W191 indentation contains tabs
E     ./rse_sensor_models/inverse_sensor_models.py:33:1: W191 indentation contains tabs
E     ./rse_sensor_models/inverse_sensor_models.py:33:6: E203 whitespace before ','
E     ./rse_sensor_models/inverse_sensor_models.py:33:18: E261 at least two spaces before inline comment
E     ./rse_sensor_models/inverse_sensor_models.py:34:1: W191 indentation contains tabs
E     ./rse_sensor_models/inverse_sensor_models.py:34:20: E261 at least two spaces before inline comment
E     ./rse_sensor_models/inverse_sensor_models.py:35:1: W191 indentation contains tabs
E     ./rse_sensor_models/inverse_sensor_models.py:35:40: E261 at least two spaces before inline comment
E     ./rse_sensor_models/inverse_sensor_models.py:35:100: E501 line too long (130 &gt; 99 characters)
E     ./rse_sensor_models/inverse_sensor_models.py:37:1: W191 indentation contains tabs
E     ./rse_sensor_models/inverse_sensor_models.py:38:1: W191 indentation contains tabs
E     ./rse_sensor_models/inverse_sensor_models.py:39:1: W191 indentation contains tabs
E     ./rse_sensor_models/inverse_sensor_models.py:41:1: W191 indentation contains tabs
E     ./rse_sensor_models/inverse_sensor_models.py:42:1: W191 indentation contains tabs
E     ./rse_sensor_models/inverse_sensor_models.py:43:1: W191 indentation contains tabs
E     ./rse_sensor_models/inverse_sensor_models.py:44:1: W191 indentation contains tabs
E     ./rse_sensor_models/inverse_sensor_models.py:61:1: W391 blank line at end of file
E   assert 1 == 0</failure></testcase><testcase classname="rse_sensor_models.test.test_pep257" name="test_pep257" time="0.012" /></testsuite></testsuites>